0001-1000-easy-python/0001-two-sum
0001-1000-medium-python/0002-add-two-numbers
0001-1000-medium-python/0003-longest-substring-without-repeating-characters
0001-1000-hard-python/0004-median-of-two-sorted-arrays
0001-1000-medium-python/0005-longest-palindromic-substring
0001-1000-medium-python/0006-zigzag-conversion
0001-1000-medium-python/0007-reverse-integer
0001-1000-medium-python/0008-string-to-integer-atoi
0001-1000-easy-python/0009-palindrome-number
0001-1000-hard-python/0010-regular-expression-matching
0001-1000-medium-python/0011-container-with-most-water
0001-1000-medium-python/0012-integer-to-roman
0001-1000-easy-python/0013-roman-to-integer
0001-1000-easy-python/0014-longest-common-prefix
0001-1000-medium-python/0015-3sum
0001-1000-medium-python/0016-3sum-closest
0001-1000-medium-python/0017-letter-combinations-of-a-phone-number
0001-1000-medium-python/0018-4sum
0001-1000-medium-python/0019-remove-nth-node-from-end-of-list
0001-1000-easy-python/0020-valid-parentheses
0001-1000-easy-python/0021-merge-two-sorted-lists
0001-1000-medium-python/0022-generate-parentheses
0001-1000-hard-python/0023-merge-k-sorted-lists
0001-1000-medium-python/0024-swap-nodes-in-pairs
0001-1000-hard-python/0025-reverse-nodes-in-k-group
0001-1000-easy-python/0026-remove-duplicates-from-sorted-array
0001-1000-easy-python/0027-remove-element
0001-1000-easy-python/0028-find-the-index-of-the-first-occurrence-in-a-string
0001-1000-medium-python/0029-divide-two-integers
0001-1000-hard-python/0030-substring-with-concatenation-of-all-words
0001-1000-medium-python/0031-next-permutation
0001-1000-hard-python/0032-longest-valid-parentheses
0001-1000-medium-python/0033-search-in-rotated-sorted-array
0001-1000-medium-python/0034-find-first-and-last-position-of-element-in-sorted-array
0001-1000-easy-python/0035-search-insert-position
0001-1000-medium-python/0036-valid-sudoku
0001-1000-hard-python/0037-sudoku-solver
0001-1000-medium-python/0038-count-and-say
0001-1000-medium-python/0039-combination-sum
0001-1000-medium-python/0040-combination-sum-ii
0001-1000-hard-python/0041-first-missing-positive
0001-1000-hard-python/0042-trapping-rain-water
0001-1000-medium-python/0043-multiply-strings
0001-1000-hard-python/0044-wildcard-matching
0001-1000-medium-python/0045-jump-game-ii
0001-1000-medium-python/0046-permutations
0001-1000-medium-python/0047-permutations-ii
0001-1000-medium-python/0048-rotate-image
0001-1000-medium-python/0049-group-anagrams
0001-1000-medium-python/0050-powx-n
0001-1000-hard-python/0051-n-queens
0001-1000-hard-python/0052-n-queens-ii
0001-1000-medium-python/0053-maximum-subarray
0001-1000-medium-python/0054-spiral-matrix
0001-1000-medium-python/0055-jump-game
0001-1000-medium-python/0056-merge-intervals
0001-1000-medium-python/0057-insert-interval
0001-1000-easy-python/0058-length-of-last-word
0001-1000-medium-python/0059-spiral-matrix-ii
0001-1000-hard-python/0060-permutation-sequence
0001-1000-medium-python/0061-rotate-list
0001-1000-medium-python/0062-unique-paths
0001-1000-medium-python/0063-unique-paths-ii
0001-1000-medium-python/0064-minimum-path-sum
0001-1000-hard-python/0065-valid-number
0001-1000-easy-python/0066-plus-one
0001-1000-easy-python/0067-add-binary
0001-1000-hard-python/0068-text-justification
0001-1000-easy-python/0069-sqrtx
0001-1000-easy-python/0070-climbing-stairs
0001-1000-medium-python/0071-simplify-path
0001-1000-medium-python/0072-edit-distance
0001-1000-medium-python/0073-set-matrix-zeroes
0001-1000-medium-python/0074-search-a-2d-matrix
0001-1000-medium-python/0075-sort-colors
0001-1000-hard-python/0076-minimum-window-substring
0001-1000-medium-python/0077-combinations
0001-1000-medium-python/0078-subsets
0001-1000-medium-python/0079-word-search
0001-1000-medium-python/0080-remove-duplicates-from-sorted-array-ii
0001-1000-medium-python/0081-search-in-rotated-sorted-array-ii
0001-1000-medium-python/0082-remove-duplicates-from-sorted-list-ii
0001-1000-easy-python/0083-remove-duplicates-from-sorted-list
0001-1000-hard-python/0084-largest-rectangle-in-histogram
0001-1000-hard-python/0085-maximal-rectangle
0001-1000-medium-python/0086-partition-list
0001-1000-hard-python/0087-scramble-string
0001-1000-easy-python/0088-merge-sorted-array
0001-1000-medium-python/0089-gray-code
0001-1000-medium-python/0090-subsets-ii
0001-1000-medium-python/0091-decode-ways
0001-1000-medium-python/0092-reverse-linked-list-ii
0001-1000-medium-python/0093-restore-ip-addresses
0001-1000-easy-python/0094-binary-tree-inorder-traversal
0001-1000-medium-python/0095-unique-binary-search-trees-ii
0001-1000-medium-python/0096-unique-binary-search-trees
0001-1000-medium-python/0097-interleaving-string
0001-1000-medium-python/0098-validate-binary-search-tree
0001-1000-medium-python/0099-recover-binary-search-tree
0001-1000-easy-python/0100-same-tree
0001-1000-easy-python/0101-symmetric-tree
0001-1000-medium-python/0102-binary-tree-level-order-traversal
0001-1000-medium-python/0103-binary-tree-zigzag-level-order-traversal
0001-1000-easy-python/0104-maximum-depth-of-binary-tree
0001-1000-medium-python/0105-construct-binary-tree-from-preorder-and-inorder-traversal
0001-1000-medium-python/0106-construct-binary-tree-from-inorder-and-postorder-traversal
0001-1000-medium-python/0107-binary-tree-level-order-traversal-ii
0001-1000-easy-python/0108-convert-sorted-array-to-binary-search-tree
0001-1000-medium-python/0109-convert-sorted-list-to-binary-search-tree
0001-1000-easy-python/0110-balanced-binary-tree
0001-1000-easy-python/0111-minimum-depth-of-binary-tree
0001-1000-easy-python/0112-path-sum
0001-1000-medium-python/0113-path-sum-ii
0001-1000-medium-python/0114-flatten-binary-tree-to-linked-list
0001-1000-hard-python/0115-distinct-subsequences
0001-1000-medium-python/0116-populating-next-right-pointers-in-each-node
0001-1000-medium-python/0117-populating-next-right-pointers-in-each-node-ii
0001-1000-easy-python/0118-pascals-triangle
0001-1000-easy-python/0119-pascals-triangle-ii
0001-1000-medium-python/0120-triangle
0001-1000-easy-python/0121-best-time-to-buy-and-sell-stock
0001-1000-medium-python/0122-best-time-to-buy-and-sell-stock-ii
0001-1000-hard-python/0123-best-time-to-buy-and-sell-stock-iii
0001-1000-hard-python/0124-binary-tree-maximum-path-sum
0001-1000-easy-python/0125-valid-palindrome
0001-1000-hard-python/0126-word-ladder-ii
0001-1000-hard-python/0127-word-ladder
0001-1000-medium-python/0128-longest-consecutive-sequence
0001-1000-medium-python/0129-sum-root-to-leaf-numbers
0001-1000-medium-python/0130-surrounded-regions
0001-1000-medium-python/0131-palindrome-partitioning
0001-1000-hard-python/0132-palindrome-partitioning-ii
0001-1000-medium-python/0133-clone-graph
0001-1000-medium-python/0134-gas-station
0001-1000-hard-python/0135-candy
0001-1000-easy-python/0136-single-number
0001-1000-medium-python/0137-single-number-ii
0001-1000-medium-python/0138-copy-list-with-random-pointer
0001-1000-medium-python/0139-word-break
0001-1000-hard-python/0140-word-break-ii
0001-1000-easy-python/0141-linked-list-cycle
0001-1000-medium-python/0142-linked-list-cycle-ii
0001-1000-medium-python/0143-reorder-list
0001-1000-easy-python/0144-binary-tree-preorder-traversal
0001-1000-easy-python/0145-binary-tree-postorder-traversal
0001-1000-medium-python/0146-lru-cache
0001-1000-medium-python/0147-insertion-sort-list
0001-1000-medium-python/0148-sort-list
0001-1000-hard-python/0149-max-points-on-a-line
0001-1000-medium-python/0150-evaluate-reverse-polish-notation
0001-1000-medium-python/0151-reverse-words-in-a-string
0001-1000-medium-python/0152-maximum-product-subarray
0001-1000-medium-python/0153-find-minimum-in-rotated-sorted-array
0001-1000-hard-python/0154-find-minimum-in-rotated-sorted-array-ii
0001-1000-medium-python/0155-min-stack
0001-1000-locked-medium-python/0156-binary-tree-upside-down
0001-1000-locked-easy-python/0157-read-n-characters-given-read4
0001-1000-locked-hard-python/0158-read-n-characters-given-read4-ii-call-multiple-times
0001-1000-locked-medium-python/0159-longest-substring-with-at-most-two-distinct-characters
0001-1000-easy-python/0160-intersection-of-two-linked-lists
0001-1000-locked-medium-python/0161-one-edit-distance
0001-1000-medium-python/0162-find-peak-element
0001-1000-locked-easy-python/0163-missing-ranges
0001-1000-medium-python/0164-maximum-gap
0001-1000-medium-python/0165-compare-version-numbers
0001-1000-medium-python/0166-fraction-to-recurring-decimal
0001-1000-medium-python/0167-two-sum-ii-input-array-is-sorted
0001-1000-easy-python/0168-excel-sheet-column-title
0001-1000-easy-python/0169-majority-element
0001-1000-locked-easy-python/0170-two-sum-iii-data-structure-design
0001-1000-easy-python/0171-excel-sheet-column-number
0001-1000-medium-python/0172-factorial-trailing-zeroes
0001-1000-medium-python/0173-binary-search-tree-iterator
0001-1000-hard-python/0174-dungeon-game
0001-1000-easy-sql/0175-combine-two-tables
0001-1000-medium-sql/0176-second-highest-salary
0001-1000-medium-sql/0177-nth-highest-salary
0001-1000-medium-sql/0178-rank-scores
0001-1000-medium-python/0179-largest-number
0001-1000-medium-sql/0180-consecutive-numbers
0001-1000-easy-sql/0181-employees-earning-more-than-their-managers
0001-1000-easy-sql/0182-duplicate-emails
0001-1000-easy-sql/0183-customers-who-never-order
0001-1000-medium-sql/0184-department-highest-salary
0001-1000-hard-sql/0185-department-top-three-salaries
0001-1000-locked-medium-python/0186-reverse-words-in-a-string-ii
0001-1000-medium-python/0187-repeated-dna-sequences
0001-1000-hard-python/0188-best-time-to-buy-and-sell-stock-iv
0001-1000-medium-python/0189-rotate-array
0001-1000-easy-python/0190-reverse-bits
0001-1000-easy-python/0191-number-of-1-bits
0001-1000-medium-shell/0192-word-frequency
0001-1000-easy-shell/0193-valid-phone-numbers
0001-1000-medium-shell/0194-transpose-file
0001-1000-easy-shell/0195-tenth-line
0001-1000-easy-sql/0196-delete-duplicate-emails
0001-1000-easy-sql/0197-rising-temperature
0001-1000-medium-python/0198-house-robber
0001-1000-medium-python/0199-binary-tree-right-side-view
0001-1000-medium-python/0200-number-of-islands
0001-1000-medium-python/0201-bitwise-and-of-numbers-range
0001-1000-easy-python/0202-happy-number
0001-1000-easy-python/0203-remove-linked-list-elements
0001-1000-medium-python/0204-count-primes
0001-1000-easy-python/0205-isomorphic-strings
0001-1000-easy-python/0206-reverse-linked-list
0001-1000-medium-python/0207-course-schedule
0001-1000-medium-python/0208-implement-trie-prefix-tree
0001-1000-medium-python/0209-minimum-size-subarray-sum
0001-1000-medium-python/0210-course-schedule-ii
0001-1000-medium-python/0211-design-add-and-search-words-data-structure
0001-1000-hard-python/0212-word-search-ii
0001-1000-medium-python/0213-house-robber-ii
0001-1000-hard-python/0214-shortest-palindrome
0001-1000-medium-python/0215-kth-largest-element-in-an-array
0001-1000-medium-python/0216-combination-sum-iii
0001-1000-easy-python/0217-contains-duplicate
0001-1000-hard-python/0218-the-skyline-problem
0001-1000-easy-python/0219-contains-duplicate-ii
0001-1000-hard-python/0220-contains-duplicate-iii
0001-1000-medium-python/0221-maximal-square
0001-1000-easy-python/0222-count-complete-tree-nodes
0001-1000-medium-python/0223-rectangle-area
0001-1000-hard-python/0224-basic-calculator
0001-1000-easy-python/0225-implement-stack-using-queues
0001-1000-easy-python/0226-invert-binary-tree
0001-1000-medium-python/0227-basic-calculator-ii
0001-1000-easy-python/0228-summary-ranges
0001-1000-medium-python/0229-majority-element-ii
0001-1000-medium-python/0230-kth-smallest-element-in-a-bst
0001-1000-easy-python/0231-power-of-two
0001-1000-easy-python/0232-implement-queue-using-stacks
0001-1000-hard-python/0233-number-of-digit-one
0001-1000-easy-python/0234-palindrome-linked-list
0001-1000-medium-python/0235-lowest-common-ancestor-of-a-binary-search-tree
0001-1000-medium-python/0236-lowest-common-ancestor-of-a-binary-tree
0001-1000-medium-python/0237-delete-node-in-a-linked-list
0001-1000-medium-python/0238-product-of-array-except-self
0001-1000-hard-python/0239-sliding-window-maximum
0001-1000-medium-python/0240-search-a-2d-matrix-ii
0001-1000-medium-python/0241-different-ways-to-add-parentheses
0001-1000-easy-python/0242-valid-anagram
0001-1000-locked-easy-python/0243-shortest-word-distance
0001-1000-locked-medium-python/0244-shortest-word-distance-ii
0001-1000-locked-medium-python/0245-shortest-word-distance-iii
0001-1000-locked-easy-python/0246-strobogrammatic-number
0001-1000-locked-medium-python/0247-strobogrammatic-number-ii
0001-1000-locked-hard-python/0248-strobogrammatic-number-iii
0001-1000-locked-medium-python/0249-group-shifted-strings
0001-1000-locked-medium-python/0250-count-univalue-subtrees
0001-1000-locked-medium-python/0251-flatten-2d-vector
0001-1000-locked-easy-python/0252-meeting-rooms
0001-1000-locked-medium-python/0253-meeting-rooms-ii
0001-1000-locked-medium-python/0254-factor-combinations
0001-1000-locked-medium-python/0255-verify-preorder-sequence-in-binary-search-tree
0001-1000-locked-medium-python/0256-paint-house
0001-1000-easy-python/0257-binary-tree-paths
0001-1000-easy-python/0258-add-digits
0001-1000-locked-medium-python/0259-3sum-smaller
0001-1000-medium-python/0260-single-number-iii
0001-1000-locked-medium-python/0261-graph-valid-tree
0001-1000-hard-sql/0262-trips-and-users
0001-1000-easy-python/0263-ugly-number
0001-1000-medium-python/0264-ugly-number-ii
0001-1000-locked-hard-python/0265-paint-house-ii
0001-1000-locked-easy-python/0266-palindrome-permutation
0001-1000-locked-medium-python/0267-palindrome-permutation-ii
0001-1000-easy-python/0268-missing-number
0001-1000-locked-hard-python/0269-alien-dictionary
0001-1000-locked-easy-python/0270-closest-binary-search-tree-value
0001-1000-locked-medium-python/0271-encode-and-decode-strings
0001-1000-locked-hard-python/0272-closest-binary-search-tree-value-ii
0001-1000-hard-python/0273-integer-to-english-words
0001-1000-medium-python/0274-h-index
0001-1000-medium-python/0275-h-index-ii
0001-1000-locked-medium-python/0276-paint-fence
0001-1000-locked-medium-python/0277-find-the-celebrity
0001-1000-easy-python/0278-first-bad-version
0001-1000-medium-python/0279-perfect-squares
0001-1000-locked-medium-python/0280-wiggle-sort
0001-1000-locked-medium-python/0281-zigzag-iterator
0001-1000-hard-python/0282-expression-add-operators
0001-1000-easy-python/0283-move-zeroes
0001-1000-medium-python/0284-peeking-iterator
0001-1000-locked-medium-python/0285-inorder-successor-in-bst
0001-1000-locked-medium-python/0286-walls-and-gates
0001-1000-medium-python/0287-find-the-duplicate-number
0001-1000-locked-medium-python/0288-unique-word-abbreviation
0001-1000-medium-python/0289-game-of-life
0001-1000-easy-python/0290-word-pattern
0001-1000-locked-medium-python/0291-word-pattern-ii
0001-1000-easy-python/0292-nim-game
0001-1000-locked-easy-python/0293-flip-game
0001-1000-locked-medium-python/0294-flip-game-ii
0001-1000-hard-python/0295-find-median-from-data-stream
0001-1000-locked-hard-python/0296-best-meeting-point
0001-1000-hard-python/0297-serialize-and-deserialize-binary-tree
0001-1000-locked-medium-python/0298-binary-tree-longest-consecutive-sequence
0001-1000-medium-python/0299-bulls-and-cows
0001-1000-medium-python/0300-longest-increasing-subsequence
0001-1000-hard-python/0301-remove-invalid-parentheses
0001-1000-locked-hard-python/0302-smallest-rectangle-enclosing-black-pixels
0001-1000-easy-python/0303-range-sum-query-immutable
0001-1000-medium-python/0304-range-sum-query-2d-immutable
0001-1000-locked-hard-python/0305-number-of-islands-ii
0001-1000-medium-python/0306-additive-number
0001-1000-medium-python/0307-range-sum-query-mutable
0001-1000-locked-medium-python/0308-range-sum-query-2d-mutable
0001-1000-medium-python/0309-best-time-to-buy-and-sell-stock-with-cooldown
0001-1000-medium-python/0310-minimum-height-trees
0001-1000-locked-medium-python/0311-sparse-matrix-multiplication
0001-1000-hard-python/0312-burst-balloons
0001-1000-medium-python/0313-super-ugly-number
0001-1000-locked-medium-python/0314-binary-tree-vertical-order-traversal
0001-1000-hard-python/0315-count-of-smaller-numbers-after-self
0001-1000-medium-python/0316-remove-duplicate-letters
0001-1000-locked-hard-python/0317-shortest-distance-from-all-buildings
0001-1000-medium-python/0318-maximum-product-of-word-lengths
0001-1000-medium-python/0319-bulb-switcher
0001-1000-locked-medium-python/0320-generalized-abbreviation
0001-1000-hard-python/0321-create-maximum-number
0001-1000-medium-python/0322-coin-change
0001-1000-locked-medium-python/0323-number-of-connected-components-in-an-undirected-graph
0001-1000-medium-python/0324-wiggle-sort-ii
0001-1000-locked-medium-python/0325-maximum-size-subarray-sum-equals-k
0001-1000-easy-python/0326-power-of-three
0001-1000-hard-python/0327-count-of-range-sum
0001-1000-medium-python/0328-odd-even-linked-list
0001-1000-hard-python/0329-longest-increasing-path-in-a-matrix
0001-1000-hard-python/0330-patching-array
0001-1000-medium-python/0331-verify-preorder-serialization-of-a-binary-tree
0001-1000-hard-python/0332-reconstruct-itinerary
0001-1000-locked-medium-python/0333-largest-bst-subtree
0001-1000-medium-python/0334-increasing-triplet-subsequence
0001-1000-hard-python/0335-self-crossing
0001-1000-hard-python/0336-palindrome-pairs
0001-1000-medium-python/0337-house-robber-iii
0001-1000-easy-python/0338-counting-bits
0001-1000-locked-medium-python/0339-nested-list-weight-sum
0001-1000-locked-medium-python/0340-longest-substring-with-at-most-k-distinct-characters
0001-1000-medium-python/0341-flatten-nested-list-iterator
0001-1000-easy-python/0342-power-of-four
0001-1000-medium-python/0343-integer-break
0001-1000-easy-python/0344-reverse-string
0001-1000-easy-python/0345-reverse-vowels-of-a-string
0001-1000-locked-easy-python/0346-moving-average-from-data-stream
0001-1000-medium-python/0347-top-k-frequent-elements
0001-1000-locked-medium-python/0348-design-tic-tac-toe
0001-1000-easy-python/0349-intersection-of-two-arrays
0001-1000-easy-python/0350-intersection-of-two-arrays-ii
0001-1000-locked-medium-python/0351-android-unlock-patterns
0001-1000-hard-python/0352-data-stream-as-disjoint-intervals
0001-1000-locked-medium-python/0353-design-snake-game
0001-1000-hard-python/0354-russian-doll-envelopes
0001-1000-medium-python/0355-design-twitter
0001-1000-locked-medium-python/0356-line-reflection
0001-1000-medium-python/0357-count-numbers-with-unique-digits
0001-1000-locked-hard-python/0358-rearrange-string-k-distance-apart
0001-1000-locked-easy-python/0359-logger-rate-limiter
0001-1000-locked-medium-python/0360-sort-transformed-array
0001-1000-locked-medium-python/0361-bomb-enemy
0001-1000-locked-medium-python/0362-design-hit-counter
0001-1000-hard-python/0363-max-sum-of-rectangle-no-larger-than-k
0001-1000-locked-medium-python/0364-nested-list-weight-sum-ii
0001-1000-medium-python/0365-water-and-jug-problem
0001-1000-locked-medium-python/0366-find-leaves-of-binary-tree
0001-1000-easy-python/0367-valid-perfect-square
0001-1000-medium-python/0368-largest-divisible-subset
0001-1000-locked-medium-python/0369-plus-one-linked-list
0001-1000-locked-medium-python/0370-range-addition
0001-1000-medium-python/0371-sum-of-two-integers
0001-1000-medium-python/0372-super-pow
0001-1000-medium-python/0373-find-k-pairs-with-smallest-sums
0001-1000-easy-python/0374-guess-number-higher-or-lower
0001-1000-medium-python/0375-guess-number-higher-or-lower-ii
0001-1000-medium-python/0376-wiggle-subsequence
0001-1000-medium-python/0377-combination-sum-iv
0001-1000-medium-python/0378-kth-smallest-element-in-a-sorted-matrix
0001-1000-locked-medium-python/0379-design-phone-directory
0001-1000-medium-python/0380-insert-delete-getrandom-o1
0001-1000-hard-python/0381-insert-delete-getrandom-o1-duplicates-allowed
0001-1000-medium-python/0382-linked-list-random-node
0001-1000-easy-python/0383-ransom-note
0001-1000-medium-python/0384-shuffle-an-array
0001-1000-medium-python/0385-mini-parser
0001-1000-medium-python/0386-lexicographical-numbers
0001-1000-easy-python/0387-first-unique-character-in-a-string
0001-1000-medium-python/0388-longest-absolute-file-path
0001-1000-easy-python/0389-find-the-difference
0001-1000-medium-python/0390-elimination-game
0001-1000-hard-python/0391-perfect-rectangle
0001-1000-easy-python/0392-is-subsequence
0001-1000-medium-python/0393-utf-8-validation
0001-1000-medium-python/0394-decode-string
0001-1000-medium-python/0395-longest-substring-with-at-least-k-repeating-characters
0001-1000-medium-python/0396-rotate-function
0001-1000-medium-python/0397-integer-replacement
0001-1000-medium-python/0398-random-pick-index
0001-1000-medium-python/0399-evaluate-division
0001-1000-medium-python/0400-nth-digit
0001-1000-easy-python/0401-binary-watch
0001-1000-medium-python/0402-remove-k-digits
0001-1000-hard-python/0403-frog-jump
0001-1000-easy-python/0404-sum-of-left-leaves
0001-1000-easy-python/0405-convert-a-number-to-hexadecimal
0001-1000-medium-python/0406-queue-reconstruction-by-height
0001-1000-hard-python/0407-trapping-rain-water-ii
0001-1000-locked-easy-python/0408-valid-word-abbreviation
0001-1000-easy-python/0409-longest-palindrome
0001-1000-hard-python/0410-split-array-largest-sum
0001-1000-locked-hard-python/0411-minimum-unique-word-abbreviation
0001-1000-easy-python/0412-fizz-buzz
0001-1000-medium-python/0413-arithmetic-slices
0001-1000-easy-python/0414-third-maximum-number
0001-1000-easy-python/0415-add-strings
0001-1000-medium-python/0416-partition-equal-subset-sum
0001-1000-medium-python/0417-pacific-atlantic-water-flow
0001-1000-locked-medium-python/0418-sentence-screen-fitting
0001-1000-medium-python/0419-battleships-in-a-board
0001-1000-hard-python/0420-strong-password-checker
0001-1000-medium-python/0421-maximum-xor-of-two-numbers-in-an-array
0001-1000-locked-easy-python/0422-valid-word-square
0001-1000-medium-python/0423-reconstruct-original-digits-from-english
0001-1000-medium-python/0424-longest-repeating-character-replacement
0001-1000-locked-hard-python/0425-word-squares
0001-1000-locked-medium-python/0426-convert-binary-search-tree-to-sorted-doubly-linked-list
0001-1000-medium-python/0427-construct-quad-tree
0001-1000-locked-hard-python/0428-serialize-and-deserialize-n-ary-tree
0001-1000-medium-python/0429-n-ary-tree-level-order-traversal
0001-1000-medium-python/0430-flatten-a-multilevel-doubly-linked-list
0001-1000-locked-hard-python/0431-encode-n-ary-tree-to-binary-tree
0001-1000-hard-python/0432-all-oone-data-structure
0001-1000-medium-python/0433-minimum-genetic-mutation
0001-1000-easy-python/0434-number-of-segments-in-a-string
0001-1000-medium-python/0435-non-overlapping-intervals
0001-1000-medium-python/0436-find-right-interval
0001-1000-medium-python/0437-path-sum-iii
0001-1000-medium-python/0438-find-all-anagrams-in-a-string
0001-1000-locked-medium-python/0439-ternary-expression-parser
0001-1000-hard-python/0440-k-th-smallest-in-lexicographical-order
0001-1000-easy-python/0441-arranging-coins
0001-1000-medium-python/0442-find-all-duplicates-in-an-array
0001-1000-medium-python/0443-string-compression
0001-1000-locked-medium-python/0444-sequence-reconstruction
0001-1000-medium-python/0445-add-two-numbers-ii
0001-1000-hard-python/0446-arithmetic-slices-ii-subsequence
0001-1000-medium-python/0447-number-of-boomerangs
0001-1000-easy-python/0448-find-all-numbers-disappeared-in-an-array
0001-1000-medium-python/0449-serialize-and-deserialize-bst
0001-1000-medium-python/0450-delete-node-in-a-bst
0001-1000-medium-python/0451-sort-characters-by-frequency
0001-1000-medium-python/0452-minimum-number-of-arrows-to-burst-balloons
0001-1000-medium-python/0453-minimum-moves-to-equal-array-elements
0001-1000-medium-python/0454-4sum-ii
0001-1000-easy-python/0455-assign-cookies
0001-1000-medium-python/0456-132-pattern
0001-1000-medium-python/0457-circular-array-loop
0001-1000-hard-python/0458-poor-pigs
0001-1000-easy-python/0459-repeated-substring-pattern
0001-1000-hard-python/0460-lfu-cache
0001-1000-easy-python/0461-hamming-distance
0001-1000-medium-python/0462-minimum-moves-to-equal-array-elements-ii
0001-1000-easy-python/0463-island-perimeter
0001-1000-medium-python/0464-can-i-win
0001-1000-locked-hard-python/0465-optimal-account-balancing
0001-1000-hard-python/0466-count-the-repetitions
0001-1000-medium-python/0467-unique-substrings-in-wraparound-string
0001-1000-medium-python/0468-validate-ip-address
0001-1000-locked-medium-python/0469-convex-polygon
0001-1000-medium-python/0470-implement-rand10-using-rand7
0001-1000-locked-hard-python/0471-encode-string-with-shortest-length
0001-1000-hard-python/0472-concatenated-words
0001-1000-medium-python/0473-matchsticks-to-square
0001-1000-medium-python/0474-ones-and-zeroes
0001-1000-medium-python/0475-heaters
0001-1000-easy-python/0476-number-complement
0001-1000-medium-python/0477-total-hamming-distance
0001-1000-medium-python/0478-generate-random-point-in-a-circle
0001-1000-hard-python/0479-largest-palindrome-product
0001-1000-hard-python/0480-sliding-window-median
0001-1000-medium-python/0481-magical-string
0001-1000-easy-python/0482-license-key-formatting
0001-1000-hard-python/0483-smallest-good-base
0001-1000-locked-medium-python/0484-find-permutation
0001-1000-easy-python/0485-max-consecutive-ones
0001-1000-medium-python/0486-predict-the-winner
0001-1000-locked-medium-python/0487-max-consecutive-ones-ii
0001-1000-hard-python/0488-zuma-game
0001-1000-locked-hard-python/0489-robot-room-cleaner
0001-1000-locked-medium-python/0490-the-maze
0001-1000-medium-python/0491-non-decreasing-subsequences
0001-1000-easy-python/0492-construct-the-rectangle
0001-1000-hard-python/0493-reverse-pairs
0001-1000-medium-python/0494-target-sum
0001-1000-easy-python/0495-teemo-attacking
0001-1000-easy-python/0496-next-greater-element-i
0001-1000-medium-python/0497-random-point-in-non-overlapping-rectangles
0001-1000-medium-python/0498-diagonal-traverse
0001-1000-locked-hard-python/0499-the-maze-iii
0001-1000-easy-python/0500-keyboard-row
0001-1000-easy-python/0501-find-mode-in-binary-search-tree
0001-1000-hard-python/0502-ipo
0001-1000-medium-python/0503-next-greater-element-ii
0001-1000-easy-python/0504-base-7
0001-1000-locked-medium-python/0505-the-maze-ii
0001-1000-easy-python/0506-relative-ranks
0001-1000-easy-python/0507-perfect-number
0001-1000-medium-python/0508-most-frequent-subtree-sum
0001-1000-easy-python/0509-fibonacci-number
0001-1000-locked-medium-python/0510-inorder-successor-in-bst-ii
0001-1000-easy-sql/0511-game-play-analysis-i
0001-1000-locked-easy-sql/0512-game-play-analysis-ii
0001-1000-medium-python/0513-find-bottom-left-tree-value
0001-1000-hard-python/0514-freedom-trail
0001-1000-medium-python/0515-find-largest-value-in-each-tree-row
0001-1000-medium-python/0516-longest-palindromic-subsequence
0001-1000-hard-python/0517-super-washing-machines
0001-1000-medium-python/0518-coin-change-ii
0001-1000-medium-python/0519-random-flip-matrix
0001-1000-easy-python/0520-detect-capital
0001-1000-easy-python/0521-longest-uncommon-subsequence-i
0001-1000-medium-python/0522-longest-uncommon-subsequence-ii
0001-1000-medium-python/0523-continuous-subarray-sum
0001-1000-medium-python/0524-longest-word-in-dictionary-through-deleting
0001-1000-medium-python/0525-contiguous-array
0001-1000-medium-python/0526-beautiful-arrangement
0001-1000-locked-hard-python/0527-word-abbreviation
0001-1000-medium-python/0528-random-pick-with-weight
0001-1000-medium-python/0529-minesweeper
0001-1000-easy-python/0530-minimum-absolute-difference-in-bst
0001-1000-locked-medium-python/0531-lonely-pixel-i
0001-1000-medium-python/0532-k-diff-pairs-in-an-array
0001-1000-locked-medium-python/0533-lonely-pixel-ii
0001-1000-locked-medium-sql/0534-game-play-analysis-iii
0001-1000-medium-python/0535-encode-and-decode-tinyurl
0001-1000-locked-medium-python/0536-construct-binary-tree-from-string
0001-1000-medium-python/0537-complex-number-multiplication
0001-1000-medium-python/0538-convert-bst-to-greater-tree
0001-1000-medium-python/0539-minimum-time-difference
0001-1000-medium-python/0540-single-element-in-a-sorted-array
0001-1000-easy-python/0541-reverse-string-ii
0001-1000-medium-python/0542-01-matrix
0001-1000-easy-python/0543-diameter-of-binary-tree
0001-1000-locked-medium-python/0544-output-contest-matches
0001-1000-locked-medium-python/0545-boundary-of-binary-tree
0001-1000-hard-python/0546-remove-boxes
0001-1000-medium-python/0547-number-of-provinces
0001-1000-locked-hard-python/0548-split-array-with-equal-sum
0001-1000-locked-medium-python/0549-binary-tree-longest-consecutive-sequence-ii
0001-1000-medium-sql/0550-game-play-analysis-iv
0001-1000-easy-python/0551-student-attendance-record-i
0001-1000-hard-python/0552-student-attendance-record-ii
0001-1000-medium-python/0553-optimal-division
0001-1000-medium-python/0554-brick-wall
0001-1000-locked-medium-python/0555-split-concatenated-strings
0001-1000-medium-python/0556-next-greater-element-iii
0001-1000-easy-python/0557-reverse-words-in-a-string-iii
0001-1000-medium-python/0558-logical-or-of-two-binary-grids-represented-as-quad-trees
0001-1000-easy-python/0559-maximum-depth-of-n-ary-tree
0001-1000-medium-python/0560-subarray-sum-equals-k
0001-1000-easy-python/0561-array-partition
0001-1000-locked-medium-python/0562-longest-line-of-consecutive-one-in-matrix
0001-1000-easy-python/0563-binary-tree-tilt
0001-1000-hard-python/0564-find-the-closest-palindrome
0001-1000-medium-python/0565-array-nesting
0001-1000-easy-python/0566-reshape-the-matrix
0001-1000-medium-python/0567-permutation-in-string
0001-1000-locked-hard-python/0568-maximum-vacation-days
0001-1000-locked-hard-sql/0569-median-employee-salary
0001-1000-medium-sql/0570-managers-with-at-least-5-direct-reports
0001-1000-locked-hard-sql/0571-find-median-given-frequency-of-numbers
0001-1000-easy-python/0572-subtree-of-another-tree
0001-1000-locked-medium-python/0573-squirrel-simulation
0001-1000-locked-medium-sql/0574-winning-candidate
0001-1000-easy-python/0575-distribute-candies
0001-1000-medium-python/0576-out-of-boundary-paths
0001-1000-easy-sql/0577-employee-bonus
0001-1000-locked-medium-sql/0578-get-highest-answer-rate-question
0001-1000-locked-hard-sql/0579-find-cumulative-salary-of-an-employee
0001-1000-locked-medium-sql/0580-count-student-number-in-departments
0001-1000-medium-python/0581-shortest-unsorted-continuous-subarray
0001-1000-locked-medium-python/0582-kill-process
0001-1000-medium-python/0583-delete-operation-for-two-strings
0001-1000-easy-sql/0584-find-customer-referee
0001-1000-medium-sql/0585-investments-in-2016
0001-1000-easy-sql/0586-customer-placing-the-largest-number-of-orders
0001-1000-hard-python/0587-erect-the-fence
0001-1000-locked-hard-python/0588-design-in-memory-file-system
0001-1000-easy-python/0589-n-ary-tree-preorder-traversal
0001-1000-easy-python/0590-n-ary-tree-postorder-traversal
0001-1000-hard-python/0591-tag-validator
0001-1000-medium-python/0592-fraction-addition-and-subtraction
0001-1000-medium-python/0593-valid-square
0001-1000-easy-python/0594-longest-harmonious-subsequence
0001-1000-easy-sql/0595-big-countries
0001-1000-easy-sql/0596-classes-with-at-least-5-students
0001-1000-locked-easy-sql/0597-friend-requests-i-overall-acceptance-rate
0001-1000-easy-python/0598-range-addition-ii
0001-1000-easy-python/0599-minimum-index-sum-of-two-lists
0001-1000-hard-python/0600-non-negative-integers-without-consecutive-ones
0001-1000-hard-sql/0601-human-traffic-of-stadium
0001-1000-medium-sql/0602-friend-requests-ii-who-has-the-most-friends
0001-1000-locked-easy-sql/0603-consecutive-available-seats
0001-1000-locked-easy-python/0604-design-compressed-string-iterator
0001-1000-easy-python/0605-can-place-flowers
0001-1000-medium-python/0606-construct-string-from-binary-tree
0001-1000-easy-sql/0607-sales-person
0001-1000-medium-sql/0608-tree-node
0001-1000-medium-python/0609-find-duplicate-file-in-system
0001-1000-easy-sql/0610-triangle-judgement
0001-1000-medium-python/0611-valid-triangle-number
0001-1000-locked-medium-sql/0612-shortest-distance-in-a-plane
0001-1000-locked-easy-sql/0613-shortest-distance-in-a-line
0001-1000-locked-medium-sql/0614-second-degree-follower
0001-1000-locked-hard-sql/0615-average-salary-departments-vs-company
0001-1000-locked-medium-python/0616-add-bold-tag-in-string
0001-1000-easy-python/0617-merge-two-binary-trees
0001-1000-locked-hard-sql/0618-students-report-by-geography
0001-1000-easy-sql/0619-biggest-single-number
0001-1000-easy-sql/0620-not-boring-movies
0001-1000-medium-python/0621-task-scheduler
0001-1000-medium-python/0622-design-circular-queue
0001-1000-medium-python/0623-add-one-row-to-tree
0001-1000-medium-python/0624-maximum-distance-in-arrays
0001-1000-locked-medium-python/0625-minimum-factorization
0001-1000-medium-sql/0626-exchange-seats
0001-1000-easy-sql/0627-swap-salary
0001-1000-easy-python/0628-maximum-product-of-three-numbers
0001-1000-hard-python/0629-k-inverse-pairs-array
0001-1000-hard-python/0630-course-schedule-iii
0001-1000-locked-hard-python/0631-design-excel-sum-formula
0001-1000-hard-python/0632-smallest-range-covering-elements-from-k-lists
0001-1000-medium-python/0633-sum-of-square-numbers
0001-1000-locked-medium-python/0634-find-the-derangement-of-an-array
0001-1000-locked-medium-python/0635-design-log-storage-system
0001-1000-medium-python/0636-exclusive-time-of-functions
0001-1000-easy-python/0637-average-of-levels-in-binary-tree
0001-1000-medium-python/0638-shopping-offers
0001-1000-hard-python/0639-decode-ways-ii
0001-1000-medium-python/0640-solve-the-equation
0001-1000-medium-python/0641-design-circular-deque
0001-1000-locked-hard-python/0642-design-search-autocomplete-system
0001-1000-easy-python/0643-maximum-average-subarray-i
0001-1000-locked-hard-python/0644-maximum-average-subarray-ii
0001-1000-easy-python/0645-set-mismatch
0001-1000-medium-python/0646-maximum-length-of-pair-chain
0001-1000-medium-python/0647-palindromic-substrings
0001-1000-medium-python/0648-replace-words
0001-1000-medium-python/0649-dota2-senate
0001-1000-medium-python/0650-2-keys-keyboard
0001-1000-locked-medium-python/0651-4-keys-keyboard
0001-1000-medium-python/0652-find-duplicate-subtrees
0001-1000-easy-python/0653-two-sum-iv-input-is-a-bst
0001-1000-medium-python/0654-maximum-binary-tree
0001-1000-medium-python/0655-print-binary-tree
0001-1000-locked-hard-python/0656-coin-path
0001-1000-easy-python/0657-robot-return-to-origin
0001-1000-medium-python/0658-find-k-closest-elements
0001-1000-medium-python/0659-split-array-into-consecutive-subsequences
0001-1000-locked-hard-python/0660-remove-9
0001-1000-easy-python/0661-image-smoother
0001-1000-medium-python/0662-maximum-width-of-binary-tree
0001-1000-locked-medium-python/0663-equal-tree-partition
0001-1000-hard-python/0664-strange-printer
0001-1000-medium-python/0665-non-decreasing-array
0001-1000-locked-medium-python/0666-path-sum-iv
0001-1000-medium-python/0667-beautiful-arrangement-ii
0001-1000-hard-python/0668-kth-smallest-number-in-multiplication-table
0001-1000-medium-python/0669-trim-a-binary-search-tree
0001-1000-medium-python/0670-maximum-swap
0001-1000-easy-python/0671-second-minimum-node-in-a-binary-tree
0001-1000-medium-python/0672-bulb-switcher-ii
0001-1000-medium-python/0673-number-of-longest-increasing-subsequence
0001-1000-easy-python/0674-longest-continuous-increasing-subsequence
0001-1000-hard-python/0675-cut-off-trees-for-golf-event
0001-1000-medium-python/0676-implement-magic-dictionary
0001-1000-medium-python/0677-map-sum-pairs
0001-1000-medium-python/0678-valid-parenthesis-string
0001-1000-hard-python/0679-24-game
0001-1000-easy-python/0680-valid-palindrome-ii
0001-1000-locked-medium-python/0681-next-closest-time
0001-1000-easy-python/0682-baseball-game
0001-1000-locked-hard-python/0683-k-empty-slots
0001-1000-medium-python/0684-redundant-connection
0001-1000-hard-python/0685-redundant-connection-ii
0001-1000-medium-python/0686-repeated-string-match
0001-1000-medium-python/0687-longest-univalue-path
0001-1000-medium-python/0688-knight-probability-in-chessboard
0001-1000-hard-python/0689-maximum-sum-of-3-non-overlapping-subarrays
0001-1000-medium-python/0690-employee-importance
0001-1000-hard-python/0691-stickers-to-spell-word
0001-1000-medium-python/0692-top-k-frequent-words
0001-1000-easy-python/0693-binary-number-with-alternating-bits
0001-1000-locked-medium-python/0694-number-of-distinct-islands
0001-1000-medium-python/0695-max-area-of-island
0001-1000-easy-python/0696-count-binary-substrings
0001-1000-easy-python/0697-degree-of-an-array
0001-1000-medium-python/0698-partition-to-k-equal-sum-subsets
0001-1000-hard-python/0699-falling-squares
0001-1000-easy-python/0700-search-in-a-binary-search-tree
0001-1000-medium-python/0701-insert-into-a-binary-search-tree
0001-1000-locked-medium-python/0702-search-in-a-sorted-array-of-unknown-size
0001-1000-easy-python/0703-kth-largest-element-in-a-stream
0001-1000-easy-python/0704-binary-search
0001-1000-easy-python/0705-design-hashset
0001-1000-easy-python/0706-design-hashmap
0001-1000-medium-python/0707-design-linked-list
0001-1000-locked-medium-python/0708-insert-into-a-sorted-circular-linked-list
0001-1000-easy-python/0709-to-lower-case
0001-1000-hard-python/0710-random-pick-with-blacklist
0001-1000-locked-hard-python/0711-number-of-distinct-islands-ii
0001-1000-medium-python/0712-minimum-ascii-delete-sum-for-two-strings
0001-1000-medium-python/0713-subarray-product-less-than-k
0001-1000-medium-python/0714-best-time-to-buy-and-sell-stock-with-transaction-fee
0001-1000-hard-python/0715-range-module
0001-1000-locked-hard-python/0716-max-stack
0001-1000-easy-python/0717-1-bit-and-2-bit-characters
0001-1000-medium-python/0718-maximum-length-of-repeated-subarray
0001-1000-hard-python/0719-find-k-th-smallest-pair-distance
0001-1000-medium-python/0720-longest-word-in-dictionary
0001-1000-medium-python/0721-accounts-merge
0001-1000-medium-python/0722-remove-comments
0001-1000-locked-medium-python/0723-candy-crush
0001-1000-easy-python/0724-find-pivot-index
0001-1000-medium-python/0725-split-linked-list-in-parts
0001-1000-hard-python/0726-number-of-atoms
0001-1000-locked-hard-python/0727-minimum-window-subsequence
0001-1000-easy-python/0728-self-dividing-numbers
0001-1000-medium-python/0729-my-calendar-i
0001-1000-hard-python/0730-count-different-palindromic-subsequences
0001-1000-medium-python/0731-my-calendar-ii
0001-1000-hard-python/0732-my-calendar-iii
0001-1000-easy-python/0733-flood-fill
0001-1000-locked-easy-python/0734-sentence-similarity
0001-1000-medium-python/0735-asteroid-collision
0001-1000-hard-python/0736-parse-lisp-expression
0001-1000-locked-medium-python/0737-sentence-similarity-ii
0001-1000-medium-python/0738-monotone-increasing-digits
0001-1000-medium-python/0739-daily-temperatures
0001-1000-medium-python/0740-delete-and-earn
0001-1000-hard-python/0741-cherry-pickup
0001-1000-locked-medium-python/0742-closest-leaf-in-a-binary-tree
0001-1000-medium-python/0743-network-delay-time
0001-1000-easy-python/0744-find-smallest-letter-greater-than-target
0001-1000-hard-python/0745-prefix-and-suffix-search
0001-1000-easy-python/0746-min-cost-climbing-stairs
0001-1000-easy-python/0747-largest-number-at-least-twice-of-others
0001-1000-easy-python/0748-shortest-completing-word
0001-1000-hard-python/0749-contain-virus
0001-1000-locked-medium-python/0750-number-of-corner-rectangles
0001-1000-locked-medium-python/0751-ip-to-cidr
0001-1000-medium-python/0752-open-the-lock
0001-1000-hard-python/0753-cracking-the-safe
0001-1000-medium-python/0754-reach-a-number
0001-1000-locked-medium-python/0755-pour-water
0001-1000-medium-python/0756-pyramid-transition-matrix
0001-1000-hard-python/0757-set-intersection-size-at-least-two
0001-1000-locked-medium-python/0758-bold-words-in-string
0001-1000-locked-hard-python/0759-employee-free-time
0001-1000-locked-easy-python/0760-find-anagram-mappings
0001-1000-hard-python/0761-special-binary-string
0001-1000-easy-python/0762-prime-number-of-set-bits-in-binary-representation
0001-1000-medium-python/0763-partition-labels
0001-1000-medium-python/0764-largest-plus-sign
0001-1000-hard-python/0765-couples-holding-hands
0001-1000-easy-python/0766-toeplitz-matrix
0001-1000-medium-python/0767-reorganize-string
0001-1000-hard-python/0768-max-chunks-to-make-sorted-ii
0001-1000-medium-python/0769-max-chunks-to-make-sorted
0001-1000-hard-python/0770-basic-calculator-iv
0001-1000-easy-python/0771-jewels-and-stones
0001-1000-locked-hard-python/0772-basic-calculator-iii
0001-1000-hard-python/0773-sliding-puzzle
0001-1000-locked-hard-python/0774-minimize-max-distance-to-gas-station
0001-1000-medium-python/0775-global-and-local-inversions
0001-1000-locked-medium-python/0776-split-bst
0001-1000-medium-python/0777-swap-adjacent-in-lr-string
0001-1000-hard-python/0778-swim-in-rising-water
0001-1000-medium-python/0779-k-th-symbol-in-grammar
0001-1000-hard-python/0780-reaching-points
0001-1000-medium-python/0781-rabbits-in-forest
0001-1000-hard-python/0782-transform-to-chessboard
0001-1000-easy-python/0783-minimum-distance-between-bst-nodes
0001-1000-medium-python/0784-letter-case-permutation
0001-1000-medium-python/0785-is-graph-bipartite
0001-1000-medium-python/0786-k-th-smallest-prime-fraction
0001-1000-medium-python/0787-cheapest-flights-within-k-stops
0001-1000-medium-python/0788-rotated-digits
0001-1000-medium-python/0789-escape-the-ghosts
0001-1000-medium-python/0790-domino-and-tromino-tiling
0001-1000-medium-python/0791-custom-sort-string
0001-1000-medium-python/0792-number-of-matching-subsequences
0001-1000-hard-python/0793-preimage-size-of-factorial-zeroes-function
0001-1000-medium-python/0794-valid-tic-tac-toe-state
0001-1000-medium-python/0795-number-of-subarrays-with-bounded-maximum
0001-1000-easy-python/0796-rotate-string
0001-1000-medium-python/0797-all-paths-from-source-to-target
0001-1000-hard-python/0798-smallest-rotation-with-highest-score
0001-1000-medium-python/0799-champagne-tower
0001-1000-locked-easy-python/0800-similar-rgb-color
0001-1000-hard-python/0801-minimum-swaps-to-make-sequences-increasing
0001-1000-medium-python/0802-find-eventual-safe-states
0001-1000-hard-python/0803-bricks-falling-when-hit
0001-1000-easy-python/0804-unique-morse-code-words
0001-1000-hard-python/0805-split-array-with-same-average
0001-1000-easy-python/0806-number-of-lines-to-write-string
0001-1000-medium-python/0807-max-increase-to-keep-city-skyline
0001-1000-medium-python/0808-soup-servings
0001-1000-medium-python/0809-expressive-words
0001-1000-hard-python/0810-chalkboard-xor-game
0001-1000-medium-python/0811-subdomain-visit-count
0001-1000-easy-python/0812-largest-triangle-area
0001-1000-medium-python/0813-largest-sum-of-averages
0001-1000-medium-python/0814-binary-tree-pruning
0001-1000-hard-python/0815-bus-routes
0001-1000-medium-python/0816-ambiguous-coordinates
0001-1000-medium-python/0817-linked-list-components
0001-1000-hard-python/0818-race-car
0001-1000-easy-python/0819-most-common-word
0001-1000-medium-python/0820-short-encoding-of-words
0001-1000-easy-python/0821-shortest-distance-to-a-character
0001-1000-medium-python/0822-card-flipping-game
0001-1000-medium-python/0823-binary-trees-with-factors
0001-1000-easy-python/0824-goat-latin
0001-1000-medium-python/0825-friends-of-appropriate-ages
0001-1000-medium-python/0826-most-profit-assigning-work
0001-1000-hard-python/0827-making-a-large-island
0001-1000-hard-python/0828-count-unique-characters-of-all-substrings-of-a-given-string
0001-1000-hard-python/0829-consecutive-numbers-sum
0001-1000-easy-python/0830-positions-of-large-groups
0001-1000-medium-python/0831-masking-personal-information
0001-1000-easy-python/0832-flipping-an-image
0001-1000-medium-python/0833-find-and-replace-in-string
0001-1000-hard-python/0834-sum-of-distances-in-tree
0001-1000-medium-python/0835-image-overlap
0001-1000-easy-python/0836-rectangle-overlap
0001-1000-medium-python/0837-new-21-game
0001-1000-medium-python/0838-push-dominoes
0001-1000-hard-python/0839-similar-string-groups
0001-1000-medium-python/0840-magic-squares-in-grid
0001-1000-medium-python/0841-keys-and-rooms
0001-1000-medium-python/0842-split-array-into-fibonacci-sequence
0001-1000-hard-python/0843-guess-the-word
0001-1000-easy-python/0844-backspace-string-compare
0001-1000-medium-python/0845-longest-mountain-in-array
0001-1000-medium-python/0846-hand-of-straights
0001-1000-hard-python/0847-shortest-path-visiting-all-nodes
0001-1000-medium-python/0848-shifting-letters
0001-1000-medium-python/0849-maximize-distance-to-closest-person
0001-1000-hard-python/0850-rectangle-area-ii
0001-1000-medium-python/0851-loud-and-rich
0001-1000-medium-python/0852-peak-index-in-a-mountain-array
0001-1000-medium-python/0853-car-fleet
0001-1000-hard-python/0854-k-similar-strings
0001-1000-medium-python/0855-exam-room
0001-1000-medium-python/0856-score-of-parentheses
0001-1000-hard-python/0857-minimum-cost-to-hire-k-workers
0001-1000-medium-python/0858-mirror-reflection
0001-1000-easy-python/0859-buddy-strings
0001-1000-easy-python/0860-lemonade-change
0001-1000-medium-python/0861-score-after-flipping-matrix
0001-1000-hard-python/0862-shortest-subarray-with-sum-at-least-k
0001-1000-medium-python/0863-all-nodes-distance-k-in-binary-tree
0001-1000-hard-python/0864-shortest-path-to-get-all-keys
0001-1000-medium-python/0865-smallest-subtree-with-all-the-deepest-nodes
0001-1000-medium-python/0866-prime-palindrome
0001-1000-easy-python/0867-transpose-matrix
0001-1000-easy-python/0868-binary-gap
0001-1000-medium-python/0869-reordered-power-of-2
0001-1000-medium-python/0870-advantage-shuffle
0001-1000-hard-python/0871-minimum-number-of-refueling-stops
0001-1000-easy-python/0872-leaf-similar-trees
0001-1000-medium-python/0873-length-of-longest-fibonacci-subsequence
0001-1000-medium-python/0874-walking-robot-simulation
0001-1000-medium-python/0875-koko-eating-bananas
0001-1000-easy-python/0876-middle-of-the-linked-list
0001-1000-medium-python/0877-stone-game
0001-1000-hard-python/0878-nth-magical-number
0001-1000-hard-python/0879-profitable-schemes
0001-1000-medium-python/0880-decoded-string-at-index
0001-1000-medium-python/0881-boats-to-save-people
0001-1000-hard-python/0882-reachable-nodes-in-subdivided-graph
0001-1000-easy-python/0883-projection-area-of-3d-shapes
0001-1000-easy-python/0884-uncommon-words-from-two-sentences
0001-1000-medium-python/0885-spiral-matrix-iii
0001-1000-medium-python/0886-possible-bipartition
0001-1000-hard-python/0887-super-egg-drop
0001-1000-easy-python/0888-fair-candy-swap
0001-1000-medium-python/0889-construct-binary-tree-from-preorder-and-postorder-traversal
0001-1000-medium-python/0890-find-and-replace-pattern
0001-1000-hard-python/0891-sum-of-subsequence-widths
0001-1000-easy-python/0892-surface-area-of-3d-shapes
0001-1000-medium-python/0893-groups-of-special-equivalent-strings
0001-1000-medium-python/0894-all-possible-full-binary-trees
0001-1000-hard-python/0895-maximum-frequency-stack
0001-1000-easy-python/0896-monotonic-array
0001-1000-easy-python/0897-increasing-order-search-tree
0001-1000-medium-python/0898-bitwise-ors-of-subarrays
0001-1000-hard-python/0899-orderly-queue
0001-1000-medium-python/0900-rle-iterator
0001-1000-medium-python/0901-online-stock-span
0001-1000-hard-python/0902-numbers-at-most-n-given-digit-set
0001-1000-hard-python/0903-valid-permutations-for-di-sequence
0001-1000-medium-python/0904-fruit-into-baskets
0001-1000-easy-python/0905-sort-array-by-parity
0001-1000-hard-python/0906-super-palindromes
0001-1000-medium-python/0907-sum-of-subarray-minimums
0001-1000-easy-python/0908-smallest-range-i
0001-1000-medium-python/0909-snakes-and-ladders
0001-1000-medium-python/0910-smallest-range-ii
0001-1000-medium-python/0911-online-election
0001-1000-medium-python/0912-sort-an-array
0001-1000-hard-python/0913-cat-and-mouse
0001-1000-easy-python/0914-x-of-a-kind-in-a-deck-of-cards
0001-1000-medium-python/0915-partition-array-into-disjoint-intervals
0001-1000-medium-python/0916-word-subsets
0001-1000-easy-python/0917-reverse-only-letters
0001-1000-medium-python/0918-maximum-sum-circular-subarray
0001-1000-medium-python/0919-complete-binary-tree-inserter
0001-1000-hard-python/0920-number-of-music-playlists
0001-1000-medium-python/0921-minimum-add-to-make-parentheses-valid
0001-1000-easy-python/0922-sort-array-by-parity-ii
0001-1000-medium-python/0923-3sum-with-multiplicity
0001-1000-hard-python/0924-minimize-malware-spread
0001-1000-easy-python/0925-long-pressed-name
0001-1000-medium-python/0926-flip-string-to-monotone-increasing
0001-1000-hard-python/0927-three-equal-parts
0001-1000-hard-python/0928-minimize-malware-spread-ii
0001-1000-easy-python/0929-unique-email-addresses
0001-1000-medium-python/0930-binary-subarrays-with-sum
0001-1000-medium-python/0931-minimum-falling-path-sum
0001-1000-medium-python/0932-beautiful-array
0001-1000-easy-python/0933-number-of-recent-calls
0001-1000-medium-python/0934-shortest-bridge
0001-1000-medium-python/0935-knight-dialer
0001-1000-hard-python/0936-stamping-the-sequence
0001-1000-medium-python/0937-reorder-data-in-log-files
0001-1000-easy-python/0938-range-sum-of-bst
0001-1000-medium-python/0939-minimum-area-rectangle
0001-1000-hard-python/0940-distinct-subsequences-ii
0001-1000-easy-python/0941-valid-mountain-array
0001-1000-easy-python/0942-di-string-match
0001-1000-hard-python/0943-find-the-shortest-superstring
0001-1000-easy-python/0944-delete-columns-to-make-sorted
0001-1000-medium-python/0945-minimum-increment-to-make-array-unique
0001-1000-medium-python/0946-validate-stack-sequences
0001-1000-medium-python/0947-most-stones-removed-with-same-row-or-column
0001-1000-medium-python/0948-bag-of-tokens
0001-1000-medium-python/0949-largest-time-for-given-digits
0001-1000-medium-python/0950-reveal-cards-in-increasing-order
0001-1000-medium-python/0951-flip-equivalent-binary-trees
0001-1000-hard-python/0952-largest-component-size-by-common-factor
0001-1000-easy-python/0953-verifying-an-alien-dictionary
0001-1000-medium-python/0954-array-of-doubled-pairs
0001-1000-medium-python/0955-delete-columns-to-make-sorted-ii
0001-1000-hard-python/0956-tallest-billboard
0001-1000-medium-python/0957-prison-cells-after-n-days
0001-1000-medium-python/0958-check-completeness-of-a-binary-tree
0001-1000-medium-python/0959-regions-cut-by-slashes
0001-1000-hard-python/0960-delete-columns-to-make-sorted-iii
0001-1000-easy-python/0961-n-repeated-element-in-size-2n-array
0001-1000-medium-python/0962-maximum-width-ramp
0001-1000-medium-python/0963-minimum-area-rectangle-ii
0001-1000-hard-python/0964-least-operators-to-express-number
0001-1000-easy-python/0965-univalued-binary-tree
0001-1000-medium-python/0966-vowel-spellchecker
0001-1000-medium-python/0967-numbers-with-same-consecutive-differences
0001-1000-hard-python/0968-binary-tree-cameras
0001-1000-medium-python/0969-pancake-sorting
0001-1000-medium-python/0970-powerful-integers
0001-1000-medium-python/0971-flip-binary-tree-to-match-preorder-traversal
0001-1000-hard-python/0972-equal-rational-numbers
0001-1000-medium-python/0973-k-closest-points-to-origin
0001-1000-medium-python/0974-subarray-sums-divisible-by-k
0001-1000-hard-python/0975-odd-even-jump
0001-1000-easy-python/0976-largest-perimeter-triangle
0001-1000-easy-python/0977-squares-of-a-sorted-array
0001-1000-medium-python/0978-longest-turbulent-subarray
0001-1000-medium-python/0979-distribute-coins-in-binary-tree
0001-1000-hard-python/0980-unique-paths-iii
0001-1000-medium-python/0981-time-based-key-value-store
0001-1000-hard-python/0982-triples-with-bitwise-and-equal-to-zero
0001-1000-medium-python/0983-minimum-cost-for-tickets
0001-1000-medium-python/0984-string-without-aaa-or-bbb
0001-1000-medium-python/0985-sum-of-even-numbers-after-queries
0001-1000-medium-python/0986-interval-list-intersections
0001-1000-hard-python/0987-vertical-order-traversal-of-a-binary-tree
0001-1000-medium-python/0988-smallest-string-starting-from-leaf
0001-1000-easy-python/0989-add-to-array-form-of-integer
0001-1000-medium-python/0990-satisfiability-of-equality-equations
0001-1000-medium-python/0991-broken-calculator
0001-1000-hard-python/0992-subarrays-with-k-different-integers
0001-1000-easy-python/0993-cousins-in-binary-tree
0001-1000-medium-python/0994-rotting-oranges
0001-1000-hard-python/0995-minimum-number-of-k-consecutive-bit-flips
0001-1000-hard-python/0996-number-of-squareful-arrays
0001-1000-easy-python/0997-find-the-town-judge
0001-1000-medium-python/0998-maximum-binary-tree-ii
0001-1000-easy-python/0999-available-captures-for-rook
0001-1000-hard-python/1000-minimum-cost-to-merge-stones
