1001-2000-hard-python/1001-grid-illumination
1001-2000-easy-python/1002-find-common-characters
1001-2000-medium-python/1003-check-if-word-is-valid-after-substitutions
1001-2000-medium-python/1004-max-consecutive-ones-iii
1001-2000-easy-python/1005-maximize-sum-of-array-after-k-negations
1001-2000-medium-python/1006-clumsy-factorial
1001-2000-medium-python/1007-minimum-domino-rotations-for-equal-row
1001-2000-medium-python/1008-construct-binary-search-tree-from-preorder-traversal
1001-2000-easy-python/1009-complement-of-base-10-integer
1001-2000-medium-python/1010-pairs-of-songs-with-total-durations-divisible-by-60
1001-2000-medium-python/1011-capacity-to-ship-packages-within-d-days
1001-2000-hard-python/1012-numbers-with-repeated-digits
1001-2000-easy-python/1013-partition-array-into-three-parts-with-equal-sum
1001-2000-medium-python/1014-best-sightseeing-pair
1001-2000-medium-python/1015-smallest-integer-divisible-by-k
1001-2000-medium-python/1016-binary-string-with-substrings-representing-1-to-n
1001-2000-medium-python/1017-convert-to-base-2
1001-2000-easy-python/1018-binary-prefix-divisible-by-5
1001-2000-medium-python/1019-next-greater-node-in-linked-list
1001-2000-medium-python/1020-number-of-enclaves
1001-2000-easy-python/1021-remove-outermost-parentheses
1001-2000-easy-python/1022-sum-of-root-to-leaf-binary-numbers
1001-2000-medium-python/1023-camelcase-matching
1001-2000-medium-python/1024-video-stitching
1001-2000-easy-python/1025-divisor-game
1001-2000-medium-python/1026-maximum-difference-between-node-and-ancestor
1001-2000-medium-python/1027-longest-arithmetic-subsequence
1001-2000-hard-python/1028-recover-a-tree-from-preorder-traversal
1001-2000-medium-python/1029-two-city-scheduling
1001-2000-easy-python/1030-matrix-cells-in-distance-order
1001-2000-medium-python/1031-maximum-sum-of-two-non-overlapping-subarrays
1001-2000-hard-python/1032-stream-of-characters
1001-2000-medium-python/1033-moving-stones-until-consecutive
1001-2000-medium-python/1034-coloring-a-border
1001-2000-medium-python/1035-uncrossed-lines
1001-2000-hard-python/1036-escape-a-large-maze
1001-2000-easy-python/1037-valid-boomerang
1001-2000-medium-python/1038-binary-search-tree-to-greater-sum-tree
1001-2000-medium-python/1039-minimum-score-triangulation-of-polygon
1001-2000-medium-python/1040-moving-stones-until-consecutive-ii
1001-2000-medium-python/1041-robot-bounded-in-circle
1001-2000-medium-python/1042-flower-planting-with-no-adjacent
1001-2000-medium-python/1043-partition-array-for-maximum-sum
1001-2000-hard-python/1044-longest-duplicate-substring
1001-2000-medium-sql/1045-customers-who-bought-all-products
1001-2000-easy-python/1046-last-stone-weight
1001-2000-easy-python/1047-remove-all-adjacent-duplicates-in-string
1001-2000-medium-python/1048-longest-string-chain
1001-2000-medium-python/1049-last-stone-weight-ii
1001-2000-easy-sql/1050-actors-and-directors-who-cooperated-at-least-three-times
1001-2000-easy-python/1051-height-checker
1001-2000-medium-python/1052-grumpy-bookstore-owner
1001-2000-medium-python/1053-previous-permutation-with-one-swap
1001-2000-medium-python/1054-distant-barcodes
1001-2000-locked-medium-python/1055-shortest-way-to-form-string
1001-2000-locked-easy-python/1056-confusing-number
1001-2000-locked-medium-python/1057-campus-bikes
1001-2000-locked-medium-python/1058-minimize-rounding-error-to-meet-target
1001-2000-locked-medium-python/1059-all-paths-from-source-lead-to-destination
1001-2000-locked-medium-python/1060-missing-element-in-sorted-array
1001-2000-medium-python/1061-lexicographically-smallest-equivalent-string
1001-2000-locked-medium-python/1062-longest-repeating-substring
1001-2000-locked-hard-python/1063-number-of-valid-subarrays
1001-2000-locked-easy-python/1064-fixed-point
1001-2000-locked-easy-python/1065-index-pairs-of-a-string
1001-2000-locked-medium-python/1066-campus-bikes-ii
1001-2000-locked-hard-python/1067-digit-count-in-range
1001-2000-easy-sql/1068-product-sales-analysis-i
1001-2000-locked-easy-sql/1069-product-sales-analysis-ii
1001-2000-medium-sql/1070-product-sales-analysis-iii
1001-2000-easy-python/1071-greatest-common-divisor-of-strings
1001-2000-medium-python/1072-flip-columns-for-maximum-number-of-equal-rows
1001-2000-medium-python/1073-adding-two-negabinary-numbers
1001-2000-hard-python/1074-number-of-submatrices-that-sum-to-target
1001-2000-easy-sql/1075-project-employees-i
1001-2000-locked-easy-sql/1076-project-employees-ii
1001-2000-locked-medium-sql/1077-project-employees-iii
1001-2000-easy-python/1078-occurrences-after-bigram
1001-2000-medium-python/1079-letter-tile-possibilities
1001-2000-medium-python/1080-insufficient-nodes-in-root-to-leaf-paths
1001-2000-medium-python/1081-smallest-subsequence-of-distinct-characters
1001-2000-locked-easy-sql/1082-sales-analysis-i
1001-2000-locked-easy-sql/1083-sales-analysis-ii
1001-2000-easy-sql/1084-sales-analysis-iii
1001-2000-locked-easy-python/1085-sum-of-digits-in-the-minimum-number
1001-2000-locked-easy-python/1086-high-five
1001-2000-locked-medium-python/1087-brace-expansion
1001-2000-locked-hard-python/1088-confusing-number-ii
1001-2000-easy-python/1089-duplicate-zeros
1001-2000-medium-python/1090-largest-values-from-labels
1001-2000-medium-python/1091-shortest-path-in-binary-matrix
1001-2000-hard-python/1092-shortest-common-supersequence
1001-2000-medium-python/1093-statistics-from-a-large-sample
1001-2000-medium-python/1094-car-pooling
1001-2000-hard-python/1095-find-in-mountain-array
1001-2000-hard-python/1096-brace-expansion-ii
1001-2000-locked-hard-sql/1097-game-play-analysis-v
1001-2000-locked-medium-sql/1098-unpopular-books
1001-2000-locked-easy-python/1099-two-sum-less-than-k
1001-2000-locked-medium-python/1100-find-k-length-substrings-with-no-repeated-characters
1001-2000-locked-medium-python/1101-the-earliest-moment-when-everyone-become-friends
1001-2000-locked-medium-python/1102-path-with-maximum-minimum-value
1001-2000-easy-python/1103-distribute-candies-to-people
1001-2000-medium-python/1104-path-in-zigzag-labelled-binary-tree
1001-2000-medium-python/1105-filling-bookcase-shelves
1001-2000-hard-python/1106-parsing-a-boolean-expression
1001-2000-locked-medium-sql/1107-new-users-daily-count
1001-2000-easy-python/1108-defanging-an-ip-address
1001-2000-medium-python/1109-corporate-flight-bookings
1001-2000-medium-python/1110-delete-nodes-and-return-forest
1001-2000-medium-python/1111-maximum-nesting-depth-of-two-valid-parentheses-strings
1001-2000-locked-medium-sql/1112-highest-grade-for-each-student
1001-2000-locked-easy-sql/1113-reported-posts
1001-2000-easy-python/1114-print-in-order
1001-2000-medium-python/1115-print-foobar-alternately
1001-2000-medium-python/1116-print-zero-even-odd
1001-2000-medium-python/1117-building-h2o
1001-2000-locked-easy-python/1118-number-of-days-in-a-month
1001-2000-locked-easy-python/1119-remove-vowels-from-a-string
1001-2000-locked-medium-python/1120-maximum-average-subtree
1001-2000-locked-hard-python/1121-divide-array-into-increasing-sequences
1001-2000-easy-python/1122-relative-sort-array
1001-2000-medium-python/1123-lowest-common-ancestor-of-deepest-leaves
1001-2000-medium-python/1124-longest-well-performing-interval
1001-2000-hard-python/1125-smallest-sufficient-team
1001-2000-locked-medium-sql/1126-active-businesses
1001-2000-locked-hard-sql/1127-user-purchase-platform
1001-2000-easy-python/1128-number-of-equivalent-domino-pairs
1001-2000-medium-python/1129-shortest-path-with-alternating-colors
1001-2000-medium-python/1130-minimum-cost-tree-from-leaf-values
1001-2000-medium-python/1131-maximum-of-absolute-value-expression
1001-2000-locked-medium-sql/1132-reported-posts-ii
1001-2000-locked-easy-python/1133-largest-unique-number
1001-2000-locked-easy-python/1134-armstrong-number
1001-2000-locked-medium-python/1135-connecting-cities-with-minimum-cost
1001-2000-locked-medium-python/1136-parallel-courses
1001-2000-easy-python/1137-n-th-tribonacci-number
1001-2000-medium-python/1138-alphabet-board-path
1001-2000-medium-python/1139-largest-1-bordered-square
1001-2000-medium-python/1140-stone-game-ii
1001-2000-easy-sql/1141-user-activity-for-the-past-30-days-i
1001-2000-locked-easy-sql/1142-user-activity-for-the-past-30-days-ii
1001-2000-medium-python/1143-longest-common-subsequence
1001-2000-medium-python/1144-decrease-elements-to-make-array-zigzag
1001-2000-medium-python/1145-binary-tree-coloring-game
1001-2000-medium-python/1146-snapshot-array
1001-2000-hard-python/1147-longest-chunked-palindrome-decomposition
1001-2000-easy-sql/1148-article-views-i
1001-2000-locked-medium-sql/1149-article-views-ii
1001-2000-locked-easy-python/1150-check-if-a-number-is-majority-element-in-a-sorted-array
1001-2000-locked-medium-python/1151-minimum-swaps-to-group-all-1s-together
1001-2000-locked-medium-python/1152-analyze-user-website-visit-pattern
1001-2000-locked-hard-python/1153-string-transforms-into-another-string
1001-2000-easy-python/1154-day-of-the-year
1001-2000-medium-python/1155-number-of-dice-rolls-with-target-sum
1001-2000-medium-python/1156-swap-for-longest-repeated-character-substring
1001-2000-hard-python/1157-online-majority-element-in-subarray
1001-2000-medium-sql/1158-market-analysis-i
1001-2000-locked-hard-sql/1159-market-analysis-ii
1001-2000-easy-python/1160-find-words-that-can-be-formed-by-characters
1001-2000-medium-python/1161-maximum-level-sum-of-a-binary-tree
1001-2000-medium-python/1162-as-far-from-land-as-possible
1001-2000-hard-python/1163-last-substring-in-lexicographical-order
1001-2000-medium-sql/1164-product-price-at-a-given-date
1001-2000-locked-easy-python/1165-single-row-keyboard
1001-2000-locked-medium-python/1166-design-file-system
1001-2000-locked-medium-python/1167-minimum-cost-to-connect-sticks
1001-2000-locked-hard-python/1168-optimize-water-distribution-in-a-village
1001-2000-medium-python/1169-invalid-transactions
1001-2000-medium-python/1170-compare-strings-by-frequency-of-the-smallest-character
1001-2000-medium-python/1171-remove-zero-sum-consecutive-nodes-from-linked-list
1001-2000-hard-python/1172-dinner-plate-stacks
1001-2000-locked-easy-sql/1173-immediate-food-delivery-i
1001-2000-medium-sql/1174-immediate-food-delivery-ii
1001-2000-easy-python/1175-prime-arrangements
1001-2000-locked-easy-python/1176-diet-plan-performance
1001-2000-medium-python/1177-can-make-palindrome-from-substring
1001-2000-hard-python/1178-number-of-valid-words-for-each-puzzle
1001-2000-easy-sql/1179-reformat-department-table
1001-2000-locked-easy-python/1180-count-substrings-with-only-one-distinct-letter
1001-2000-locked-medium-python/1181-before-and-after-puzzle
1001-2000-locked-medium-python/1182-shortest-distance-to-target-color
1001-2000-locked-hard-python/1183-maximum-number-of-ones
1001-2000-easy-python/1184-distance-between-bus-stops
1001-2000-easy-python/1185-day-of-the-week
1001-2000-medium-python/1186-maximum-subarray-sum-with-one-deletion
1001-2000-hard-python/1187-make-array-strictly-increasing
1001-2000-locked-medium-python/1188-design-bounded-blocking-queue
1001-2000-easy-python/1189-maximum-number-of-balloons
1001-2000-medium-python/1190-reverse-substrings-between-each-pair-of-parentheses
1001-2000-medium-python/1191-k-concatenation-maximum-sum
1001-2000-hard-python/1192-critical-connections-in-a-network
1001-2000-medium-sql/1193-monthly-transactions-i
1001-2000-locked-hard-sql/1194-tournament-winners
1001-2000-medium-python/1195-fizz-buzz-multithreaded
1001-2000-locked-easy-python/1196-how-many-apples-can-you-put-into-the-basket
1001-2000-locked-medium-python/1197-minimum-knight-moves
1001-2000-locked-medium-python/1198-find-smallest-common-element-in-all-rows
1001-2000-locked-hard-python/1199-minimum-time-to-build-blocks
1001-2000-easy-python/1200-minimum-absolute-difference
1001-2000-medium-python/1201-ugly-number-iii
1001-2000-medium-python/1202-smallest-string-with-swaps
1001-2000-hard-python/1203-sort-items-by-groups-respecting-dependencies
1001-2000-medium-sql/1204-last-person-to-fit-in-the-bus
1001-2000-locked-medium-sql/1205-monthly-transactions-ii
1001-2000-hard-python/1206-design-skiplist
1001-2000-easy-python/1207-unique-number-of-occurrences
1001-2000-medium-python/1208-get-equal-substrings-within-budget
1001-2000-medium-python/1209-remove-all-adjacent-duplicates-in-string-ii
1001-2000-hard-python/1210-minimum-moves-to-reach-target-with-rotations
1001-2000-easy-sql/1211-queries-quality-and-percentage
1001-2000-locked-medium-sql/1212-team-scores-in-football-tournament
1001-2000-locked-easy-python/1213-intersection-of-three-sorted-arrays
1001-2000-locked-medium-python/1214-two-sum-bsts
1001-2000-locked-medium-python/1215-stepping-numbers
1001-2000-locked-hard-python/1216-valid-palindrome-iii
1001-2000-easy-python/1217-minimum-cost-to-move-chips-to-the-same-position
1001-2000-medium-python/1218-longest-arithmetic-subsequence-of-given-difference
1001-2000-medium-python/1219-path-with-maximum-gold
1001-2000-hard-python/1220-count-vowels-permutation
1001-2000-easy-python/1221-split-a-string-in-balanced-strings
1001-2000-medium-python/1222-queens-that-can-attack-the-king
1001-2000-hard-python/1223-dice-roll-simulation
1001-2000-hard-python/1224-maximum-equal-frequency
1001-2000-locked-hard-sql/1225-report-contiguous-dates
1001-2000-medium-python/1226-the-dining-philosophers
1001-2000-medium-python/1227-airplane-seat-assignment-probability
1001-2000-locked-easy-python/1228-missing-number-in-arithmetic-progression
1001-2000-locked-medium-python/1229-meeting-scheduler
1001-2000-locked-medium-python/1230-toss-strange-coins
1001-2000-locked-hard-python/1231-divide-chocolate
1001-2000-easy-python/1232-check-if-it-is-a-straight-line
1001-2000-medium-python/1233-remove-sub-folders-from-the-filesystem
1001-2000-medium-python/1234-replace-the-substring-for-balanced-string
1001-2000-hard-python/1235-maximum-profit-in-job-scheduling
1001-2000-locked-medium-python/1236-web-crawler
1001-2000-medium-python/1237-find-positive-integer-solution-for-a-given-equation
1001-2000-medium-python/1238-circular-permutation-in-binary-representation
1001-2000-medium-python/1239-maximum-length-of-a-concatenated-string-with-unique-characters
1001-2000-hard-python/1240-tiling-a-rectangle-with-the-fewest-squares
1001-2000-locked-easy-sql/1241-number-of-comments-per-post
1001-2000-locked-medium-python/1242-web-crawler-multithreaded
1001-2000-locked-easy-python/1243-array-transformation
1001-2000-locked-medium-python/1244-design-a-leaderboard
1001-2000-locked-medium-python/1245-tree-diameter
1001-2000-locked-hard-python/1246-palindrome-removal
1001-2000-medium-python/1247-minimum-swaps-to-make-strings-equal
1001-2000-medium-python/1248-count-number-of-nice-subarrays
1001-2000-medium-python/1249-minimum-remove-to-make-valid-parentheses
1001-2000-hard-python/1250-check-if-it-is-a-good-array
1001-2000-easy-sql/1251-average-selling-price
1001-2000-easy-python/1252-cells-with-odd-values-in-a-matrix
1001-2000-medium-python/1253-reconstruct-a-2-row-binary-matrix
1001-2000-medium-python/1254-number-of-closed-islands
1001-2000-hard-python/1255-maximum-score-words-formed-by-letters
1001-2000-locked-medium-python/1256-encode-number
1001-2000-locked-medium-python/1257-smallest-common-region
1001-2000-locked-medium-python/1258-synonymous-sentences
1001-2000-locked-hard-python/1259-handshakes-that-dont-cross
1001-2000-easy-python/1260-shift-2d-grid
1001-2000-medium-python/1261-find-elements-in-a-contaminated-binary-tree
1001-2000-medium-python/1262-greatest-sum-divisible-by-three
1001-2000-hard-python/1263-minimum-moves-to-move-a-box-to-their-target-location
1001-2000-locked-medium-sql/1264-page-recommendations
1001-2000-locked-medium-python/1265-print-immutable-linked-list-in-reverse
1001-2000-easy-python/1266-minimum-time-visiting-all-points
1001-2000-medium-python/1267-count-servers-that-communicate
1001-2000-medium-python/1268-search-suggestions-system
1001-2000-hard-python/1269-number-of-ways-to-stay-in-the-same-place-after-some-steps
1001-2000-locked-medium-sql/1270-all-people-report-to-the-given-manager
1001-2000-locked-easy-python/1271-hexspeak
1001-2000-locked-medium-python/1272-remove-interval
1001-2000-locked-medium-python/1273-delete-tree-nodes
1001-2000-locked-hard-python/1274-number-of-ships-in-a-rectangle
1001-2000-easy-python/1275-find-winner-on-a-tic-tac-toe-game
1001-2000-medium-python/1276-number-of-burgers-with-no-waste-of-ingredients
1001-2000-medium-python/1277-count-square-submatrices-with-all-ones
1001-2000-hard-python/1278-palindrome-partitioning-iii
1001-2000-locked-easy-python/1279-traffic-light-controlled-intersection
1001-2000-easy-sql/1280-students-and-examinations
1001-2000-easy-python/1281-subtract-the-product-and-sum-of-digits-of-an-integer
1001-2000-medium-python/1282-group-the-people-given-the-group-size-they-belong-to
1001-2000-medium-python/1283-find-the-smallest-divisor-given-a-threshold
1001-2000-hard-python/1284-minimum-number-of-flips-to-convert-binary-matrix-to-zero-matrix
1001-2000-locked-medium-sql/1285-find-the-start-and-end-number-of-continuous-ranges
1001-2000-medium-python/1286-iterator-for-combination
1001-2000-easy-python/1287-element-appearing-more-than-25-in-sorted-array
1001-2000-medium-python/1288-remove-covered-intervals
1001-2000-hard-python/1289-minimum-falling-path-sum-ii
1001-2000-easy-python/1290-convert-binary-number-in-a-linked-list-to-integer
1001-2000-medium-python/1291-sequential-digits
1001-2000-medium-python/1292-maximum-side-length-of-a-square-with-sum-less-than-or-equal-to-threshold
1001-2000-hard-python/1293-shortest-path-in-a-grid-with-obstacles-elimination
1001-2000-locked-easy-sql/1294-weather-type-in-each-country
1001-2000-easy-python/1295-find-numbers-with-even-number-of-digits
1001-2000-medium-python/1296-divide-array-in-sets-of-k-consecutive-numbers
1001-2000-medium-python/1297-maximum-number-of-occurrences-of-a-substring
1001-2000-hard-python/1298-maximum-candies-you-can-get-from-boxes
1001-2000-easy-python/1299-replace-elements-with-greatest-element-on-right-side
1001-2000-medium-python/1300-sum-of-mutated-array-closest-to-target
1001-2000-hard-python/1301-number-of-paths-with-max-score
1001-2000-medium-python/1302-deepest-leaves-sum
1001-2000-locked-easy-sql/1303-find-the-team-size
1001-2000-easy-python/1304-find-n-unique-integers-sum-up-to-zero
1001-2000-medium-python/1305-all-elements-in-two-binary-search-trees
1001-2000-medium-python/1306-jump-game-iii
1001-2000-hard-python/1307-verbal-arithmetic-puzzle
1001-2000-locked-medium-sql/1308-running-total-for-different-genders
1001-2000-easy-python/1309-decrypt-string-from-alphabet-to-integer-mapping
1001-2000-medium-python/1310-xor-queries-of-a-subarray
1001-2000-medium-python/1311-get-watched-videos-by-your-friends
1001-2000-hard-python/1312-minimum-insertion-steps-to-make-a-string-palindrome
1001-2000-easy-python/1313-decompress-run-length-encoded-list
1001-2000-medium-python/1314-matrix-block-sum
1001-2000-medium-python/1315-sum-of-nodes-with-even-valued-grandparent
1001-2000-hard-python/1316-distinct-echo-substrings
1001-2000-easy-python/1317-convert-integer-to-the-sum-of-two-no-zero-integers
1001-2000-medium-python/1318-minimum-flips-to-make-a-or-b-equal-to-c
1001-2000-medium-python/1319-number-of-operations-to-make-network-connected
1001-2000-hard-python/1320-minimum-distance-to-type-a-word-using-two-fingers
1001-2000-medium-sql/1321-restaurant-growth
1001-2000-locked-easy-sql/1322-ads-performance
1001-2000-easy-python/1323-maximum-69-number
1001-2000-medium-python/1324-print-words-vertically
1001-2000-medium-python/1325-delete-leaves-with-a-given-value
1001-2000-hard-python/1326-minimum-number-of-taps-to-open-to-water-a-garden
1001-2000-easy-sql/1327-list-the-products-ordered-in-a-period
1001-2000-medium-python/1328-break-a-palindrome
1001-2000-medium-python/1329-sort-the-matrix-diagonally
1001-2000-hard-python/1330-reverse-subarray-to-maximize-array-value
1001-2000-easy-python/1331-rank-transform-of-an-array
1001-2000-easy-python/1332-remove-palindromic-subsequences
1001-2000-medium-python/1333-filter-restaurants-by-vegan-friendly-price-and-distance
1001-2000-medium-python/1334-find-the-city-with-the-smallest-number-of-neighbors-at-a-threshold-distance
1001-2000-hard-python/1335-minimum-difficulty-of-a-job-schedule
1001-2000-locked-hard-sql/1336-number-of-transactions-per-visit
1001-2000-easy-python/1337-the-k-weakest-rows-in-a-matrix
1001-2000-medium-python/1338-reduce-array-size-to-the-half
1001-2000-medium-python/1339-maximum-product-of-splitted-binary-tree
1001-2000-hard-python/1340-jump-game-v
1001-2000-medium-sql/1341-movie-rating
1001-2000-easy-python/1342-number-of-steps-to-reduce-a-number-to-zero
1001-2000-medium-python/1343-number-of-sub-arrays-of-size-k-and-average-greater-than-or-equal-to-threshold
1001-2000-medium-python/1344-angle-between-hands-of-a-clock
1001-2000-hard-python/1345-jump-game-iv
1001-2000-easy-python/1346-check-if-n-and-its-double-exist
1001-2000-medium-python/1347-minimum-number-of-steps-to-make-two-strings-anagram
1001-2000-medium-python/1348-tweet-counts-per-frequency
1001-2000-hard-python/1349-maximum-students-taking-exam
1001-2000-locked-easy-sql/1350-students-with-invalid-departments
1001-2000-easy-python/1351-count-negative-numbers-in-a-sorted-matrix
1001-2000-medium-python/1352-product-of-the-last-k-numbers
1001-2000-medium-python/1353-maximum-number-of-events-that-can-be-attended
1001-2000-hard-python/1354-construct-target-array-with-multiple-sums
1001-2000-locked-medium-sql/1355-activity-participants
1001-2000-easy-python/1356-sort-integers-by-the-number-of-1-bits
1001-2000-medium-python/1357-apply-discount-every-n-orders
1001-2000-medium-python/1358-number-of-substrings-containing-all-three-characters
1001-2000-hard-python/1359-count-all-valid-pickup-and-delivery-options
1001-2000-easy-python/1360-number-of-days-between-two-dates
1001-2000-medium-python/1361-validate-binary-tree-nodes
1001-2000-medium-python/1362-closest-divisors
1001-2000-hard-python/1363-largest-multiple-of-three
1001-2000-locked-medium-sql/1364-number-of-trusted-contacts-of-a-customer
1001-2000-easy-python/1365-how-many-numbers-are-smaller-than-the-current-number
1001-2000-medium-python/1366-rank-teams-by-votes
1001-2000-medium-python/1367-linked-list-in-binary-tree
1001-2000-hard-python/1368-minimum-cost-to-make-at-least-one-valid-path-in-a-grid
1001-2000-locked-hard-sql/1369-get-the-second-most-recent-activity
1001-2000-easy-python/1370-increasing-decreasing-string
1001-2000-medium-python/1371-find-the-longest-substring-containing-vowels-in-even-counts
1001-2000-medium-python/1372-longest-zigzag-path-in-a-binary-tree
1001-2000-hard-python/1373-maximum-sum-bst-in-binary-tree
1001-2000-easy-python/1374-generate-a-string-with-characters-that-have-odd-counts
1001-2000-medium-python/1375-number-of-times-binary-string-is-prefix-aligned
1001-2000-medium-python/1376-time-needed-to-inform-all-employees
1001-2000-hard-python/1377-frog-position-after-t-seconds
1001-2000-easy-sql/1378-replace-employee-id-with-the-unique-identifier
1001-2000-easy-python/1379-find-a-corresponding-node-of-a-binary-tree-in-a-clone-of-that-tree
1001-2000-easy-python/1380-lucky-numbers-in-a-matrix
1001-2000-medium-python/1381-design-a-stack-with-increment-operation
1001-2000-medium-python/1382-balance-a-binary-search-tree
1001-2000-hard-python/1383-maximum-performance-of-a-team
1001-2000-locked-hard-sql/1384-total-sales-amount-by-year
1001-2000-easy-python/1385-find-the-distance-value-between-two-arrays
1001-2000-medium-python/1386-cinema-seat-allocation
1001-2000-medium-python/1387-sort-integers-by-the-power-value
1001-2000-hard-python/1388-pizza-with-3n-slices
1001-2000-easy-python/1389-create-target-array-in-the-given-order
1001-2000-medium-python/1390-four-divisors
1001-2000-medium-python/1391-check-if-there-is-a-valid-path-in-a-grid
1001-2000-hard-python/1392-longest-happy-prefix
1001-2000-medium-sql/1393-capital-gainloss
1001-2000-easy-python/1394-find-lucky-integer-in-an-array
1001-2000-medium-python/1395-count-number-of-teams
1001-2000-medium-python/1396-design-underground-system
1001-2000-hard-python/1397-find-all-good-strings
1001-2000-locked-medium-sql/1398-customers-who-bought-products-a-and-b-but-not-c
1001-2000-easy-python/1399-count-largest-group
1001-2000-medium-python/1400-construct-k-palindrome-strings
1001-2000-medium-python/1401-circle-and-rectangle-overlapping
1001-2000-hard-python/1402-reducing-dishes
1001-2000-easy-python/1403-minimum-subsequence-in-non-increasing-order
1001-2000-medium-python/1404-number-of-steps-to-reduce-a-number-in-binary-representation-to-one
1001-2000-medium-python/1405-longest-happy-string
1001-2000-hard-python/1406-stone-game-iii
1001-2000-easy-sql/1407-top-travellers
1001-2000-easy-python/1408-string-matching-in-an-array
1001-2000-medium-python/1409-queries-on-a-permutation-with-key
1001-2000-medium-python/1410-html-entity-parser
1001-2000-hard-python/1411-number-of-ways-to-paint-n-3-grid
1001-2000-locked-hard-sql/1412-find-the-quiet-students-in-all-exams
1001-2000-easy-python/1413-minimum-value-to-get-positive-step-by-step-sum
1001-2000-medium-python/1414-find-the-minimum-number-of-fibonacci-numbers-whose-sum-is-k
1001-2000-medium-python/1415-the-k-th-lexicographical-string-of-all-happy-strings-of-length-n
1001-2000-hard-python/1416-restore-the-array
1001-2000-easy-python/1417-reformat-the-string
1001-2000-medium-python/1418-display-table-of-food-orders-in-a-restaurant
1001-2000-medium-python/1419-minimum-number-of-frogs-croaking
1001-2000-hard-python/1420-build-array-where-you-can-find-the-maximum-exactly-k-comparisons
1001-2000-locked-easy-sql/1421-npv-queries
1001-2000-easy-python/1422-maximum-score-after-splitting-a-string
1001-2000-medium-python/1423-maximum-points-you-can-obtain-from-cards
1001-2000-medium-python/1424-diagonal-traverse-ii
1001-2000-hard-python/1425-constrained-subsequence-sum
1001-2000-locked-easy-python/1426-counting-elements
1001-2000-locked-easy-python/1427-perform-string-shifts
1001-2000-locked-medium-python/1428-leftmost-column-with-at-least-a-one
1001-2000-locked-medium-python/1429-first-unique-number
1001-2000-locked-medium-python/1430-check-if-a-string-is-a-valid-sequence-from-root-to-leaves-path-in-a-binary-tree
1001-2000-easy-python/1431-kids-with-the-greatest-number-of-candies
1001-2000-medium-python/1432-max-difference-you-can-get-from-changing-an-integer
1001-2000-medium-python/1433-check-if-a-string-can-break-another-string
1001-2000-hard-python/1434-number-of-ways-to-wear-different-hats-to-each-other
1001-2000-locked-easy-sql/1435-create-a-session-bar-chart
1001-2000-easy-python/1436-destination-city
1001-2000-easy-python/1437-check-if-all-1s-are-at-least-length-k-places-away
1001-2000-medium-python/1438-longest-continuous-subarray-with-absolute-diff-less-than-or-equal-to-limit
1001-2000-hard-python/1439-find-the-kth-smallest-sum-of-a-matrix-with-sorted-rows
1001-2000-locked-medium-sql/1440-evaluate-boolean-expression
1001-2000-medium-python/1441-build-an-array-with-stack-operations
1001-2000-medium-python/1442-count-triplets-that-can-form-two-arrays-of-equal-xor
1001-2000-medium-python/1443-minimum-time-to-collect-all-apples-in-a-tree
1001-2000-hard-python/1444-number-of-ways-of-cutting-a-pizza
1001-2000-locked-medium-sql/1445-apples-oranges
1001-2000-easy-python/1446-consecutive-characters
1001-2000-medium-python/1447-simplified-fractions
1001-2000-medium-python/1448-count-good-nodes-in-binary-tree
1001-2000-hard-python/1449-form-largest-integer-with-digits-that-add-up-to-target
1001-2000-easy-python/1450-number-of-students-doing-homework-at-a-given-time
1001-2000-medium-python/1451-rearrange-words-in-a-sentence
1001-2000-medium-python/1452-people-whose-list-of-favorite-companies-is-not-a-subset-of-another-list
1001-2000-hard-python/1453-maximum-number-of-darts-inside-of-a-circular-dartboard
1001-2000-locked-medium-sql/1454-active-users
1001-2000-easy-python/1455-check-if-a-word-occurs-as-a-prefix-of-any-word-in-a-sentence
1001-2000-medium-python/1456-maximum-number-of-vowels-in-a-substring-of-given-length
1001-2000-medium-python/1457-pseudo-palindromic-paths-in-a-binary-tree
1001-2000-hard-python/1458-max-dot-product-of-two-subsequences
1001-2000-locked-medium-sql/1459-rectangles-area
1001-2000-easy-python/1460-make-two-arrays-equal-by-reversing-subarrays
1001-2000-medium-python/1461-check-if-a-string-contains-all-binary-codes-of-size-k
1001-2000-medium-python/1462-course-schedule-iv
1001-2000-hard-python/1463-cherry-pickup-ii
1001-2000-easy-python/1464-maximum-product-of-two-elements-in-an-array
1001-2000-medium-python/1465-maximum-area-of-a-piece-of-cake-after-horizontal-and-vertical-cuts
1001-2000-medium-python/1466-reorder-routes-to-make-all-paths-lead-to-the-city-zero
1001-2000-hard-python/1467-probability-of-a-two-boxes-having-the-same-number-of-distinct-balls
1001-2000-locked-medium-sql/1468-calculate-salaries
1001-2000-locked-easy-python/1469-find-all-the-lonely-nodes
1001-2000-easy-python/1470-shuffle-the-array
1001-2000-medium-python/1471-the-k-strongest-values-in-an-array
1001-2000-medium-python/1472-design-browser-history
1001-2000-hard-python/1473-paint-house-iii
1001-2000-locked-easy-python/1474-delete-n-nodes-after-m-nodes-of-a-linked-list
1001-2000-easy-python/1475-final-prices-with-a-special-discount-in-a-shop
1001-2000-medium-python/1476-subrectangle-queries
1001-2000-medium-python/1477-find-two-non-overlapping-sub-arrays-each-with-target-sum
1001-2000-hard-python/1478-allocate-mailboxes
1001-2000-locked-hard-sql/1479-sales-by-day-of-the-week
1001-2000-easy-python/1480-running-sum-of-1d-array
1001-2000-medium-python/1481-least-number-of-unique-integers-after-k-removals
1001-2000-medium-python/1482-minimum-number-of-days-to-make-m-bouquets
1001-2000-hard-python/1483-kth-ancestor-of-a-tree-node
1001-2000-easy-sql/1484-group-sold-products-by-the-date
1001-2000-locked-medium-python/1485-clone-binary-tree-with-random-pointer
1001-2000-easy-python/1486-xor-operation-in-an-array
1001-2000-medium-python/1487-making-file-names-unique
1001-2000-medium-python/1488-avoid-flood-in-the-city
1001-2000-hard-python/1489-find-critical-and-pseudo-critical-edges-in-minimum-spanning-tree
1001-2000-locked-medium-python/1490-clone-n-ary-tree
1001-2000-easy-python/1491-average-salary-excluding-the-minimum-and-maximum-salary
1001-2000-medium-python/1492-the-kth-factor-of-n
1001-2000-medium-python/1493-longest-subarray-of-1s-after-deleting-one-element
1001-2000-hard-python/1494-parallel-courses-ii
1001-2000-locked-easy-sql/1495-friendly-movies-streamed-last-month
1001-2000-easy-python/1496-path-crossing
1001-2000-medium-python/1497-check-if-array-pairs-are-divisible-by-k
1001-2000-medium-python/1498-number-of-subsequences-that-satisfy-the-given-sum-condition
1001-2000-hard-python/1499-max-value-of-equation
1001-2000-locked-medium-python/1500-design-a-file-sharing-system
1001-2000-locked-medium-sql/1501-countries-you-can-safely-invest-in
1001-2000-easy-python/1502-can-make-arithmetic-progression-from-sequence
1001-2000-medium-python/1503-last-moment-before-all-ants-fall-out-of-a-plank
1001-2000-medium-python/1504-count-submatrices-with-all-ones
1001-2000-hard-python/1505-minimum-possible-integer-after-at-most-k-adjacent-swaps-on-digits
1001-2000-locked-medium-python/1506-find-root-of-n-ary-tree
1001-2000-easy-python/1507-reformat-date
1001-2000-medium-python/1508-range-sum-of-sorted-subarray-sums
1001-2000-medium-python/1509-minimum-difference-between-largest-and-smallest-value-in-three-moves
1001-2000-hard-python/1510-stone-game-iv
1001-2000-locked-easy-sql/1511-customer-order-frequency
1001-2000-easy-python/1512-number-of-good-pairs
1001-2000-medium-python/1513-number-of-substrings-with-only-1s
1001-2000-medium-python/1514-path-with-maximum-probability
1001-2000-hard-python/1515-best-position-for-a-service-centre
1001-2000-locked-hard-python/1516-move-sub-tree-of-n-ary-tree
1001-2000-easy-sql/1517-find-users-with-valid-e-mails
1001-2000-easy-python/1518-water-bottles
1001-2000-medium-python/1519-number-of-nodes-in-the-sub-tree-with-the-same-label
1001-2000-hard-python/1520-maximum-number-of-non-overlapping-substrings
1001-2000-hard-python/1521-find-a-value-of-a-mysterious-function-closest-to-target
1001-2000-locked-medium-python/1522-diameter-of-n-ary-tree
1001-2000-easy-python/1523-count-odd-numbers-in-an-interval-range
1001-2000-medium-python/1524-number-of-sub-arrays-with-odd-sum
1001-2000-medium-python/1525-number-of-good-ways-to-split-a-string
1001-2000-hard-python/1526-minimum-number-of-increments-on-subarrays-to-form-a-target-array
1001-2000-easy-sql/1527-patients-with-a-condition
1001-2000-easy-python/1528-shuffle-string
1001-2000-medium-python/1529-minimum-suffix-flips
1001-2000-medium-python/1530-number-of-good-leaf-nodes-pairs
1001-2000-hard-python/1531-string-compression-ii
1001-2000-locked-medium-sql/1532-the-most-recent-three-orders
1001-2000-locked-medium-python/1533-find-the-index-of-the-large-integer
1001-2000-easy-python/1534-count-good-triplets
1001-2000-medium-python/1535-find-the-winner-of-an-array-game
1001-2000-medium-python/1536-minimum-swaps-to-arrange-a-binary-grid
1001-2000-hard-python/1537-get-the-maximum-score
1001-2000-locked-medium-python/1538-guess-the-majority-in-a-hidden-array
1001-2000-easy-python/1539-kth-missing-positive-number
1001-2000-medium-python/1540-can-convert-string-in-k-moves
1001-2000-medium-python/1541-minimum-insertions-to-balance-a-parentheses-string
1001-2000-hard-python/1542-find-longest-awesome-substring
1001-2000-locked-easy-sql/1543-fix-product-name-format
1001-2000-easy-python/1544-make-the-string-great
1001-2000-medium-python/1545-find-kth-bit-in-nth-binary-string
1001-2000-medium-python/1546-maximum-number-of-non-overlapping-subarrays-with-sum-equals-target
1001-2000-hard-python/1547-minimum-cost-to-cut-a-stick
1001-2000-locked-hard-python/1548-the-most-similar-path-in-a-graph
1001-2000-locked-medium-sql/1549-the-most-recent-orders-for-each-product
1001-2000-easy-python/1550-three-consecutive-odds
1001-2000-medium-python/1551-minimum-operations-to-make-array-equal
1001-2000-medium-python/1552-magnetic-force-between-two-balls
1001-2000-hard-python/1553-minimum-number-of-days-to-eat-n-oranges
1001-2000-locked-medium-python/1554-strings-differ-by-one-character
1001-2000-locked-medium-sql/1555-bank-account-summary
1001-2000-easy-python/1556-thousand-separator
1001-2000-medium-python/1557-minimum-number-of-vertices-to-reach-all-nodes
1001-2000-medium-python/1558-minimum-numbers-of-function-calls-to-make-target-array
1001-2000-medium-python/1559-detect-cycles-in-2d-grid
1001-2000-easy-python/1560-most-visited-sector-in-a-circular-track
1001-2000-medium-python/1561-maximum-number-of-coins-you-can-get
1001-2000-medium-python/1562-find-latest-group-of-size-m
1001-2000-hard-python/1563-stone-game-v
1001-2000-locked-medium-python/1564-put-boxes-into-the-warehouse-i
1001-2000-locked-easy-sql/1565-unique-orders-and-customers-per-month
1001-2000-easy-python/1566-detect-pattern-of-length-m-repeated-k-or-more-times
1001-2000-medium-python/1567-maximum-length-of-subarray-with-positive-product
1001-2000-hard-python/1568-minimum-number-of-days-to-disconnect-island
1001-2000-hard-python/1569-number-of-ways-to-reorder-array-to-get-same-bst
1001-2000-locked-medium-python/1570-dot-product-of-two-sparse-vectors
1001-2000-locked-easy-sql/1571-warehouse-manager
1001-2000-easy-python/1572-matrix-diagonal-sum
1001-2000-medium-python/1573-number-of-ways-to-split-a-string
1001-2000-medium-python/1574-shortest-subarray-to-be-removed-to-make-array-sorted
1001-2000-hard-python/1575-count-all-possible-routes
1001-2000-easy-python/1576-replace-all-s-to-avoid-consecutive-repeating-characters
1001-2000-medium-python/1577-number-of-ways-where-square-of-number-is-equal-to-product-of-two-numbers
1001-2000-medium-python/1578-minimum-time-to-make-rope-colorful
1001-2000-hard-python/1579-remove-max-number-of-edges-to-keep-graph-fully-traversable
1001-2000-locked-medium-python/1580-put-boxes-into-the-warehouse-ii
1001-2000-easy-sql/1581-customer-who-visited-but-did-not-make-any-transactions
1001-2000-easy-python/1582-special-positions-in-a-binary-matrix
1001-2000-medium-python/1583-count-unhappy-friends
1001-2000-medium-python/1584-min-cost-to-connect-all-points
1001-2000-hard-python/1585-check-if-string-is-transformable-with-substring-sort-operations
1001-2000-locked-medium-python/1586-binary-search-tree-iterator-ii
1001-2000-easy-sql/1587-bank-account-summary-ii
1001-2000-easy-python/1588-sum-of-all-odd-length-subarrays
1001-2000-medium-python/1589-maximum-sum-obtained-of-any-permutation
1001-2000-medium-python/1590-make-sum-divisible-by-p
1001-2000-hard-python/1591-strange-printer-ii
1001-2000-easy-python/1592-rearrange-spaces-between-words
1001-2000-medium-python/1593-split-a-string-into-the-max-number-of-unique-substrings
1001-2000-medium-python/1594-maximum-non-negative-product-in-a-matrix
1001-2000-hard-python/1595-minimum-cost-to-connect-two-groups-of-points
1001-2000-locked-medium-sql/1596-the-most-frequently-ordered-products-for-each-customer
1001-2000-locked-hard-python/1597-build-binary-expression-tree-from-infix-expression
1001-2000-easy-python/1598-crawler-log-folder
1001-2000-medium-python/1599-maximum-profit-of-operating-a-centennial-wheel
1001-2000-medium-python/1600-throne-inheritance
1001-2000-hard-python/1601-maximum-number-of-achievable-transfer-requests
1001-2000-locked-medium-python/1602-find-nearest-right-node-in-binary-tree
1001-2000-easy-python/1603-design-parking-system
1001-2000-medium-python/1604-alert-using-same-key-card-three-or-more-times-in-a-one-hour-period
1001-2000-medium-python/1605-find-valid-matrix-given-row-and-column-sums
1001-2000-hard-python/1606-find-servers-that-handled-most-number-of-requests
1001-2000-locked-easy-sql/1607-sellers-with-no-sales
1001-2000-easy-python/1608-special-array-with-x-elements-greater-than-or-equal-x
1001-2000-medium-python/1609-even-odd-tree
1001-2000-hard-python/1610-maximum-number-of-visible-points
1001-2000-hard-python/1611-minimum-one-bit-operations-to-make-integers-zero
1001-2000-locked-medium-python/1612-check-if-two-expression-trees-are-equivalent
1001-2000-locked-medium-sql/1613-find-the-missing-ids
1001-2000-easy-python/1614-maximum-nesting-depth-of-the-parentheses
1001-2000-medium-python/1615-maximal-network-rank
1001-2000-medium-python/1616-split-two-strings-to-make-palindrome
1001-2000-hard-python/1617-count-subtrees-with-max-distance-between-cities
1001-2000-locked-medium-python/1618-maximum-font-to-fit-a-sentence-in-a-screen
1001-2000-easy-python/1619-mean-of-array-after-removing-some-elements
1001-2000-medium-python/1620-coordinate-with-maximum-network-quality
1001-2000-medium-python/1621-number-of-sets-of-k-non-overlapping-line-segments
1001-2000-hard-python/1622-fancy-sequence
1001-2000-locked-easy-sql/1623-all-valid-triplets-that-can-represent-a-country
1001-2000-easy-python/1624-largest-substring-between-two-equal-characters
1001-2000-medium-python/1625-lexicographically-smallest-string-after-applying-operations
1001-2000-medium-python/1626-best-team-with-no-conflicts
1001-2000-hard-python/1627-graph-connectivity-with-threshold
1001-2000-locked-medium-python/1628-design-an-expression-tree-with-evaluate-function
1001-2000-easy-python/1629-slowest-key
1001-2000-medium-python/1630-arithmetic-subarrays
1001-2000-medium-python/1631-path-with-minimum-effort
1001-2000-hard-python/1632-rank-transform-of-a-matrix
1001-2000-easy-sql/1633-percentage-of-users-attended-a-contest
1001-2000-locked-medium-python/1634-add-two-polynomials-represented-as-linked-lists
1001-2000-locked-hard-sql/1635-hopper-company-queries-i
1001-2000-easy-python/1636-sort-array-by-increasing-frequency
1001-2000-easy-python/1637-widest-vertical-area-between-two-points-containing-no-points
1001-2000-medium-python/1638-count-substrings-that-differ-by-one-character
1001-2000-hard-python/1639-number-of-ways-to-form-a-target-string-given-a-dictionary
1001-2000-easy-python/1640-check-array-formation-through-concatenation
1001-2000-medium-python/1641-count-sorted-vowel-strings
1001-2000-medium-python/1642-furthest-building-you-can-reach
1001-2000-hard-python/1643-kth-smallest-instructions
1001-2000-locked-medium-python/1644-lowest-common-ancestor-of-a-binary-tree-ii
1001-2000-locked-hard-sql/1645-hopper-company-queries-ii
1001-2000-easy-python/1646-get-maximum-in-generated-array
1001-2000-medium-python/1647-minimum-deletions-to-make-character-frequencies-unique
1001-2000-medium-python/1648-sell-diminishing-valued-colored-balls
1001-2000-hard-python/1649-create-sorted-array-through-instructions
1001-2000-locked-medium-python/1650-lowest-common-ancestor-of-a-binary-tree-iii
1001-2000-locked-hard-sql/1651-hopper-company-queries-iii
1001-2000-easy-python/1652-defuse-the-bomb
1001-2000-medium-python/1653-minimum-deletions-to-make-string-balanced
1001-2000-medium-python/1654-minimum-jumps-to-reach-home
1001-2000-hard-python/1655-distribute-repeating-integers
1001-2000-easy-python/1656-design-an-ordered-stream
1001-2000-medium-python/1657-determine-if-two-strings-are-close
1001-2000-medium-python/1658-minimum-operations-to-reduce-x-to-zero
1001-2000-hard-python/1659-maximize-grid-happiness
1001-2000-locked-medium-python/1660-correct-a-binary-tree
1001-2000-easy-sql/1661-average-time-of-process-per-machine
1001-2000-easy-python/1662-check-if-two-string-arrays-are-equivalent
1001-2000-medium-python/1663-smallest-string-with-a-given-numeric-value
1001-2000-medium-python/1664-ways-to-make-a-fair-array
1001-2000-hard-python/1665-minimum-initial-energy-to-finish-tasks
1001-2000-locked-medium-python/1666-change-the-root-of-a-binary-tree
1001-2000-easy-sql/1667-fix-names-in-a-table
1001-2000-easy-python/1668-maximum-repeating-substring
1001-2000-medium-python/1669-merge-in-between-linked-lists
1001-2000-medium-python/1670-design-front-middle-back-queue
1001-2000-hard-python/1671-minimum-number-of-removals-to-make-mountain-array
1001-2000-easy-python/1672-richest-customer-wealth
1001-2000-medium-python/1673-find-the-most-competitive-subsequence
1001-2000-medium-python/1674-minimum-moves-to-make-array-complementary
1001-2000-hard-python/1675-minimize-deviation-in-array
1001-2000-locked-medium-python/1676-lowest-common-ancestor-of-a-binary-tree-iv
1001-2000-locked-easy-sql/1677-products-worth-over-invoices
1001-2000-easy-python/1678-goal-parser-interpretation
1001-2000-medium-python/1679-max-number-of-k-sum-pairs
1001-2000-medium-python/1680-concatenation-of-consecutive-binary-numbers
1001-2000-hard-python/1681-minimum-incompatibility
1001-2000-locked-medium-python/1682-longest-palindromic-subsequence-ii
1001-2000-easy-sql/1683-invalid-tweets
1001-2000-easy-python/1684-count-the-number-of-consistent-strings
1001-2000-medium-python/1685-sum-of-absolute-differences-in-a-sorted-array
1001-2000-medium-python/1686-stone-game-vi
1001-2000-hard-python/1687-delivering-boxes-from-storage-to-ports
1001-2000-easy-python/1688-count-of-matches-in-tournament
1001-2000-medium-python/1689-partitioning-into-minimum-number-of-deci-binary-numbers
1001-2000-medium-python/1690-stone-game-vii
1001-2000-hard-python/1691-maximum-height-by-stacking-cuboids
1001-2000-locked-hard-python/1692-count-ways-to-distribute-candies
1001-2000-easy-sql/1693-daily-leads-and-partners
1001-2000-easy-python/1694-reformat-phone-number
1001-2000-medium-python/1695-maximum-erasure-value
1001-2000-medium-python/1696-jump-game-vi
1001-2000-hard-python/1697-checking-existence-of-edge-length-limited-paths
1001-2000-locked-medium-python/1698-number-of-distinct-substrings-in-a-string
1001-2000-locked-medium-sql/1699-number-of-calls-between-two-persons
1001-2000-easy-python/1700-number-of-students-unable-to-eat-lunch
1001-2000-medium-python/1701-average-waiting-time
1001-2000-medium-python/1702-maximum-binary-string-after-change
1001-2000-hard-python/1703-minimum-adjacent-swaps-for-k-consecutive-ones
1001-2000-easy-python/1704-determine-if-string-halves-are-alike
1001-2000-medium-python/1705-maximum-number-of-eaten-apples
1001-2000-medium-python/1706-where-will-the-ball-fall
1001-2000-hard-python/1707-maximum-xor-with-an-element-from-array
1001-2000-locked-easy-python/1708-largest-subarray-length-k
1001-2000-locked-medium-sql/1709-biggest-window-between-visits
1001-2000-easy-python/1710-maximum-units-on-a-truck
1001-2000-medium-python/1711-count-good-meals
1001-2000-medium-python/1712-ways-to-split-array-into-three-subarrays
1001-2000-hard-python/1713-minimum-operations-to-make-a-subsequence
1001-2000-locked-hard-python/1714-sum-of-special-evenly-spaced-elements-in-array
1001-2000-locked-medium-sql/1715-count-apples-and-oranges
1001-2000-easy-python/1716-calculate-money-in-leetcode-bank
1001-2000-medium-python/1717-maximum-score-from-removing-substrings
1001-2000-medium-python/1718-construct-the-lexicographically-largest-valid-sequence
1001-2000-hard-python/1719-number-of-ways-to-reconstruct-a-tree
1001-2000-easy-python/1720-decode-xored-array
1001-2000-medium-python/1721-swapping-nodes-in-a-linked-list
1001-2000-medium-python/1722-minimize-hamming-distance-after-swap-operations
1001-2000-hard-python/1723-find-minimum-time-to-finish-all-jobs
1001-2000-locked-hard-python/1724-checking-existence-of-edge-length-limited-paths-ii
1001-2000-easy-python/1725-number-of-rectangles-that-can-form-the-largest-square
1001-2000-medium-python/1726-tuple-with-same-product
1001-2000-medium-python/1727-largest-submatrix-with-rearrangements
1001-2000-hard-python/1728-cat-and-mouse-ii
1001-2000-easy-sql/1729-find-followers-count
1001-2000-locked-medium-python/1730-shortest-path-to-get-food
1001-2000-easy-sql/1731-the-number-of-employees-which-report-to-each-employee
1001-2000-easy-python/1732-find-the-highest-altitude
1001-2000-medium-python/1733-minimum-number-of-people-to-teach
1001-2000-medium-python/1734-decode-xored-permutation
1001-2000-hard-python/1735-count-ways-to-make-array-with-product
1001-2000-easy-python/1736-latest-time-by-replacing-hidden-digits
1001-2000-medium-python/1737-change-minimum-characters-to-satisfy-one-of-three-conditions
1001-2000-medium-python/1738-find-kth-largest-xor-coordinate-value
1001-2000-hard-python/1739-building-boxes
1001-2000-locked-medium-python/1740-find-distance-in-a-binary-tree
1001-2000-easy-sql/1741-find-total-time-spent-by-each-employee
1001-2000-easy-python/1742-maximum-number-of-balls-in-a-box
1001-2000-medium-python/1743-restore-the-array-from-adjacent-pairs
1001-2000-medium-python/1744-can-you-eat-your-favorite-candy-on-your-favorite-day
1001-2000-hard-python/1745-palindrome-partitioning-iv
1001-2000-locked-medium-python/1746-maximum-subarray-sum-after-one-operation
1001-2000-locked-medium-sql/1747-leetflex-banned-accounts
1001-2000-easy-python/1748-sum-of-unique-elements
1001-2000-medium-python/1749-maximum-absolute-sum-of-any-subarray
1001-2000-medium-python/1750-minimum-length-of-string-after-deleting-similar-ends
1001-2000-hard-python/1751-maximum-number-of-events-that-can-be-attended-ii
1001-2000-easy-python/1752-check-if-array-is-sorted-and-rotated
1001-2000-medium-python/1753-maximum-score-from-removing-stones
1001-2000-medium-python/1754-largest-merge-of-two-strings
1001-2000-hard-python/1755-closest-subsequence-sum
1001-2000-locked-medium-python/1756-design-most-recently-used-queue
1001-2000-easy-sql/1757-recyclable-and-low-fat-products
1001-2000-easy-python/1758-minimum-changes-to-make-alternating-binary-string
1001-2000-medium-python/1759-count-number-of-homogenous-substrings
1001-2000-medium-python/1760-minimum-limit-of-balls-in-a-bag
1001-2000-hard-python/1761-minimum-degree-of-a-connected-trio-in-a-graph
1001-2000-locked-medium-python/1762-buildings-with-an-ocean-view
1001-2000-easy-python/1763-longest-nice-substring
1001-2000-medium-python/1764-form-array-by-concatenating-subarrays-of-another-array
1001-2000-medium-python/1765-map-of-highest-peak
1001-2000-hard-python/1766-tree-of-coprimes
1001-2000-locked-hard-sql/1767-find-the-subtasks-that-did-not-execute
1001-2000-easy-python/1768-merge-strings-alternately
1001-2000-medium-python/1769-minimum-number-of-operations-to-move-all-balls-to-each-box
1001-2000-hard-python/1770-maximum-score-from-performing-multiplication-operations
1001-2000-hard-python/1771-maximize-palindrome-length-from-subsequences
1001-2000-locked-medium-python/1772-sort-features-by-popularity
1001-2000-easy-python/1773-count-items-matching-a-rule
1001-2000-medium-python/1774-closest-dessert-cost
1001-2000-medium-python/1775-equal-sum-arrays-with-minimum-number-of-operations
1001-2000-hard-python/1776-car-fleet-ii
1001-2000-locked-easy-sql/1777-products-price-for-each-store
1001-2000-locked-medium-python/1778-shortest-path-in-a-hidden-grid
1001-2000-easy-python/1779-find-nearest-point-that-has-the-same-x-or-y-coordinate
1001-2000-medium-python/1780-check-if-number-is-a-sum-of-powers-of-three
1001-2000-medium-python/1781-sum-of-beauty-of-all-substrings
1001-2000-hard-python/1782-count-pairs-of-nodes
1001-2000-locked-medium-sql/1783-grand-slam-titles
1001-2000-easy-python/1784-check-if-binary-string-has-at-most-one-segment-of-ones
1001-2000-medium-python/1785-minimum-elements-to-add-to-form-a-given-sum
1001-2000-medium-python/1786-number-of-restricted-paths-from-first-to-last-node
1001-2000-hard-python/1787-make-the-xor-of-all-segments-equal-to-zero
1001-2000-locked-hard-python/1788-maximize-the-beauty-of-the-garden
1001-2000-easy-sql/1789-primary-department-for-each-employee
1001-2000-easy-python/1790-check-if-one-string-swap-can-make-strings-equal
1001-2000-easy-python/1791-find-center-of-star-graph
1001-2000-medium-python/1792-maximum-average-pass-ratio
1001-2000-hard-python/1793-maximum-score-of-a-good-subarray
1001-2000-locked-medium-python/1794-count-pairs-of-equal-substrings-with-minimum-difference
1001-2000-easy-sql/1795-rearrange-products-table
1001-2000-easy-python/1796-second-largest-digit-in-a-string
1001-2000-medium-python/1797-design-authentication-manager
1001-2000-medium-python/1798-maximum-number-of-consecutive-values-you-can-make
1001-2000-hard-python/1799-maximize-score-after-n-operations
1001-2000-easy-python/1800-maximum-ascending-subarray-sum
1001-2000-medium-python/1801-number-of-orders-in-the-backlog
1001-2000-medium-python/1802-maximum-value-at-a-given-index-in-a-bounded-array
1001-2000-hard-python/1803-count-pairs-with-xor-in-a-range
1001-2000-locked-medium-python/1804-implement-trie-ii-prefix-tree
1001-2000-easy-python/1805-number-of-different-integers-in-a-string
1001-2000-medium-python/1806-minimum-number-of-operations-to-reinitialize-a-permutation
1001-2000-medium-python/1807-evaluate-the-bracket-pairs-of-a-string
1001-2000-hard-python/1808-maximize-number-of-nice-divisors
1001-2000-locked-easy-sql/1809-ad-free-sessions
1001-2000-locked-medium-python/1810-minimum-path-cost-in-a-hidden-grid
1001-2000-locked-medium-sql/1811-find-interview-candidates
1001-2000-easy-python/1812-determine-color-of-a-chessboard-square
1001-2000-medium-python/1813-sentence-similarity-iii
1001-2000-medium-python/1814-count-nice-pairs-in-an-array
1001-2000-hard-python/1815-maximum-number-of-groups-getting-fresh-donuts
1001-2000-easy-python/1816-truncate-sentence
1001-2000-medium-python/1817-finding-the-users-active-minutes
1001-2000-medium-python/1818-minimum-absolute-sum-difference
1001-2000-hard-python/1819-number-of-different-subsequences-gcds
1001-2000-locked-medium-python/1820-maximum-number-of-accepted-invitations
1001-2000-locked-easy-sql/1821-find-customers-with-positive-revenue-this-year
1001-2000-easy-python/1822-sign-of-the-product-of-an-array
1001-2000-medium-python/1823-find-the-winner-of-the-circular-game
1001-2000-medium-python/1824-minimum-sideway-jumps
1001-2000-hard-python/1825-finding-mk-average
1001-2000-locked-easy-python/1826-faulty-sensor
1001-2000-easy-python/1827-minimum-operations-to-make-the-array-increasing
1001-2000-medium-python/1828-queries-on-number-of-points-inside-a-circle
1001-2000-medium-python/1829-maximum-xor-for-each-query
1001-2000-hard-python/1830-minimum-number-of-operations-to-make-string-sorted
1001-2000-locked-medium-sql/1831-maximum-transaction-each-day
1001-2000-easy-python/1832-check-if-the-sentence-is-pangram
1001-2000-medium-python/1833-maximum-ice-cream-bars
1001-2000-medium-python/1834-single-threaded-cpu
1001-2000-hard-python/1835-find-xor-sum-of-all-pairs-bitwise-and
1001-2000-locked-medium-python/1836-remove-duplicates-from-an-unsorted-linked-list
1001-2000-easy-python/1837-sum-of-digits-in-base-k
1001-2000-medium-python/1838-frequency-of-the-most-frequent-element
1001-2000-medium-python/1839-longest-substring-of-all-vowels-in-order
1001-2000-hard-python/1840-maximum-building-height
1001-2000-locked-medium-sql/1841-league-statistics
1001-2000-locked-hard-python/1842-next-palindrome-using-same-digits
1001-2000-locked-medium-sql/1843-suspicious-bank-accounts
1001-2000-easy-python/1844-replace-all-digits-with-characters
1001-2000-medium-python/1845-seat-reservation-manager
1001-2000-medium-python/1846-maximum-element-after-decreasing-and-rearranging
1001-2000-hard-python/1847-closest-room
1001-2000-easy-python/1848-minimum-distance-to-the-target-element
1001-2000-medium-python/1849-splitting-a-string-into-descending-consecutive-values
1001-2000-medium-python/1850-minimum-adjacent-swaps-to-reach-the-kth-smallest-number
1001-2000-hard-python/1851-minimum-interval-to-include-each-query
1001-2000-locked-medium-python/1852-distinct-numbers-in-each-subarray
1001-2000-locked-easy-sql/1853-convert-date-format
1001-2000-easy-python/1854-maximum-population-year
1001-2000-medium-python/1855-maximum-distance-between-a-pair-of-values
1001-2000-medium-python/1856-maximum-subarray-min-product
1001-2000-hard-python/1857-largest-color-value-in-a-directed-graph
1001-2000-locked-medium-python/1858-longest-word-with-all-prefixes
1001-2000-easy-python/1859-sorting-the-sentence
1001-2000-medium-python/1860-incremental-memory-leak
1001-2000-medium-python/1861-rotating-the-box
1001-2000-hard-python/1862-sum-of-floored-pairs
1001-2000-easy-python/1863-sum-of-all-subset-xor-totals
1001-2000-medium-python/1864-minimum-number-of-swaps-to-make-the-binary-string-alternating
1001-2000-medium-python/1865-finding-pairs-with-a-certain-sum
1001-2000-hard-python/1866-number-of-ways-to-rearrange-sticks-with-k-sticks-visible
1001-2000-locked-medium-sql/1867-orders-with-maximum-quantity-above-average
1001-2000-locked-medium-python/1868-product-of-two-run-length-encoded-arrays
1001-2000-easy-python/1869-longer-contiguous-segments-of-ones-than-zeros
1001-2000-medium-python/1870-minimum-speed-to-arrive-on-time
1001-2000-medium-python/1871-jump-game-vii
1001-2000-hard-python/1872-stone-game-viii
1001-2000-easy-sql/1873-calculate-special-bonus
1001-2000-locked-medium-python/1874-minimize-product-sum-of-two-arrays
1001-2000-locked-medium-sql/1875-group-employees-of-the-same-salary
1001-2000-easy-python/1876-substrings-of-size-three-with-distinct-characters
1001-2000-medium-python/1877-minimize-maximum-pair-sum-in-array
1001-2000-medium-python/1878-get-biggest-three-rhombus-sums-in-a-grid
1001-2000-hard-python/1879-minimum-xor-sum-of-two-arrays
1001-2000-easy-python/1880-check-if-word-equals-summation-of-two-words
1001-2000-medium-python/1881-maximum-value-after-insertion
1001-2000-medium-python/1882-process-tasks-using-servers
1001-2000-hard-python/1883-minimum-skips-to-arrive-at-meeting-on-time
1001-2000-medium-python/1884-egg-drop-with-2-eggs-and-n-floors
1001-2000-locked-medium-python/1885-count-pairs-in-two-arrays
1001-2000-easy-python/1886-determine-whether-matrix-can-be-obtained-by-rotation
1001-2000-medium-python/1887-reduction-operations-to-make-the-array-elements-equal
1001-2000-medium-python/1888-minimum-number-of-flips-to-make-the-binary-string-alternating
1001-2000-hard-python/1889-minimum-space-wasted-from-packaging
1001-2000-easy-sql/1890-the-latest-login-in-2020
1001-2000-locked-medium-python/1891-cutting-ribbons
1001-2000-locked-hard-sql/1892-page-recommendations-ii
1001-2000-easy-python/1893-check-if-all-the-integers-in-a-range-are-covered
1001-2000-medium-python/1894-find-the-student-that-will-replace-the-chalk
1001-2000-medium-python/1895-largest-magic-square
1001-2000-hard-python/1896-minimum-cost-to-change-the-final-value-of-expression
1001-2000-easy-python/1897-redistribute-characters-to-make-all-strings-equal
1001-2000-medium-python/1898-maximum-number-of-removable-characters
1001-2000-medium-python/1899-merge-triplets-to-form-target-triplet
1001-2000-hard-python/1900-the-earliest-and-latest-rounds-where-players-compete
1001-2000-medium-python/1901-find-a-peak-element-ii
1001-2000-locked-medium-python/1902-depth-of-bst-given-insertion-order
1001-2000-easy-python/1903-largest-odd-number-in-string
1001-2000-medium-python/1904-the-number-of-full-rounds-you-have-played
1001-2000-medium-python/1905-count-sub-islands
1001-2000-medium-python/1906-minimum-absolute-difference-queries
1001-2000-medium-sql/1907-count-salary-categories
1001-2000-locked-medium-python/1908-game-of-nim
1001-2000-easy-python/1909-remove-one-element-to-make-the-array-strictly-increasing
1001-2000-medium-python/1910-remove-all-occurrences-of-a-substring
1001-2000-medium-python/1911-maximum-alternating-subsequence-sum
1001-2000-hard-python/1912-design-movie-rental-system
1001-2000-easy-python/1913-maximum-product-difference-between-two-pairs
1001-2000-medium-python/1914-cyclically-rotating-a-grid
1001-2000-medium-python/1915-number-of-wonderful-substrings
1001-2000-hard-python/1916-count-ways-to-build-rooms-in-an-ant-colony
1001-2000-locked-hard-sql/1917-leetcodify-friends-recommendations
1001-2000-locked-medium-python/1918-kth-smallest-subarray-sum
1001-2000-locked-hard-sql/1919-leetcodify-similar-friends
1001-2000-easy-python/1920-build-array-from-permutation
1001-2000-medium-python/1921-eliminate-maximum-number-of-monsters
1001-2000-medium-python/1922-count-good-numbers
1001-2000-hard-python/1923-longest-common-subpath
1001-2000-locked-hard-python/1924-erect-the-fence-ii
1001-2000-easy-python/1925-count-square-sum-triples
1001-2000-medium-python/1926-nearest-exit-from-entrance-in-maze
1001-2000-medium-python/1927-sum-game
1001-2000-hard-python/1928-minimum-cost-to-reach-destination-in-time
1001-2000-easy-python/1929-concatenation-of-array
1001-2000-medium-python/1930-unique-length-3-palindromic-subsequences
1001-2000-hard-python/1931-painting-a-grid-with-three-different-colors
1001-2000-hard-python/1932-merge-bsts-to-create-single-bst
1001-2000-locked-easy-python/1933-check-if-string-is-decomposable-into-value-equal-substrings
1001-2000-medium-sql/1934-confirmation-rate
1001-2000-easy-python/1935-maximum-number-of-words-you-can-type
1001-2000-medium-python/1936-add-minimum-number-of-rungs
1001-2000-medium-python/1937-maximum-number-of-points-with-cost
1001-2000-hard-python/1938-maximum-genetic-difference-query
1001-2000-locked-easy-sql/1939-users-that-actively-request-confirmation-messages
1001-2000-locked-medium-python/1940-longest-common-subsequence-between-sorted-arrays
1001-2000-easy-python/1941-check-if-all-characters-have-equal-number-of-occurrences
1001-2000-medium-python/1942-the-number-of-the-smallest-unoccupied-chair
1001-2000-medium-python/1943-describe-the-painting
1001-2000-hard-python/1944-number-of-visible-people-in-a-queue
1001-2000-easy-python/1945-sum-of-digits-of-string-after-convert
1001-2000-medium-python/1946-largest-number-after-mutating-substring
1001-2000-medium-python/1947-maximum-compatibility-score-sum
1001-2000-hard-python/1948-delete-duplicate-folders-in-system
1001-2000-locked-medium-sql/1949-strong-friendship
1001-2000-locked-medium-python/1950-maximum-of-minimum-values-in-all-subarrays
1001-2000-locked-medium-sql/1951-all-the-pairs-with-the-maximum-number-of-common-followers
1001-2000-easy-python/1952-three-divisors
1001-2000-medium-python/1953-maximum-number-of-weeks-for-which-you-can-work
1001-2000-medium-python/1954-minimum-garden-perimeter-to-collect-enough-apples
1001-2000-hard-python/1955-count-number-of-special-subsequences
1001-2000-locked-hard-python/1956-minimum-time-for-k-virus-variants-to-spread
1001-2000-easy-python/1957-delete-characters-to-make-fancy-string
1001-2000-medium-python/1958-check-if-move-is-legal
1001-2000-medium-python/1959-minimum-total-space-wasted-with-k-resizing-operations
1001-2000-hard-python/1960-maximum-product-of-the-length-of-two-palindromic-substrings
1001-2000-easy-python/1961-check-if-string-is-a-prefix-of-array
1001-2000-medium-python/1962-remove-stones-to-minimize-the-total
1001-2000-medium-python/1963-minimum-number-of-swaps-to-make-the-string-balanced
1001-2000-hard-python/1964-find-the-longest-valid-obstacle-course-at-each-position
1001-2000-easy-sql/1965-employees-with-missing-information
1001-2000-locked-medium-python/1966-binary-searchable-numbers-in-an-unsorted-array
1001-2000-easy-python/1967-number-of-strings-that-appear-as-substrings-in-word
1001-2000-medium-python/1968-array-with-elements-not-equal-to-average-of-neighbors
1001-2000-medium-python/1969-minimum-non-zero-product-of-the-array-elements
1001-2000-hard-python/1970-last-day-where-you-can-still-cross
1001-2000-easy-python/1971-find-if-path-exists-in-graph
1001-2000-locked-hard-sql/1972-first-and-last-call-on-the-same-day
1001-2000-locked-medium-python/1973-count-nodes-equal-to-sum-of-descendants
1001-2000-easy-python/1974-minimum-time-to-type-word-using-special-typewriter
1001-2000-medium-python/1975-maximum-matrix-sum
1001-2000-medium-python/1976-number-of-ways-to-arrive-at-destination
1001-2000-hard-python/1977-number-of-ways-to-separate-numbers
1001-2000-easy-sql/1978-employees-whose-manager-left-the-company
1001-2000-easy-python/1979-find-greatest-common-divisor-of-array
1001-2000-medium-python/1980-find-unique-binary-string
1001-2000-medium-python/1981-minimize-the-difference-between-target-and-chosen-elements
1001-2000-hard-python/1982-find-array-given-subset-sums
1001-2000-locked-medium-python/1983-widest-pair-of-indices-with-equal-range-sum
1001-2000-easy-python/1984-minimum-difference-between-highest-and-lowest-of-k-scores
1001-2000-medium-python/1985-find-the-kth-largest-integer-in-the-array
1001-2000-medium-python/1986-minimum-number-of-work-sessions-to-finish-the-tasks
1001-2000-hard-python/1987-number-of-unique-good-subsequences
1001-2000-locked-medium-sql/1988-find-cutoff-score-for-each-school
1001-2000-locked-medium-python/1989-maximum-number-of-people-that-can-be-caught-in-tag
1001-2000-locked-medium-sql/1990-count-the-number-of-experiments
1001-2000-easy-python/1991-find-the-middle-index-in-array
1001-2000-medium-python/1992-find-all-groups-of-farmland
1001-2000-medium-python/1993-operations-on-tree
1001-2000-hard-python/1994-the-number-of-good-subsets
1001-2000-easy-python/1995-count-special-quadruplets
1001-2000-medium-python/1996-the-number-of-weak-characters-in-the-game
1001-2000-medium-python/1997-first-day-where-you-have-been-in-all-the-rooms
1001-2000-hard-python/1998-gcd-sort-of-an-array
1001-2000-locked-medium-python/1999-smallest-greater-multiple-made-of-two-digits
1001-2000-easy-python/2000-reverse-prefix-of-word

