2001-3000-medium-python/2001-number-of-pairs-of-interchangeable-rectangles
2001-3000-medium-python/2002-maximum-product-of-the-length-of-two-palindromic-subsequences
2001-3000-hard-python/2003-smallest-missing-genetic-value-in-each-subtree
2001-3000-locked-hard-sql/2004-the-number-of-seniors-and-juniors-to-join-the-company
2001-3000-locked-hard-python/2005-subtree-removal-game-with-fibonacci-tree
2001-3000-easy-python/2006-count-number-of-pairs-with-absolute-difference-k
2001-3000-medium-python/2007-find-original-array-from-doubled-array
2001-3000-medium-python/2008-maximum-earnings-from-taxi
2001-3000-hard-python/2009-minimum-number-of-operations-to-make-array-continuous
2001-3000-locked-hard-sql/2010-the-number-of-seniors-and-juniors-to-join-the-company-ii
2001-3000-easy-python/2011-final-value-of-variable-after-performing-operations
2001-3000-medium-python/2012-sum-of-beauty-in-the-array
2001-3000-medium-python/2013-detect-squares
2001-3000-hard-python/2014-longest-subsequence-repeated-k-times
2001-3000-locked-medium-python/2015-average-height-of-buildings-in-each-segment
2001-3000-easy-python/2016-maximum-difference-between-increasing-elements
2001-3000-medium-python/2017-grid-game
2001-3000-medium-python/2018-check-if-word-can-be-placed-in-crossword
2001-3000-hard-python/2019-the-score-of-students-solving-math-expression
2001-3000-locked-medium-sql/2020-number-of-accounts-that-did-not-stream
2001-3000-locked-medium-python/2021-brightest-position-on-street
2001-3000-easy-python/2022-convert-1d-array-into-2d-array
2001-3000-medium-python/2023-number-of-pairs-of-strings-with-concatenation-equal-to-target
2001-3000-medium-python/2024-maximize-the-confusion-of-an-exam
2001-3000-hard-python/2025-maximum-number-of-ways-to-partition-an-array
2001-3000-locked-easy-sql/2026-low-quality-problems
2001-3000-easy-python/2027-minimum-moves-to-convert-string
2001-3000-medium-python/2028-find-missing-observations
2001-3000-medium-python/2029-stone-game-ix
2001-3000-hard-python/2030-smallest-k-length-subsequence-with-occurrences-of-a-letter
2001-3000-locked-medium-python/2031-count-subarrays-with-more-ones-than-zeros
2001-3000-easy-python/2032-two-out-of-three
2001-3000-medium-python/2033-minimum-operations-to-make-a-uni-value-grid
2001-3000-medium-python/2034-stock-price-fluctuation
2001-3000-hard-python/2035-partition-array-into-two-arrays-to-minimize-sum-difference
2001-3000-locked-medium-python/2036-maximum-alternating-subarray-sum
2001-3000-easy-python/2037-minimum-number-of-moves-to-seat-everyone
2001-3000-medium-python/2038-remove-colored-pieces-if-both-neighbors-are-the-same-color
2001-3000-medium-python/2039-the-time-when-the-network-becomes-idle
2001-3000-hard-python/2040-kth-smallest-product-of-two-sorted-arrays
2001-3000-locked-medium-sql/2041-accepted-candidates-from-the-interviews
2001-3000-easy-python/2042-check-if-numbers-are-ascending-in-a-sentence
2001-3000-medium-python/2043-simple-bank-system
2001-3000-medium-python/2044-count-number-of-maximum-bitwise-or-subsets
2001-3000-hard-python/2045-second-minimum-time-to-reach-destination
2001-3000-locked-medium-python/2046-sort-linked-list-already-sorted-using-absolute-values
2001-3000-easy-python/2047-number-of-valid-words-in-a-sentence
2001-3000-medium-python/2048-next-greater-numerically-balanced-number
2001-3000-medium-python/2049-count-nodes-with-the-highest-score
2001-3000-hard-python/2050-parallel-courses-iii
2001-3000-locked-medium-sql/2051-the-category-of-each-member-in-the-store
2001-3000-locked-medium-python/2052-minimum-cost-to-separate-sentence-into-rows
2001-3000-easy-python/2053-kth-distinct-string-in-an-array
2001-3000-medium-python/2054-two-best-non-overlapping-events
2001-3000-medium-python/2055-plates-between-candles
2001-3000-hard-python/2056-number-of-valid-move-combinations-on-chessboard
2001-3000-easy-python/2057-smallest-index-with-equal-value
2001-3000-medium-python/2058-find-the-minimum-and-maximum-number-of-nodes-between-critical-points
2001-3000-medium-python/2059-minimum-operations-to-convert-number
2001-3000-hard-python/2060-check-if-an-original-string-exists-given-two-encoded-strings
2001-3000-locked-medium-python/2061-number-of-spaces-cleaning-robot-cleaned
2001-3000-easy-python/2062-count-vowel-substrings-of-a-string
2001-3000-medium-python/2063-vowels-of-all-substrings
2001-3000-medium-python/2064-minimized-maximum-of-products-distributed-to-any-store
2001-3000-hard-python/2065-maximum-path-quality-of-a-graph
2001-3000-locked-medium-sql/2066-account-balance
2001-3000-locked-medium-python/2067-number-of-equal-count-substrings
2001-3000-easy-python/2068-check-whether-two-strings-are-almost-equivalent
2001-3000-medium-python/2069-walking-robot-simulation-ii
2001-3000-medium-python/2070-most-beautiful-item-for-each-query
2001-3000-hard-python/2071-maximum-number-of-tasks-you-can-assign
2001-3000-locked-easy-sql/2072-the-winner-university
2001-3000-easy-python/2073-time-needed-to-buy-tickets
2001-3000-medium-python/2074-reverse-nodes-in-even-length-groups
2001-3000-medium-python/2075-decode-the-slanted-ciphertext
2001-3000-hard-python/2076-process-restricted-friend-requests
2001-3000-locked-medium-python/2077-paths-in-maze-that-lead-to-same-room
2001-3000-easy-python/2078-two-furthest-houses-with-different-colors
2001-3000-medium-python/2079-watering-plants
2001-3000-medium-python/2080-range-frequency-queries
2001-3000-hard-python/2081-sum-of-k-mirror-numbers
2001-3000-locked-easy-sql/2082-the-number-of-rich-customers
2001-3000-locked-medium-python/2083-substrings-that-begin-and-end-with-the-same-letter
2001-3000-locked-medium-sql/2084-drop-type-1-orders-for-customers-with-type-0-orders
2001-3000-easy-python/2085-count-common-words-with-one-occurrence
2001-3000-medium-python/2086-minimum-number-of-food-buckets-to-feed-the-hamsters
2001-3000-medium-python/2087-minimum-cost-homecoming-of-a-robot-in-a-grid
2001-3000-hard-python/2088-count-fertile-pyramids-in-a-land
2001-3000-easy-python/2089-find-target-indices-after-sorting-array
2001-3000-medium-python/2090-k-radius-subarray-averages
2001-3000-medium-python/2091-removing-minimum-and-maximum-from-array
2001-3000-hard-python/2092-find-all-people-with-secret
2001-3000-locked-medium-python/2093-minimum-cost-to-reach-city-with-discounts
2001-3000-easy-python/2094-finding-3-digit-even-numbers
2001-3000-medium-python/2095-delete-the-middle-node-of-a-linked-list
2001-3000-medium-python/2096-step-by-step-directions-from-a-binary-tree-node-to-another
2001-3000-hard-python/2097-valid-arrangement-of-pairs
2001-3000-locked-medium-python/2098-subsequence-of-size-k-with-the-largest-even-sum
2001-3000-easy-python/2099-find-subsequence-of-length-k-with-the-largest-sum
2001-3000-medium-python/2100-find-good-days-to-rob-the-bank
2001-3000-medium-python/2101-detonate-the-maximum-bombs
2001-3000-hard-python/2102-sequentially-ordinal-rank-tracker
2001-3000-easy-python/2103-rings-and-rods
2001-3000-medium-python/2104-sum-of-subarray-ranges
2001-3000-medium-python/2105-watering-plants-ii
2001-3000-hard-python/2106-maximum-fruits-harvested-after-at-most-k-steps
2001-3000-locked-medium-python/2107-number-of-unique-flavors-after-sharing-k-candies
2001-3000-easy-python/2108-find-first-palindromic-string-in-the-array
2001-3000-medium-python/2109-adding-spaces-to-a-string
2001-3000-medium-python/2110-number-of-smooth-descent-periods-of-a-stock
2001-3000-hard-python/2111-minimum-operations-to-make-the-array-k-increasing
2001-3000-locked-medium-sql/2112-the-airport-with-the-most-traffic
2001-3000-locked-medium-python/2113-elements-in-array-after-removing-and-replacing-elements
2001-3000-easy-python/2114-maximum-number-of-words-found-in-sentences
2001-3000-medium-python/2115-find-all-possible-recipes-from-given-supplies
2001-3000-medium-python/2116-check-if-a-parentheses-string-can-be-valid
2001-3000-hard-python/2117-abbreviating-the-product-of-a-range
2001-3000-locked-hard-sql/2118-build-the-equation
2001-3000-easy-python/2119-a-number-after-a-double-reversal
2001-3000-medium-python/2120-execution-of-all-suffix-instructions-staying-in-a-grid
2001-3000-medium-python/2121-intervals-between-identical-elements
2001-3000-hard-python/2122-recover-the-original-array
2001-3000-locked-hard-python/2123-minimum-operations-to-remove-adjacent-ones-in-matrix
2001-3000-easy-python/2124-check-if-all-as-appears-before-all-bs
2001-3000-medium-python/2125-number-of-laser-beams-in-a-bank
2001-3000-medium-python/2126-destroying-asteroids
2001-3000-hard-python/2127-maximum-employees-to-be-invited-to-a-meeting
2001-3000-locked-medium-python/2128-remove-all-ones-with-row-and-column-flips
2001-3000-easy-python/2129-capitalize-the-title
2001-3000-medium-python/2130-maximum-twin-sum-of-a-linked-list
2001-3000-medium-python/2131-longest-palindrome-by-concatenating-two-letter-words
2001-3000-hard-python/2132-stamping-the-grid
2001-3000-easy-python/2133-check-if-every-row-and-column-contains-all-numbers
2001-3000-medium-python/2134-minimum-swaps-to-group-all-1s-together-ii
2001-3000-medium-python/2135-count-words-obtained-after-adding-a-letter
2001-3000-hard-python/2136-earliest-possible-day-of-full-bloom
2001-3000-locked-medium-python/2137-pour-water-between-buckets-to-make-water-levels-equal
2001-3000-easy-python/2138-divide-a-string-into-groups-of-size-k
2001-3000-medium-python/2139-minimum-moves-to-reach-target-score
2001-3000-medium-python/2140-solving-questions-with-brainpower
2001-3000-hard-python/2141-maximum-running-time-of-n-computers
2001-3000-locked-medium-sql/2142-the-number-of-passengers-in-each-bus-i
2001-3000-locked-hard-python/2143-choose-numbers-from-two-arrays-in-range
2001-3000-easy-python/2144-minimum-cost-of-buying-candies-with-discount
2001-3000-medium-python/2145-count-the-hidden-sequences
2001-3000-medium-python/2146-k-highest-ranked-items-within-a-price-range
2001-3000-hard-python/2147-number-of-ways-to-divide-a-long-corridor
2001-3000-easy-python/2148-count-elements-with-strictly-smaller-and-greater-elements
2001-3000-medium-python/2149-rearrange-array-elements-by-sign
2001-3000-medium-python/2150-find-all-lonely-numbers-in-the-array
2001-3000-hard-python/2151-maximum-good-people-based-on-statements
2001-3000-locked-medium-python/2152-minimum-number-of-lines-to-cover-points
2001-3000-locked-hard-sql/2153-the-number-of-passengers-in-each-bus-ii
2001-3000-easy-python/2154-keep-multiplying-found-values-by-two
2001-3000-medium-python/2155-all-divisions-with-the-highest-score-of-a-binary-array
2001-3000-hard-python/2156-find-substring-with-given-hash-value
2001-3000-hard-python/2157-groups-of-strings
2001-3000-locked-hard-python/2158-amount-of-new-area-painted-each-day
2001-3000-locked-medium-sql/2159-order-two-columns-independently
2001-3000-easy-python/2160-minimum-sum-of-four-digit-number-after-splitting-digits
2001-3000-medium-python/2161-partition-array-according-to-given-pivot
2001-3000-medium-python/2162-minimum-cost-to-set-cooking-time
2001-3000-hard-python/2163-minimum-difference-in-sums-after-removal-of-elements
2001-3000-easy-python/2164-sort-even-and-odd-indices-independently
2001-3000-medium-python/2165-smallest-value-of-the-rearranged-number
2001-3000-medium-python/2166-design-bitset
2001-3000-hard-python/2167-minimum-time-to-remove-all-cars-containing-illegal-goods
2001-3000-locked-medium-python/2168-unique-substrings-with-equal-digit-frequency
2001-3000-easy-python/2169-count-operations-to-obtain-zero
2001-3000-medium-python/2170-minimum-operations-to-make-the-array-alternating
2001-3000-medium-python/2171-removing-minimum-number-of-magic-beans
2001-3000-hard-python/2172-maximum-and-sum-of-array
2001-3000-locked-hard-sql/2173-longest-winning-streak
2001-3000-locked-medium-python/2174-remove-all-ones-with-row-and-column-flips-ii
2001-3000-locked-medium-sql/2175-the-change-in-global-rankings
2001-3000-easy-python/2176-count-equal-and-divisible-pairs-in-an-array
2001-3000-medium-python/2177-find-three-consecutive-integers-that-sum-to-a-given-number
2001-3000-medium-python/2178-maximum-split-of-positive-even-integers
2001-3000-hard-python/2179-count-good-triplets-in-an-array
2001-3000-easy-python/2180-count-integers-with-even-digit-sum
2001-3000-medium-python/2181-merge-nodes-in-between-zeros
2001-3000-medium-python/2182-construct-string-with-repeat-limit
2001-3000-hard-python/2183-count-array-pairs-divisible-by-k
2001-3000-locked-medium-python/2184-number-of-ways-to-build-sturdy-brick-wall
2001-3000-easy-python/2185-counting-words-with-a-given-prefix
2001-3000-medium-python/2186-minimum-number-of-steps-to-make-two-strings-anagram-ii
2001-3000-medium-python/2187-minimum-time-to-complete-trips
2001-3000-hard-python/2188-minimum-time-to-finish-the-race
2001-3000-locked-medium-python/2189-number-of-ways-to-build-house-of-cards
2001-3000-easy-python/2190-most-frequent-number-following-key-in-an-array
2001-3000-medium-python/2191-sort-the-jumbled-numbers
2001-3000-medium-python/2192-all-ancestors-of-a-node-in-a-directed-acyclic-graph
2001-3000-hard-python/2193-minimum-number-of-moves-to-make-palindrome
2001-3000-easy-python/2194-cells-in-a-range-on-an-excel-sheet
2001-3000-medium-python/2195-append-k-integers-with-minimal-sum
2001-3000-medium-python/2196-create-binary-tree-from-descriptions
2001-3000-hard-python/2197-replace-non-coprime-numbers-in-array
2001-3000-locked-medium-python/2198-number-of-single-divisor-triplets
2001-3000-locked-hard-sql/2199-finding-the-topic-of-each-post
2001-3000-easy-python/2200-find-all-k-distant-indices-in-an-array
2001-3000-medium-python/2201-count-artifacts-that-can-be-extracted
2001-3000-medium-python/2202-maximize-the-topmost-element-after-k-moves
2001-3000-hard-python/2203-minimum-weighted-subgraph-with-the-required-paths
2001-3000-locked-hard-python/2204-distance-to-a-cycle-in-undirected-graph
2001-3000-locked-easy-sql/2205-the-number-of-users-that-are-eligible-for-discount
2001-3000-easy-python/2206-divide-array-into-equal-pairs
2001-3000-medium-python/2207-maximize-number-of-subsequences-in-a-string
2001-3000-medium-python/2208-minimum-operations-to-halve-array-sum
2001-3000-hard-python/2209-minimum-white-tiles-after-covering-with-carpets
2001-3000-easy-python/2210-count-hills-and-valleys-in-an-array
2001-3000-medium-python/2211-count-collisions-on-a-road
2001-3000-medium-python/2212-maximum-points-in-an-archery-competition
2001-3000-hard-python/2213-longest-substring-of-one-repeating-character
2001-3000-locked-medium-python/2214-minimum-health-to-beat-game
2001-3000-easy-python/2215-find-the-difference-of-two-arrays
2001-3000-medium-python/2216-minimum-deletions-to-make-array-beautiful
2001-3000-medium-python/2217-find-palindrome-with-fixed-length
2001-3000-hard-python/2218-maximum-value-of-k-coins-from-piles
2001-3000-locked-medium-python/2219-maximum-sum-score-of-array
2001-3000-easy-python/2220-minimum-bit-flips-to-convert-number
2001-3000-medium-python/2221-find-triangular-sum-of-an-array
2001-3000-medium-python/2222-number-of-ways-to-select-buildings
2001-3000-hard-python/2223-sum-of-scores-of-built-strings
2001-3000-easy-python/2224-minimum-number-of-operations-to-convert-time
2001-3000-medium-python/2225-find-players-with-zero-or-one-losses
2001-3000-medium-python/2226-maximum-candies-allocated-to-k-children
2001-3000-hard-python/2227-encrypt-and-decrypt-strings
2001-3000-locked-medium-sql/2228-users-with-two-purchases-within-seven-days
2001-3000-locked-easy-python/2229-check-if-an-array-is-consecutive
2001-3000-locked-easy-sql/2230-the-users-that-are-eligible-for-discount
2001-3000-easy-python/2231-largest-number-after-digit-swaps-by-parity
2001-3000-medium-python/2232-minimize-result-by-adding-parentheses-to-expression
2001-3000-medium-python/2233-maximum-product-after-k-increments
2001-3000-hard-python/2234-maximum-total-beauty-of-the-gardens
2001-3000-easy-python/2235-add-two-integers
2001-3000-easy-python/2236-root-equals-sum-of-children
2001-3000-locked-medium-python/2237-count-positions-on-street-with-required-brightness
2001-3000-locked-medium-sql/2238-number-of-times-a-driver-was-a-passenger
2001-3000-easy-python/2239-find-closest-number-to-zero
2001-3000-medium-python/2240-number-of-ways-to-buy-pens-and-pencils
2001-3000-medium-python/2241-design-an-atm-machine
2001-3000-hard-python/2242-maximum-score-of-a-node-sequence
2001-3000-easy-python/2243-calculate-digit-sum-of-a-string
2001-3000-medium-python/2244-minimum-rounds-to-complete-all-tasks
2001-3000-medium-python/2245-maximum-trailing-zeros-in-a-cornered-path
2001-3000-hard-python/2246-longest-path-with-different-adjacent-characters
2001-3000-locked-hard-python/2247-maximum-cost-of-trip-with-k-highways
2001-3000-easy-python/2248-intersection-of-multiple-arrays
2001-3000-medium-python/2249-count-lattice-points-inside-a-circle
2001-3000-medium-python/2250-count-number-of-rectangles-containing-each-point
2001-3000-hard-python/2251-number-of-flowers-in-full-bloom
2001-3000-locked-hard-sql/2252-dynamic-pivoting-of-a-table
2001-3000-locked-hard-sql/2253-dynamic-unpivoting-of-a-table
2001-3000-locked-hard-python/2254-design-video-sharing-platform
2001-3000-easy-python/2255-count-prefixes-of-a-given-string
2001-3000-medium-python/2256-minimum-average-difference
2001-3000-medium-python/2257-count-unguarded-cells-in-the-grid
2001-3000-hard-python/2258-escape-the-spreading-fire
2001-3000-easy-python/2259-remove-digit-from-number-to-maximize-result
2001-3000-medium-python/2260-minimum-consecutive-cards-to-pick-up
2001-3000-medium-python/2261-k-divisible-elements-subarrays
2001-3000-hard-python/2262-total-appeal-of-a-string
2001-3000-locked-hard-python/2263-make-array-non-decreasing-or-non-increasing
2001-3000-easy-python/2264-largest-3-same-digit-number-in-string
2001-3000-medium-python/2265-count-nodes-equal-to-average-of-subtree
2001-3000-medium-python/2266-count-number-of-texts
2001-3000-hard-python/2267-check-if-there-is-a-valid-parentheses-string-path
2001-3000-locked-medium-python/2268-minimum-number-of-keypresses
2001-3000-easy-python/2269-find-the-k-beauty-of-a-number
2001-3000-medium-python/2270-number-of-ways-to-split-array
2001-3000-medium-python/2271-maximum-white-tiles-covered-by-a-carpet
2001-3000-hard-python/2272-substring-with-largest-variance
2001-3000-easy-python/2273-find-resultant-array-after-removing-anagrams
2001-3000-medium-python/2274-maximum-consecutive-floors-without-special-floors
2001-3000-medium-python/2275-largest-combination-with-bitwise-and-greater-than-zero
2001-3000-hard-python/2276-count-integers-in-intervals
2001-3000-locked-hard-python/2277-closest-node-to-path-in-tree
2001-3000-easy-python/2278-percentage-of-letter-in-string
2001-3000-medium-python/2279-maximum-bags-with-full-capacity-of-rocks
2001-3000-medium-python/2280-minimum-lines-to-represent-a-line-chart
2001-3000-hard-python/2281-sum-of-total-strength-of-wizards
2001-3000-locked-medium-python/2282-number-of-people-that-can-be-seen-in-a-grid
2001-3000-easy-python/2283-check-if-number-has-equal-digit-count-and-digit-value
2001-3000-medium-python/2284-sender-with-largest-word-count
2001-3000-medium-python/2285-maximum-total-importance-of-roads
2001-3000-hard-python/2286-booking-concert-tickets-in-groups
2001-3000-easy-python/2287-rearrange-characters-to-make-target-string
2001-3000-medium-python/2288-apply-discount-to-prices
2001-3000-medium-python/2289-steps-to-make-array-non-decreasing
2001-3000-hard-python/2290-minimum-obstacle-removal-to-reach-corner
2001-3000-locked-medium-python/2291-maximum-profit-from-trading-stocks
2001-3000-locked-medium-sql/2292-products-with-three-or-more-orders-in-two-consecutive-years
2001-3000-easy-python/2293-min-max-game
2001-3000-medium-python/2294-partition-array-such-that-maximum-difference-is-k
2001-3000-medium-python/2295-replace-elements-in-an-array
2001-3000-hard-python/2296-design-a-text-editor
2001-3000-locked-medium-python/2297-jump-game-viii
2001-3000-locked-medium-sql/2298-tasks-count-in-the-weekend
2001-3000-easy-python/2299-strong-password-checker-ii
2001-3000-medium-python/2300-successful-pairs-of-spells-and-potions
2001-3000-hard-python/2301-match-substring-after-replacement
2001-3000-hard-python/2302-count-subarrays-with-score-less-than-k
2001-3000-easy-python/2303-calculate-amount-paid-in-taxes
2001-3000-medium-python/2304-minimum-path-cost-in-a-grid
2001-3000-medium-python/2305-fair-distribution-of-cookies
2001-3000-hard-python/2306-naming-a-company
2001-3000-locked-hard-python/2307-check-for-contradictions-in-equations
2001-3000-locked-medium-sql/2308-arrange-table-by-gender
2001-3000-easy-python/2309-greatest-english-letter-in-upper-and-lower-case
2001-3000-medium-python/2310-sum-of-numbers-with-units-digit-k
2001-3000-medium-python/2311-longest-binary-subsequence-less-than-or-equal-to-k
2001-3000-hard-python/2312-selling-pieces-of-wood
2001-3000-locked-hard-python/2313-minimum-flips-in-binary-tree-to-get-result
2001-3000-locked-medium-sql/2314-the-first-day-of-the-maximum-recorded-degree-in-each-city
2001-3000-easy-python/2315-count-asterisks
2001-3000-medium-python/2316-count-unreachable-pairs-of-nodes-in-an-undirected-graph
2001-3000-medium-python/2317-maximum-xor-after-operations
2001-3000-hard-python/2318-number-of-distinct-roll-sequences
2001-3000-easy-python/2319-check-if-matrix-is-x-matrix
2001-3000-medium-python/2320-count-number-of-ways-to-place-houses
2001-3000-hard-python/2321-maximum-score-of-spliced-array
2001-3000-hard-python/2322-minimum-score-after-removals-on-a-tree
2001-3000-locked-medium-python/2323-find-minimum-time-to-finish-all-jobs-ii
2001-3000-locked-medium-sql/2324-product-sales-analysis-iv
2001-3000-easy-python/2325-decode-the-message
2001-3000-medium-python/2326-spiral-matrix-iv
2001-3000-medium-python/2327-number-of-people-aware-of-a-secret
2001-3000-hard-python/2328-number-of-increasing-paths-in-a-grid
2001-3000-locked-easy-sql/2329-product-sales-analysis-v
2001-3000-locked-medium-python/2330-valid-palindrome-iv
2001-3000-easy-python/2331-evaluate-boolean-binary-tree
2001-3000-medium-python/2332-the-latest-time-to-catch-a-bus
2001-3000-medium-python/2333-minimum-sum-of-squared-difference
2001-3000-hard-python/2334-subarray-with-elements-greater-than-varying-threshold
2001-3000-easy-python/2335-minimum-amount-of-time-to-fill-cups
2001-3000-medium-python/2336-smallest-number-in-infinite-set
2001-3000-medium-python/2337-move-pieces-to-obtain-a-string
2001-3000-hard-python/2338-count-the-number-of-ideal-arrays
2001-3000-locked-easy-sql/2339-all-the-matches-of-the-league
2001-3000-locked-medium-python/2340-minimum-adjacent-swaps-to-make-a-valid-array
2001-3000-easy-python/2341-maximum-number-of-pairs-in-array
2001-3000-medium-python/2342-max-sum-of-a-pair-with-equal-sum-of-digits
2001-3000-medium-python/2343-query-kth-smallest-trimmed-number
2001-3000-hard-python/2344-minimum-deletions-to-make-array-divisible
2001-3000-locked-medium-python/2345-finding-the-number-of-visible-mountains
2001-3000-locked-medium-sql/2346-compute-the-rank-as-a-percentage
2001-3000-easy-python/2347-best-poker-hand
2001-3000-medium-python/2348-number-of-zero-filled-subarrays
2001-3000-medium-python/2349-design-a-number-container-system
2001-3000-hard-python/2350-shortest-impossible-sequence-of-rolls
2001-3000-easy-python/2351-first-letter-to-appear-twice
2001-3000-medium-python/2352-equal-row-and-column-pairs
2001-3000-medium-python/2353-design-a-food-rating-system
2001-3000-hard-python/2354-number-of-excellent-pairs
2001-3000-locked-hard-python/2355-maximum-number-of-books-you-can-take
2001-3000-easy-sql/2356-number-of-unique-subjects-taught-by-each-teacher
2001-3000-easy-python/2357-make-array-zero-by-subtracting-equal-amounts
2001-3000-medium-python/2358-maximum-number-of-groups-entering-a-competition
2001-3000-medium-python/2359-find-closest-node-to-given-two-nodes
2001-3000-hard-python/2360-longest-cycle-in-a-graph
2001-3000-locked-hard-python/2361-minimum-costs-using-the-train-line
2001-3000-locked-hard-sql/2362-generate-the-invoice
2001-3000-easy-python/2363-merge-similar-items
2001-3000-medium-python/2364-count-number-of-bad-pairs
2001-3000-medium-python/2365-task-scheduler-ii
2001-3000-hard-python/2366-minimum-replacements-to-sort-the-array
2001-3000-easy-python/2367-number-of-arithmetic-triplets
2001-3000-medium-python/2368-reachable-nodes-with-restrictions
2001-3000-medium-python/2369-check-if-there-is-a-valid-partition-for-the-array
2001-3000-medium-python/2370-longest-ideal-subsequence
2001-3000-locked-hard-python/2371-minimize-maximum-value-in-a-grid
2001-3000-locked-medium-sql/2372-calculate-the-influence-of-each-salesperson
2001-3000-easy-python/2373-largest-local-values-in-a-matrix
2001-3000-medium-python/2374-node-with-highest-edge-score
2001-3000-medium-python/2375-construct-smallest-number-from-di-string
2001-3000-hard-python/2376-count-special-integers
2001-3000-locked-easy-sql/2377-sort-the-olympic-table
2001-3000-locked-medium-python/2378-choose-edges-to-maximize-score-in-a-tree
2001-3000-easy-python/2379-minimum-recolors-to-get-k-consecutive-black-blocks
2001-3000-medium-python/2380-time-needed-to-rearrange-a-binary-string
2001-3000-medium-python/2381-shifting-letters-ii
2001-3000-hard-python/2382-maximum-segment-sum-after-removals
2001-3000-easy-python/2383-minimum-hours-of-training-to-win-a-competition
2001-3000-medium-python/2384-largest-palindromic-number
2001-3000-medium-python/2385-amount-of-time-for-binary-tree-to-be-infected
2001-3000-hard-python/2386-find-the-k-sum-of-an-array
2001-3000-locked-medium-python/2387-median-of-a-row-wise-sorted-matrix
2001-3000-locked-medium-sql/2388-change-null-values-in-a-table-to-the-previous-value
2001-3000-easy-python/2389-longest-subsequence-with-limited-sum
2001-3000-medium-python/2390-removing-stars-from-a-string
2001-3000-medium-python/2391-minimum-amount-of-time-to-collect-garbage
2001-3000-hard-python/2392-build-a-matrix-with-conditions
2001-3000-locked-medium-python/2393-count-strictly-increasing-subarrays
2001-3000-locked-medium-sql/2394-employees-with-deductions
2001-3000-easy-python/2395-find-subarrays-with-equal-sum
2001-3000-medium-python/2396-strictly-palindromic-number
2001-3000-medium-python/2397-maximum-rows-covered-by-columns
2001-3000-hard-python/2398-maximum-number-of-robots-within-budget
2001-3000-easy-python/2399-check-distances-between-same-letters
2001-3000-medium-python/2400-number-of-ways-to-reach-a-position-after-exactly-k-steps
2001-3000-medium-python/2401-longest-nice-subarray
2001-3000-hard-python/2402-meeting-rooms-iii
2001-3000-locked-hard-python/2403-minimum-time-to-kill-all-monsters
2001-3000-easy-python/2404-most-frequent-even-element
2001-3000-medium-python/2405-optimal-partition-of-string
2001-3000-medium-python/2406-divide-intervals-into-minimum-number-of-groups
2001-3000-hard-python/2407-longest-increasing-subsequence-ii
2001-3000-locked-medium-python/2408-design-sql
2001-3000-easy-python/2409-count-days-spent-together
2001-3000-medium-python/2410-maximum-matching-of-players-with-trainers
2001-3000-medium-python/2411-smallest-subarrays-with-maximum-bitwise-or
2001-3000-hard-python/2412-minimum-money-required-before-transactions
2001-3000-easy-python/2413-smallest-even-multiple
2001-3000-medium-python/2414-length-of-the-longest-alphabetical-continuous-substring
2001-3000-medium-python/2415-reverse-odd-levels-of-binary-tree
2001-3000-hard-python/2416-sum-of-prefix-scores-of-strings
2001-3000-locked-medium-python/2417-closest-fair-integer
2001-3000-easy-python/2418-sort-the-people
2001-3000-medium-python/2419-longest-subarray-with-maximum-bitwise-and
2001-3000-medium-python/2420-find-all-good-indices
2001-3000-hard-python/2421-number-of-good-paths
2001-3000-locked-medium-python/2422-merge-operations-to-turn-array-into-a-palindrome
2001-3000-easy-python/2423-remove-letter-to-equalize-frequency
2001-3000-medium-python/2424-longest-uploaded-prefix
2001-3000-medium-python/2425-bitwise-xor-of-all-pairings
2001-3000-hard-python/2426-number-of-pairs-satisfying-inequality
2001-3000-easy-python/2427-number-of-common-factors
2001-3000-medium-python/2428-maximum-sum-of-an-hourglass
2001-3000-medium-python/2429-minimize-xor
2001-3000-hard-python/2430-maximum-deletions-on-a-string
2001-3000-locked-medium-python/2431-maximize-total-tastiness-of-purchased-fruits
2001-3000-easy-python/2432-the-employee-that-worked-on-the-longest-task
2001-3000-medium-python/2433-find-the-original-array-of-prefix-xor
2001-3000-medium-python/2434-using-a-robot-to-print-the-lexicographically-smallest-string
2001-3000-hard-python/2435-paths-in-matrix-whose-sum-is-divisible-by-k
2001-3000-locked-medium-python/2436-minimum-split-into-subarrays-with-gcd-greater-than-one
2001-3000-easy-python/2437-number-of-valid-clock-times
2001-3000-medium-python/2438-range-product-queries-of-powers
2001-3000-medium-python/2439-minimize-maximum-of-array
2001-3000-hard-python/2440-create-components-with-same-value
2001-3000-easy-python/2441-largest-positive-integer-that-exists-with-its-negative
2001-3000-medium-python/2442-count-number-of-distinct-integers-after-reverse-operations
2001-3000-medium-python/2443-sum-of-number-and-its-reverse
2001-3000-hard-python/2444-count-subarrays-with-fixed-bounds
2001-3000-locked-medium-python/2445-number-of-nodes-with-value-one
2001-3000-easy-python/2446-determine-if-two-events-have-conflict
2001-3000-medium-python/2447-number-of-subarrays-with-gcd-equal-to-k
2001-3000-hard-python/2448-minimum-cost-to-make-array-equal
2001-3000-hard-python/2449-minimum-number-of-operations-to-make-arrays-similar
2001-3000-locked-medium-python/2450-number-of-distinct-binary-strings-after-applying-operations
2001-3000-easy-python/2451-odd-string-difference
2001-3000-medium-python/2452-words-within-two-edits-of-dictionary
2001-3000-medium-python/2453-destroy-sequential-targets
2001-3000-hard-python/2454-next-greater-element-iv
2001-3000-easy-python/2455-average-value-of-even-numbers-that-are-divisible-by-three
2001-3000-medium-python/2456-most-popular-video-creator
2001-3000-medium-python/2457-minimum-addition-to-make-integer-beautiful
2001-3000-hard-python/2458-height-of-binary-tree-after-subtree-removal-queries
2001-3000-locked-hard-python/2459-sort-array-by-moving-items-to-empty-space
2001-3000-easy-python/2460-apply-operations-to-an-array
2001-3000-medium-python/2461-maximum-sum-of-distinct-subarrays-with-length-k
2001-3000-medium-python/2462-total-cost-to-hire-k-workers
2001-3000-hard-python/2463-minimum-total-distance-traveled
2001-3000-locked-medium-python/2464-minimum-subarrays-in-a-valid-split
2001-3000-easy-python/2465-number-of-distinct-averages
2001-3000-medium-python/2466-count-ways-to-build-good-strings
2001-3000-medium-python/2467-most-profitable-path-in-a-tree
2001-3000-hard-python/2468-split-message-based-on-limit
2001-3000-easy-python/2469-convert-the-temperature
2001-3000-medium-python/2470-number-of-subarrays-with-lcm-equal-to-k
2001-3000-medium-python/2471-minimum-number-of-operations-to-sort-a-binary-tree-by-level
2001-3000-hard-python/2472-maximum-number-of-non-overlapping-palindrome-substrings
2001-3000-locked-medium-python/2473-minimum-cost-to-buy-apples
2001-3000-locked-hard-sql/2474-customers-with-strictly-increasing-purchases
2001-3000-easy-python/2475-number-of-unequal-triplets-in-array
2001-3000-medium-python/2476-closest-nodes-queries-in-a-binary-search-tree
2001-3000-medium-python/2477-minimum-fuel-cost-to-report-to-the-capital
2001-3000-hard-python/2478-number-of-beautiful-partitions
2001-3000-locked-hard-python/2479-maximum-xor-of-two-non-overlapping-subtrees
2001-3000-locked-easy-sql/2480-form-a-chemical-bond
2001-3000-easy-python/2481-minimum-cuts-to-divide-a-circle
2001-3000-medium-python/2482-difference-between-ones-and-zeros-in-row-and-column
2001-3000-medium-python/2483-minimum-penalty-for-a-shop
2001-3000-hard-python/2484-count-palindromic-subsequences
2001-3000-easy-python/2485-find-the-pivot-integer
2001-3000-medium-python/2486-append-characters-to-string-to-make-subsequence
2001-3000-medium-python/2487-remove-nodes-from-linked-list
2001-3000-hard-python/2488-count-subarrays-with-median-k
2001-3000-locked-medium-python/2489-number-of-substrings-with-fixed-ratio
2001-3000-easy-python/2490-circular-sentence
2001-3000-medium-python/2491-divide-players-into-teams-of-equal-skill
2001-3000-medium-python/2492-minimum-score-of-a-path-between-two-cities
2001-3000-hard-python/2493-divide-nodes-into-the-maximum-number-of-groups
2001-3000-locked-hard-sql/2494-merge-overlapping-events-in-the-same-hall
2001-3000-locked-medium-python/2495-number-of-subarrays-having-even-product
2001-3000-easy-python/2496-maximum-value-of-a-string-in-an-array
2001-3000-medium-python/2497-maximum-star-sum-of-a-graph
2001-3000-medium-python/2498-frog-jump-ii
2001-3000-hard-python/2499-minimum-total-cost-to-make-arrays-unequal
2001-3000-easy-python/2500-delete-greatest-value-in-each-row
2001-3000-medium-python/2501-longest-square-streak-in-an-array
2001-3000-medium-python/2502-design-memory-allocator
2001-3000-hard-python/2503-maximum-number-of-points-from-grid-queries
2001-3000-locked-easy-sql/2504-concatenate-the-name-and-the-profession
2001-3000-locked-medium-python/2505-bitwise-or-of-all-subsequence-sums
2001-3000-easy-python/2506-count-pairs-of-similar-strings
2001-3000-medium-python/2507-smallest-value-after-replacing-with-sum-of-prime-factors
2001-3000-hard-python/2508-add-edges-to-make-degrees-of-all-nodes-even
2001-3000-hard-python/2509-cycle-length-queries-in-a-tree
2001-3000-locked-medium-python/2510-check-if-there-is-a-path-with-equal-number-of-0s-and-1s
2001-3000-easy-python/2511-maximum-enemy-forts-that-can-be-captured
2001-3000-medium-python/2512-reward-top-k-students
2001-3000-medium-python/2513-minimize-the-maximum-of-two-arrays
2001-3000-hard-python/2514-count-anagrams
2001-3000-easy-python/2515-shortest-distance-to-target-string-in-a-circular-array
2001-3000-medium-python/2516-take-k-of-each-character-from-left-and-right
2001-3000-medium-python/2517-maximum-tastiness-of-candy-basket
2001-3000-hard-python/2518-number-of-great-partitions
2001-3000-locked-hard-python/2519-count-the-number-of-k-big-indices
2001-3000-easy-python/2520-count-the-digits-that-divide-a-number
2001-3000-medium-python/2521-distinct-prime-factors-of-product-of-array
2001-3000-medium-python/2522-partition-string-into-substrings-with-values-at-most-k
2001-3000-medium-python/2523-closest-prime-numbers-in-range
2001-3000-locked-hard-python/2524-maximum-frequency-score-of-a-subarray
2001-3000-easy-python/2525-categorize-box-according-to-criteria
2001-3000-medium-python/2526-find-consecutive-integers-from-a-data-stream
2001-3000-medium-python/2527-find-xor-beauty-of-array
2001-3000-hard-python/2528-maximize-the-minimum-powered-city
2001-3000-easy-python/2529-maximum-count-of-positive-integer-and-negative-integer
2001-3000-medium-python/2530-maximal-score-after-applying-k-operations
2001-3000-medium-python/2531-make-number-of-distinct-characters-equal
2001-3000-hard-python/2532-time-to-cross-a-bridge
2001-3000-locked-medium-python/2533-number-of-good-binary-strings
2001-3000-locked-hard-python/2534-time-taken-to-cross-the-door
2001-3000-easy-python/2535-difference-between-element-sum-and-digit-sum-of-an-array
2001-3000-medium-python/2536-increment-submatrices-by-one
2001-3000-medium-python/2537-count-the-number-of-good-subarrays
2001-3000-hard-python/2538-difference-between-maximum-and-minimum-price-sum
2001-3000-locked-medium-python/2539-count-the-number-of-good-subsequences
2001-3000-easy-python/2540-minimum-common-value
2001-3000-medium-python/2541-minimum-operations-to-make-array-equal-ii
2001-3000-medium-python/2542-maximum-subsequence-score
2001-3000-hard-python/2543-check-if-point-is-reachable
2001-3000-easy-python/2544-alternating-digit-sum
2001-3000-medium-python/2545-sort-the-students-by-their-kth-score
2001-3000-medium-python/2546-apply-bitwise-operations-to-make-strings-equal
2001-3000-hard-python/2547-minimum-cost-to-split-an-array
2001-3000-locked-medium-python/2548-maximum-price-to-fill-a-bag
2001-3000-easy-python/2549-count-distinct-numbers-on-board
2001-3000-medium-python/2550-count-collisions-of-monkeys-on-a-polygon
2001-3000-hard-python/2551-put-marbles-in-bags
2001-3000-hard-python/2552-count-increasing-quadruplets
2001-3000-easy-python/2553-separate-the-digits-in-an-array
2001-3000-medium-python/2554-maximum-number-of-integers-to-choose-from-a-range-i
2001-3000-medium-python/2555-maximize-win-from-two-segments
2001-3000-medium-python/2556-disconnect-path-in-a-binary-matrix-by-at-most-one-flip
2001-3000-locked-medium-python/2557-maximum-number-of-integers-to-choose-from-a-range-ii
2001-3000-easy-python/2558-take-gifts-from-the-richest-pile
2001-3000-medium-python/2559-count-vowel-strings-in-ranges
2001-3000-medium-python/2560-house-robber-iv
2001-3000-hard-python/2561-rearranging-fruits
2001-3000-easy-python/2562-find-the-array-concatenation-value
2001-3000-medium-python/2563-count-the-number-of-fair-pairs
2001-3000-medium-python/2564-substring-xor-queries
2001-3000-hard-python/2565-subsequence-with-the-minimum-score
2001-3000-easy-python/2566-maximum-difference-by-remapping-a-digit
2001-3000-medium-python/2567-minimum-score-by-changing-two-elements
2001-3000-medium-python/2568-minimum-impossible-or
2001-3000-hard-python/2569-handling-sum-queries-after-update
2001-3000-easy-python/2570-merge-two-2d-arrays-by-summing-values
2001-3000-medium-python/2571-minimum-operations-to-reduce-an-integer-to-0
2001-3000-medium-python/2572-count-the-number-of-square-free-subsets
2001-3000-hard-python/2573-find-the-string-with-lcp
2001-3000-easy-python/2574-left-and-right-sum-differences
2001-3000-medium-python/2575-find-the-divisibility-array-of-a-string
2001-3000-medium-python/2576-find-the-maximum-number-of-marked-indices
2001-3000-hard-python/2577-minimum-time-to-visit-a-cell-in-a-grid
2001-3000-easy-python/2578-split-with-minimum-sum
2001-3000-medium-python/2579-count-total-number-of-colored-cells
2001-3000-medium-python/2580-count-ways-to-group-overlapping-ranges
2001-3000-hard-python/2581-count-number-of-possible-root-nodes
2001-3000-easy-python/2582-pass-the-pillow
2001-3000-medium-python/2583-kth-largest-sum-in-a-binary-tree
2001-3000-hard-python/2584-split-the-array-to-make-coprime-products
2001-3000-hard-python/2585-number-of-ways-to-earn-points
2001-3000-easy-python/2586-count-the-number-of-vowel-strings-in-range
2001-3000-medium-python/2587-rearrange-array-to-maximize-prefix-score
2001-3000-medium-python/2588-count-the-number-of-beautiful-subarrays
2001-3000-hard-python/2589-minimum-time-to-complete-all-tasks
2001-3000-locked-medium-python/2590-design-a-todo-list
2001-3000-easy-python/2591-distribute-money-to-maximum-children
2001-3000-medium-python/2592-maximize-greatness-of-an-array
2001-3000-medium-python/2593-find-score-of-an-array-after-marking-all-elements
2001-3000-medium-python/2594-minimum-time-to-repair-cars
2001-3000-easy-python/2595-number-of-even-and-odd-bits
2001-3000-medium-python/2596-check-knight-tour-configuration
2001-3000-medium-python/2597-the-number-of-beautiful-subsets
2001-3000-medium-python/2598-smallest-missing-non-negative-integer-after-operations
2001-3000-locked-medium-python/2599-make-the-prefix-sum-non-negative
2001-3000-easy-python/2600-k-items-with-the-maximum-sum
2001-3000-medium-python/2601-prime-subtraction-operation
2001-3000-medium-python/2602-minimum-operations-to-make-all-array-elements-equal
2001-3000-hard-python/2603-collect-coins-in-a-tree
2001-3000-locked-hard-python/2604-minimum-time-to-eat-all-grains
2001-3000-easy-python/2605-form-smallest-number-from-two-digit-arrays
2001-3000-medium-python/2606-find-the-substring-with-maximum-cost
2001-3000-medium-python/2607-make-k-subarray-sums-equal
2001-3000-hard-python/2608-shortest-cycle-in-a-graph
2001-3000-easy-python/2609-find-the-longest-balanced-substring-of-a-binary-string
2001-3000-medium-python/2610-convert-an-array-into-a-2d-array-with-conditions
2001-3000-medium-python/2611-mice-and-cheese
2001-3000-hard-python/2612-minimum-reverse-operations
2001-3000-locked-hard-python/2613-beautiful-pairs
2001-3000-easy-python/2614-prime-in-diagonal
2001-3000-medium-python/2615-sum-of-distances
2001-3000-medium-python/2616-minimize-the-maximum-difference-of-pairs
2001-3000-hard-python/2617-minimum-number-of-visited-cells-in-a-grid
2001-3000-medium-javascript/2618-check-if-object-instance-of-class
2001-3000-easy-javascript/2619-array-prototype-last
2001-3000-easy-javascript/2620-counter
2001-3000-easy-javascript/2621-sleep
2001-3000-medium-javascript/2622-cache-with-time-limit
2001-3000-medium-javascript/2623-memoize
2001-3000-medium-javascript/2624-snail-traversal
2001-3000-medium-javascript/2625-flatten-deeply-nested-array
2001-3000-easy-javascript/2626-array-reduce-transformation
2001-3000-medium-javascript/2627-debounce
2001-3000-locked-medium-javascript/2628-json-deep-equal
2001-3000-easy-javascript/2629-function-composition
2001-3000-hard-javascript/2630-memoize-ii
2001-3000-medium-javascript/2631-group-by
2001-3000-locked-medium-javascript/2632-curry
2001-3000-locked-medium-javascript/2633-convert-object-to-json-string
2001-3000-easy-javascript/2634-filter-elements-from-array
2001-3000-easy-javascript/2635-apply-transform-over-each-element-in-array
2001-3000-locked-medium-javascript/2636-promise-pool
2001-3000-medium-javascript/2637-promise-time-limit
2001-3000-locked-medium-python/2638-count-the-number-of-k-free-subsets
2001-3000-easy-python/2639-find-the-width-of-columns-of-a-grid
2001-3000-medium-python/2640-find-the-score-of-all-prefixes-of-an-array
2001-3000-medium-python/2641-cousins-in-binary-tree-ii
2001-3000-hard-python/2642-design-graph-with-shortest-path-calculator
2001-3000-easy-python/2643-row-with-maximum-ones
2001-3000-easy-python/2644-find-the-maximum-divisibility-score
2001-3000-medium-python/2645-minimum-additions-to-make-valid-string
2001-3000-hard-python/2646-minimize-the-total-price-of-the-trips
2001-3000-locked-hard-python/2647-color-the-triangle-red
2001-3000-easy-javascript/2648-generate-fibonacci-sequence
2001-3000-medium-javascript/2649-nested-array-generator
2001-3000-hard-javascript/2650-design-cancellable-function
2001-3000-easy-python/2651-calculate-delayed-arrival-time
2001-3000-easy-python/2652-sum-multiples
2001-3000-medium-python/2653-sliding-subarray-beauty
2001-3000-medium-python/2654-minimum-number-of-operations-to-make-all-array-elements-equal-to-1
2001-3000-locked-medium-python/2655-find-maximal-uncovered-ranges
2001-3000-easy-python/2656-maximum-sum-with-exactly-k-elements
2001-3000-medium-python/2657-find-the-prefix-common-array-of-two-arrays
2001-3000-medium-python/2658-maximum-number-of-fish-in-a-grid
2001-3000-hard-python/2659-make-array-empty
2001-3000-easy-python/2660-determine-the-winner-of-a-bowling-game
2001-3000-medium-python/2661-first-completely-painted-row-or-column
2001-3000-medium-python/2662-minimum-cost-of-a-path-with-special-roads
2001-3000-hard-python/2663-lexicographically-smallest-beautiful-string
2001-3000-locked-medium-python/2664-the-knights-tour
2001-3000-easy-javascript/2665-counter-ii
2001-3000-easy-javascript/2666-allow-one-function-call
2001-3000-easy-javascript/2667-create-hello-world-function
2001-3000-locked-easy-sql/2668-find-latest-salaries
2001-3000-locked-easy-sql/2669-count-artist-occurrences-on-spotify-ranking-list
2001-3000-easy-python/2670-find-the-distinct-difference-array
2001-3000-medium-python/2671-frequency-tracker
2001-3000-medium-python/2672-number-of-adjacent-elements-with-the-same-color
2001-3000-medium-python/2673-make-costs-of-paths-equal-in-a-binary-tree
2001-3000-locked-medium-python/2674-split-a-circular-linked-list
2001-3000-locked-hard-javascript/2675-array-of-objects-to-matrix
2001-3000-locked-medium-javascript/2676-throttle
2001-3000-easy-javascript/2677-chunk-array
2001-3000-easy-python/2678-number-of-senior-citizens
2001-3000-medium-python/2679-sum-in-a-matrix
2001-3000-medium-python/2680-maximum-or
2001-3000-hard-python/2681-power-of-heroes
2001-3000-easy-python/2682-find-the-losers-of-the-circular-game
2001-3000-medium-python/2683-neighboring-bitwise-xor
2001-3000-medium-python/2684-maximum-number-of-moves-in-a-grid
2001-3000-medium-python/2685-count-the-number-of-complete-components
2001-3000-locked-medium-sql/2686-immediate-food-delivery-iii
2001-3000-locked-easy-sql/2687-bikes-last-time-used
2001-3000-locked-medium-sql/2688-find-active-users
2001-3000-locked-easy-python/2689-extract-kth-character-from-the-rope-tree
2001-3000-locked-easy-javascript/2690-infinite-method-object
2001-3000-locked-hard-javascript/2691-immutability-helper
2001-3000-locked-medium-javascript/2692-make-object-immutable
2001-3000-medium-javascript/2693-call-function-with-custom-context
2001-3000-medium-javascript/2694-event-emitter
2001-3000-easy-javascript/2695-array-wrapper
2001-3000-easy-python/2696-minimum-string-length-after-removing-substrings
2001-3000-easy-python/2697-lexicographically-smallest-palindrome
2001-3000-medium-python/2698-find-the-punishment-number-of-an-integer
2001-3000-hard-python/2699-modify-graph-edge-weights
2001-3000-locked-medium-javascript/2700-differences-between-two-objects
2001-3000-locked-hard-sql/2701-consecutive-transactions-with-increasing-amounts
2001-3000-locked-hard-python/2702-minimum-operations-to-make-numbers-non-positive
2001-3000-easy-javascript/2703-return-length-of-arguments-passed
2001-3000-easy-javascript/2704-to-be-or-not-to-be
2001-3000-medium-javascript/2705-compact-object
2001-3000-easy-python/2706-buy-two-chocolates
2001-3000-medium-python/2707-extra-characters-in-a-string
2001-3000-medium-python/2708-maximum-strength-of-a-group
2001-3000-hard-python/2709-greatest-common-divisor-traversal
2001-3000-easy-python/2710-remove-trailing-zeros-from-a-string
2001-3000-medium-python/2711-difference-of-number-of-distinct-values-on-diagonals
2001-3000-medium-python/2712-minimum-cost-to-make-all-characters-equal
2001-3000-hard-python/2713-maximum-strictly-increasing-cells-in-a-matrix
2001-3000-locked-hard-python/2714-find-shortest-path-with-k-hops
2001-3000-easy-javascript/2715-timeout-cancellation
2001-3000-easy-python/2716-minimize-string-length
2001-3000-easy-python/2717-semi-ordered-permutation
2001-3000-medium-python/2718-sum-of-matrix-after-queries
2001-3000-hard-python/2719-count-of-integers
2001-3000-locked-hard-sql/2720-popularity-percentage
2001-3000-medium-javascript/2721-execute-asynchronous-functions-in-parallel
2001-3000-medium-javascript/2722-join-two-arrays-by-id
2001-3000-easy-javascript/2723-add-two-promises
2001-3000-easy-javascript/2724-sort-by
2001-3000-easy-javascript/2725-interval-cancellation
2001-3000-easy-javascript/2726-calculator-with-method-chaining
2001-3000-easy-javascript/2727-is-object-empty
2001-3000-locked-easy-python/2728-count-houses-in-a-circular-street
2001-3000-easy-python/2729-check-if-the-number-is-fascinating
2001-3000-medium-python/2730-find-the-longest-semi-repetitive-substring
2001-3000-medium-python/2731-movement-of-robots
2001-3000-hard-python/2732-find-a-good-subset-of-the-matrix
2001-3000-easy-python/2733-neither-minimum-nor-maximum
2001-3000-medium-python/2734-lexicographically-smallest-string-after-substring-operation
2001-3000-medium-python/2735-collecting-chocolates
2001-3000-hard-python/2736-maximum-sum-queries
2001-3000-locked-medium-python/2737-find-the-closest-marked-node
2001-3000-locked-medium-sql/2738-count-occurrences-in-text
2001-3000-easy-python/2739-total-distance-traveled
2001-3000-medium-python/2740-find-the-value-of-the-partition
2001-3000-medium-python/2741-special-permutations
2001-3000-hard-python/2742-painting-the-walls
2001-3000-locked-medium-python/2743-count-substrings-without-repeating-character
2001-3000-easy-python/2744-find-maximum-number-of-string-pairs
2001-3000-medium-python/2745-construct-the-longest-new-string
2001-3000-medium-python/2746-decremental-string-concatenation
2001-3000-medium-python/2747-count-zero-request-servers
2001-3000-easy-python/2748-number-of-beautiful-pairs
2001-3000-medium-python/2749-minimum-operations-to-make-the-integer-zero
2001-3000-medium-python/2750-ways-to-split-array-into-good-subarrays
2001-3000-hard-python/2751-robot-collisions
2001-3000-locked-hard-sql/2752-customers-with-maximum-number-of-transactions-on-consecutive-days
2001-3000-locked-hard-python/2753-count-houses-in-a-circular-street-ii
2001-3000-locked-medium-javascript/2754-bind-function-to-context
2001-3000-locked-medium-javascript/2755-deep-merge-of-two-objects
2001-3000-locked-hard-javascript/2756-query-batching
2001-3000-locked-medium-javascript/2757-generate-circular-array-values
2001-3000-locked-easy-javascript/2758-next-day
2001-3000-locked-hard-javascript/2759-convert-json-string-to-object
2001-3000-easy-python/2760-longest-even-odd-subarray-with-threshold
2001-3000-medium-python/2761-prime-pairs-with-target-sum
2001-3000-medium-python/2762-continuous-subarrays
2001-3000-hard-python/2763-sum-of-imbalance-numbers-of-all-subarrays
2001-3000-locked-medium-python/2764-is-array-a-preorder-of-some-binary-tree
2001-3000-easy-python/2765-longest-alternating-subarray
2001-3000-medium-python/2766-relocate-marbles
2001-3000-medium-python/2767-partition-string-into-minimum-beautiful-substrings
2001-3000-medium-python/2768-number-of-black-blocks
2001-3000-easy-python/2769-find-the-maximum-achievable-number
2001-3000-medium-python/2770-maximum-number-of-jumps-to-reach-the-last-index
2001-3000-medium-python/2771-longest-non-decreasing-subarray-from-two-arrays
2001-3000-medium-python/2772-apply-operations-to-make-all-array-elements-equal-to-zero
2001-3000-locked-medium-python/2773-height-of-special-binary-tree
2001-3000-locked-easy-javascript/2774-array-upper-bound
2001-3000-locked-medium-javascript/2775-undefined-to-null
2001-3000-locked-medium-javascript/2776-convert-callback-based-function-to-promise-based-function
2001-3000-locked-medium-javascript/2777-date-range-generator
2001-3000-easy-python/2778-sum-of-squares-of-special-elements
2001-3000-medium-python/2779-maximum-beauty-of-an-array-after-applying-operation
2001-3000-medium-python/2780-minimum-index-of-a-valid-split
2001-3000-hard-python/2781-length-of-the-longest-valid-substring
2001-3000-locked-medium-python/2782-number-of-unique-categories
2001-3000-locked-medium-sql/2783-flight-occupancy-and-waitlist-analysis
2001-3000-easy-python/2784-check-if-array-is-good
2001-3000-medium-python/2785-sort-vowels-in-a-string
2001-3000-medium-python/2786-visit-array-positions-to-maximize-score
2001-3000-medium-python/2787-ways-to-express-an-integer-as-sum-of-powers
2001-3000-easy-python/2788-split-strings-by-separator
2001-3000-medium-python/2789-largest-element-in-an-array-after-merge-operations
2001-3000-hard-python/2790-maximum-number-of-groups-with-increasing-length
2001-3000-hard-python/2791-count-paths-that-can-form-a-palindrome-in-a-tree
2001-3000-locked-hard-python/2792-count-nodes-that-are-great-enough
2001-3000-locked-hard-sql/2793-status-of-flight-tickets
2001-3000-locked-easy-javascript/2794-create-object-from-two-arrays
2001-3000-locked-medium-javascript/2795-parallel-execution-of-promises-for-individual-results-retrieval
2001-3000-locked-easy-javascript/2796-repeat-string
2001-3000-locked-easy-javascript/2797-partial-function-with-placeholders
2001-3000-easy-python/2798-number-of-employees-who-met-the-target
2001-3000-medium-python/2799-count-complete-subarrays-in-an-array
2001-3000-medium-python/2800-shortest-string-that-contains-three-strings
2001-3000-hard-python/2801-count-stepping-numbers-in-range
2001-3000-locked-medium-python/2802-find-the-k-th-lucky-number
2001-3000-locked-easy-javascript/2803-factorial-generator
2001-3000-locked-easy-javascript/2804-array-prototype-foreach
2001-3000-locked-medium-javascript/2805-custom-interval
2001-3000-easy-python/2806-account-balance-after-rounded-purchase
2001-3000-medium-python/2807-insert-greatest-common-divisors-in-linked-list
2001-3000-medium-python/2808-minimum-seconds-to-equalize-a-circular-array
2001-3000-hard-python/2809-minimum-time-to-make-array-sum-at-most-x
2001-3000-easy-python/2810-faulty-keyboard
2001-3000-medium-python/2811-check-if-it-is-possible-to-split-array
2001-3000-medium-python/2812-find-the-safest-path-in-a-grid
2001-3000-hard-python/2813-maximum-elegance-of-a-k-length-subsequence
2001-3000-locked-hard-python/2814-minimum-time-takes-to-reach-destination-without-drowning
2001-3000-easy-python/2815-max-pair-sum-in-an-array
2001-3000-medium-python/2816-double-a-number-represented-as-a-linked-list
2001-3000-medium-python/2817-minimum-absolute-difference-between-elements-with-constraint
2001-3000-hard-python/2818-apply-operations-to-maximize-score
2001-3000-locked-hard-python/2819-minimum-relative-loss-after-buying-chocolates
2001-3000-locked-medium-sql/2820-election-results
2001-3000-locked-medium-javascript/2821-delay-the-resolution-of-each-promise
2001-3000-locked-easy-javascript/2822-inversion-of-object
2001-3000-locked-medium-javascript/2823-deep-object-filter
2001-3000-easy-python/2824-count-pairs-whose-sum-is-less-than-target
2001-3000-medium-python/2825-make-string-a-subsequence-using-cyclic-increments
2001-3000-medium-python/2826-sorting-three-groups
2001-3000-hard-python/2827-number-of-beautiful-integers-in-the-range
2001-3000-easy-python/2828-check-if-a-string-is-an-acronym-of-words
2001-3000-medium-python/2829-determine-the-minimum-sum-of-a-k-avoiding-array
2001-3000-medium-python/2830-maximize-the-profit-as-the-salesman
2001-3000-medium-python/2831-find-the-longest-equal-subarray
2001-3000-locked-medium-python/2832-maximal-range-that-each-element-is-maximum-in-it
2001-3000-easy-python/2833-furthest-point-from-origin
2001-3000-medium-python/2834-find-the-minimum-possible-sum-of-a-beautiful-array
2001-3000-hard-python/2835-minimum-operations-to-form-subsequence-with-target-sum
2001-3000-hard-python/2836-maximize-value-of-function-in-a-ball-passing-game
2001-3000-locked-easy-sql/2837-total-traveled-distance
2001-3000-locked-medium-python/2838-maximum-coins-heroes-can-collect
2001-3000-easy-python/2839-check-if-strings-can-be-made-equal-with-operations-i
2001-3000-medium-python/2840-check-if-strings-can-be-made-equal-with-operations-ii
2001-3000-medium-python/2841-maximum-sum-of-almost-unique-subarray
2001-3000-hard-python/2842-count-k-subsequences-of-a-string-with-maximum-beauty
2001-3000-easy-python/2843-count-symmetric-integers
2001-3000-medium-python/2844-minimum-operations-to-make-a-special-number
2001-3000-medium-python/2845-count-of-interesting-subarrays
2001-3000-hard-python/2846-minimum-edge-weight-equilibrium-queries-in-a-tree
2001-3000-locked-medium-python/2847-smallest-number-with-given-digit-product
2001-3000-easy-python/2848-points-that-intersect-with-cars
2001-3000-medium-python/2849-determine-if-a-cell-is-reachable-at-a-given-time
2001-3000-medium-python/2850-minimum-moves-to-spread-stones-over-grid
2001-3000-hard-python/2851-string-transformation
2001-3000-locked-medium-python/2852-sum-of-remoteness-of-all-cells
2001-3000-locked-easy-sql/2853-highest-salaries-difference
2001-3000-locked-medium-sql/2854-rolling-average-steps
2001-3000-easy-python/2855-minimum-right-shifts-to-sort-the-array
2001-3000-medium-python/2856-minimum-array-length-after-pair-removals
2001-3000-medium-python/2857-count-pairs-of-points-with-distance-k
2001-3000-hard-python/2858-minimum-edge-reversals-so-every-node-is-reachable
2001-3000-easy-python/2859-sum-of-values-at-indices-with-k-set-bits
2001-3000-medium-python/2860-happy-students
2001-3000-medium-python/2861-maximum-number-of-alloys
2001-3000-hard-python/2862-maximum-element-sum-of-a-complete-subset-of-indices
2001-3000-locked-medium-python/2863-maximum-length-of-semi-decreasing-subarrays
2001-3000-easy-python/2864-maximum-odd-binary-number
2001-3000-medium-python/2865-beautiful-towers-i
2001-3000-medium-python/2866-beautiful-towers-ii
2001-3000-hard-python/2867-count-valid-paths-in-a-tree
2001-3000-locked-hard-python/2868-the-wording-game
2001-3000-easy-python/2869-minimum-operations-to-collect-elements
2001-3000-medium-python/2870-minimum-number-of-operations-to-make-array-empty
2001-3000-medium-python/2871-split-array-into-maximum-number-of-subarrays
2001-3000-hard-python/2872-maximum-number-of-k-divisible-components
2001-3000-easy-python/2873-maximum-value-of-an-ordered-triplet-i
2001-3000-medium-python/2874-maximum-value-of-an-ordered-triplet-ii
2001-3000-medium-python/2875-minimum-size-subarray-in-infinite-array
2001-3000-hard-python/2876-count-visited-nodes-in-a-directed-graph
2001-3000-easy-pandas/2877-create-a-dataframe-from-list
2001-3000-easy-pandas/2878-get-the-size-of-a-dataframe
2001-3000-easy-pandas/2879-display-the-first-three-rows
2001-3000-easy-pandas/2880-select-data
2001-3000-easy-pandas/2881-create-a-new-column
2001-3000-easy-pandas/2882-drop-duplicate-rows
2001-3000-easy-pandas/2883-drop-missing-data
2001-3000-easy-pandas/2884-modify-columns
2001-3000-easy-pandas/2885-rename-columns
2001-3000-easy-pandas/2886-change-data-type
2001-3000-easy-pandas/2887-fill-missing-data
2001-3000-easy-pandas/2888-reshape-data-concatenate
2001-3000-easy-pandas/2889-reshape-data-pivot
2001-3000-easy-pandas/2890-reshape-data-melt
2001-3000-easy-pandas/2891-method-chaining
2001-3000-locked-medium-python/2892-minimizing-array-after-replacing-pairs-with-their-product
2001-3000-locked-medium-sql/2893-calculate-orders-within-each-interval
2001-3000-easy-python/2894-divisible-and-non-divisible-sums-difference
2001-3000-medium-python/2895-minimum-processing-time
2001-3000-medium-python/2896-apply-operations-to-make-two-strings-equal
2001-3000-hard-python/2897-apply-operations-on-array-to-maximize-sum-of-squares
2001-3000-locked-medium-python/2898-maximum-linear-stock-score
2001-3000-easy-python/2899-last-visited-integers
2001-3000-easy-python/2900-longest-unequal-adjacent-groups-subsequence-i
2001-3000-medium-python/2901-longest-unequal-adjacent-groups-subsequence-ii
2001-3000-hard-python/2902-count-of-sub-multisets-with-bounded-sum
2001-3000-easy-python/2903-find-indices-with-index-and-value-difference-i
2001-3000-medium-python/2904-shortest-and-lexicographically-smallest-beautiful-string
2001-3000-medium-python/2905-find-indices-with-index-and-value-difference-ii
2001-3000-medium-python/2906-construct-product-matrix
2001-3000-locked-medium-python/2907-maximum-profitable-triplets-with-increasing-prices-i
2001-3000-easy-python/2908-minimum-sum-of-mountain-triplets-i
2001-3000-medium-python/2909-minimum-sum-of-mountain-triplets-ii
2001-3000-medium-python/2910-minimum-number-of-groups-to-create-a-valid-assignment
2001-3000-hard-python/2911-minimum-changes-to-make-k-semi-palindromes
2001-3000-locked-hard-python/2912-number-of-ways-to-reach-destination-in-the-grid
2001-3000-easy-python/2913-subarrays-distinct-element-sum-of-squares-i
2001-3000-medium-python/2914-minimum-number-of-changes-to-make-binary-string-beautiful
2001-3000-medium-python/2915-length-of-the-longest-subsequence-that-sums-to-target
2001-3000-hard-python/2916-subarrays-distinct-element-sum-of-squares-ii
2001-3000-easy-python/2917-find-the-k-or-of-an-array
2001-3000-medium-python/2918-minimum-equal-sum-of-two-arrays-after-replacing-zeros
2001-3000-medium-python/2919-minimum-increment-operations-to-make-array-beautiful
2001-3000-hard-python/2920-maximum-points-after-collecting-coins-from-all-nodes
2001-3000-locked-hard-python/2921-maximum-profitable-triplets-with-increasing-prices-ii
2001-3000-locked-medium-sql/2922-market-analysis-iii
2001-3000-easy-python/2923-find-champion-i
2001-3000-medium-python/2924-find-champion-ii
2001-3000-medium-python/2925-maximum-score-after-applying-operations-on-a-tree
2001-3000-hard-python/2926-maximum-balanced-subsequence-sum
2001-3000-locked-hard-python/2927-distribute-candies-among-children-iii
2001-3000-easy-python/2928-distribute-candies-among-children-i
2001-3000-medium-python/2929-distribute-candies-among-children-ii
2001-3000-medium-python/2930-number-of-strings-which-can-be-rearranged-to-contain-substring
2001-3000-hard-python/2931-maximum-spending-after-buying-items
2001-3000-easy-python/2932-maximum-strong-pair-xor-i
2001-3000-medium-python/2933-high-access-employees
2001-3000-medium-python/2934-minimum-operations-to-maximize-last-elements-in-arrays
2001-3000-hard-python/2935-maximum-strong-pair-xor-ii
2001-3000-locked-medium-python/2936-number-of-equal-numbers-blocks
2001-3000-easy-python/2937-make-three-strings-equal
2001-3000-medium-python/2938-separate-black-and-white-balls
2001-3000-medium-python/2939-maximum-xor-product
2001-3000-hard-python/2940-find-building-where-alice-and-bob-can-meet
2001-3000-locked-hard-python/2941-maximum-gcd-sum-of-a-subarray
2001-3000-easy-python/2942-find-words-containing-character
2001-3000-medium-python/2943-maximize-area-of-square-hole-in-grid
2001-3000-medium-python/2944-minimum-number-of-coins-for-fruits
2001-3000-hard-python/2945-find-maximum-non-decreasing-array-length
2001-3000-easy-python/2946-matrix-similarity-after-cyclic-shifts
2001-3000-medium-python/2947-count-beautiful-substrings-i
2001-3000-medium-python/2948-make-lexicographically-smallest-array-by-swapping-elements
2001-3000-hard-python/2949-count-beautiful-substrings-ii
2001-3000-locked-medium-python/2950-number-of-divisible-substrings
2001-3000-easy-python/2951-find-the-peaks
2001-3000-medium-python/2952-minimum-number-of-coins-to-be-added
2001-3000-hard-python/2953-count-complete-substrings
2001-3000-hard-python/2954-count-the-number-of-infection-sequences
2001-3000-locked-medium-python/2955-number-of-same-end-substrings
2001-3000-easy-python/2956-find-common-elements-between-two-arrays
2001-3000-medium-python/2957-remove-adjacent-almost-equal-characters
2001-3000-medium-python/2958-length-of-longest-subarray-with-at-most-k-frequency
2001-3000-hard-python/2959-number-of-possible-sets-of-closing-branches
2001-3000-easy-python/2960-count-tested-devices-after-test-operations
2001-3000-medium-python/2961-double-modular-exponentiation
2001-3000-medium-python/2962-count-subarrays-where-max-element-appears-at-least-k-times
2001-3000-hard-python/2963-count-the-number-of-good-partitions
2001-3000-locked-medium-python/2964-number-of-divisible-triplet-sums
2001-3000-easy-python/2965-find-missing-and-repeated-values
2001-3000-medium-python/2966-divide-array-into-arrays-with-max-difference
2001-3000-medium-python/2967-minimum-cost-to-make-array-equalindromic
2001-3000-hard-python/2968-apply-operations-to-maximize-frequency-score
2001-3000-locked-hard-python/2969-minimum-number-of-coins-for-fruits-ii
2001-3000-easy-python/2970-count-the-number-of-incremovable-subarrays-i
2001-3000-medium-python/2971-find-polygon-with-the-largest-perimeter
2001-3000-hard-python/2972-count-the-number-of-incremovable-subarrays-ii
2001-3000-hard-python/2973-find-number-of-coins-to-place-in-tree-nodes
2001-3000-easy-python/2974-minimum-number-game
2001-3000-medium-python/2975-maximum-square-area-by-removing-fences-from-a-field
2001-3000-medium-python/2976-minimum-cost-to-convert-string-i
2001-3000-hard-python/2977-minimum-cost-to-convert-string-ii
2001-3000-locked-medium-sql/2978-symmetric-coordinates
2001-3000-locked-medium-python/2979-most-expensive-item-that-can-not-be-bought
2001-3000-easy-python/2980-check-if-bitwise-or-has-trailing-zeros
2001-3000-medium-python/2981-find-longest-special-substring-that-occurs-thrice-i
2001-3000-medium-python/2982-find-longest-special-substring-that-occurs-thrice-ii
2001-3000-hard-python/2983-palindrome-rearrangement-queries
2001-3000-locked-medium-sql/2984-find-peak-calling-hours-for-each-city
2001-3000-locked-easy-sql/2985-calculate-compressed-mean
2001-3000-locked-medium-sql/2986-find-third-transaction
2001-3000-locked-easy-sql/2987-find-expensive-cities
2001-3000-locked-medium-sql/2988-manager-of-the-largest-department
2001-3000-locked-medium-sql/2989-class-performance
2001-3000-locked-easy-sql/2990-loan-types
2001-3000-locked-hard-sql/2991-top-three-wineries
2001-3000-locked-medium-python/2992-number-of-self-divisible-permutations
2001-3000-locked-medium-sql/2993-friday-purchases-i
2001-3000-locked-hard-sql/2994-friday-purchases-ii
2001-3000-locked-hard-sql/2995-viewers-turned-streamers
2001-3000-easy-python/2996-smallest-missing-integer-greater-than-sequential-prefix-sum
2001-3000-medium-python/2997-minimum-number-of-operations-to-make-array-xor-equal-to-k
2001-3000-medium-python/2998-minimum-number-of-operations-to-make-x-and-y-equal
2001-3000-hard-python/2999-count-the-number-of-powerful-integers
2001-3000-easy-python/3000-maximum-area-of-longest-diagonal-rectangle

