3001-4000-medium-python/3001-minimum-moves-to-capture-the-queen
3001-4000-medium-python/3002-maximum-size-of-a-set-after-removals
3001-4000-hard-python/3003-maximize-the-number-of-partitions-after-operations
3001-4000-locked-medium-python/3004-maximum-subtree-of-the-same-color
3001-4000-easy-python/3005-count-elements-with-maximum-frequency
3001-4000-medium-python/3006-find-beautiful-indices-in-the-given-array-i
3001-4000-medium-python/3007-maximum-number-that-sum-of-the-prices-is-less-than-or-equal-to-k
3001-4000-hard-python/3008-find-beautiful-indices-in-the-given-array-ii
3001-4000-locked-hard-python/3009-maximum-number-of-intersections-on-the-chart
3001-4000-easy-python/3010-divide-an-array-into-subarrays-with-minimum-cost-i
3001-4000-medium-python/3011-find-if-array-can-be-sorted
3001-4000-medium-python/3012-minimize-length-of-array-using-operations
3001-4000-hard-python/3013-divide-an-array-into-subarrays-with-minimum-cost-ii
3001-4000-easy-python/3014-minimum-number-of-pushes-to-type-word-i
3001-4000-medium-python/3015-count-the-number-of-houses-at-a-certain-distance-i
3001-4000-medium-python/3016-minimum-number-of-pushes-to-type-word-ii
3001-4000-hard-python/3017-count-the-number-of-houses-at-a-certain-distance-ii
3001-4000-locked-hard-python/3018-maximum-number-of-removal-queries-that-can-be-processed-i
3001-4000-easy-python/3019-number-of-changing-keys
3001-4000-medium-python/3020-find-the-maximum-number-of-elements-in-subset
3001-4000-medium-python/3021-alice-and-bob-playing-flower-game
3001-4000-hard-python/3022-minimize-or-of-remaining-elements-using-operations
3001-4000-locked-medium-python/3023-find-pattern-in-infinite-stream-i
3001-4000-easy-python/3024-type-of-triangle
3001-4000-medium-python/3025-find-the-number-of-ways-to-place-people-i
3001-4000-medium-python/3026-maximum-good-subarray-sum
3001-4000-hard-python/3027-find-the-number-of-ways-to-place-people-ii
3001-4000-easy-python/3028-ant-on-the-boundary
3001-4000-medium-python/3029-minimum-time-to-revert-word-to-initial-state-i
3001-4000-medium-python/3030-find-the-grid-of-region-average
3001-4000-hard-python/3031-minimum-time-to-revert-word-to-initial-state-ii
3001-4000-locked-easy-python/3032-count-numbers-with-unique-digits-ii
3001-4000-easy-python/3033-modify-the-matrix
3001-4000-medium-python/3034-number-of-subarrays-that-match-a-pattern-i
3001-4000-medium-python/3035-maximum-palindromes-after-operations
3001-4000-hard-python/3036-number-of-subarrays-that-match-a-pattern-ii
3001-4000-locked-hard-python/3037-find-pattern-in-infinite-stream-ii
3001-4000-easy-python/3038-maximum-number-of-operations-with-the-same-score-i
3001-4000-medium-python/3039-apply-operations-to-make-string-empty
3001-4000-medium-python/3040-maximum-number-of-operations-with-the-same-score-ii
3001-4000-hard-python/3041-maximize-consecutive-elements-in-an-array-after-modification
3001-4000-easy-python/3042-count-prefix-and-suffix-pairs-i
3001-4000-medium-python/3043-find-the-length-of-the-longest-common-prefix
3001-4000-medium-python/3044-most-frequent-prime
3001-4000-hard-python/3045-count-prefix-and-suffix-pairs-ii
3001-4000-easy-python/3046-split-the-array
3001-4000-medium-python/3047-find-the-largest-area-of-square-inside-two-rectangles
3001-4000-medium-python/3048-earliest-second-to-mark-indices-i
3001-4000-hard-python/3049-earliest-second-to-mark-indices-ii
3001-4000-locked-medium-sql/3050-pizza-toppings-cost-analysis
3001-4000-locked-easy-sql/3051-find-candidates-for-data-scientist-position
3001-4000-locked-hard-sql/3052-maximize-items
3001-4000-locked-easy-sql/3053-classifying-triangles-by-lengths
3001-4000-locked-medium-sql/3054-binary-tree-nodes
3001-4000-locked-medium-sql/3055-top-percentile-fraud
3001-4000-locked-medium-sql/3056-snaps-analysis
3001-4000-locked-hard-sql/3057-employees-project-allocation
3001-4000-locked-medium-sql/3058-friends-with-no-mutual-friends
3001-4000-locked-easy-sql/3059-find-all-unique-email-domains
3001-4000-locked-hard-sql/3060-user-activities-within-time-bounds
3001-4000-locked-hard-sql/3061-calculate-trapping-rain-water
3001-4000-locked-easy-python/3062-winner-of-the-linked-list-game
3001-4000-locked-easy-python/3063-linked-list-frequency
3001-4000-locked-medium-python/3064-guess-the-number-using-bitwise-questions-i
3001-4000-easy-python/3065-minimum-operations-to-exceed-threshold-value-i
3001-4000-medium-python/3066-minimum-operations-to-exceed-threshold-value-ii
3001-4000-medium-python/3067-count-pairs-of-connectable-servers-in-a-weighted-tree-network
3001-4000-hard-python/3068-find-the-maximum-sum-of-node-values
3001-4000-easy-python/3069-distribute-elements-into-two-arrays-i
3001-4000-medium-python/3070-count-submatrices-with-top-left-element-and-sum-less-than-k
3001-4000-medium-python/3071-minimum-operations-to-write-the-letter-y-on-a-grid
3001-4000-hard-python/3072-distribute-elements-into-two-arrays-ii
3001-4000-locked-medium-python/3073-maximum-increasing-triplet-value
3001-4000-easy-python/3074-apple-redistribution-into-boxes
3001-4000-medium-python/3075-maximize-happiness-of-selected-children
3001-4000-medium-python/3076-shortest-uncommon-substring-in-an-array
3001-4000-hard-python/3077-maximum-strength-of-k-disjoint-subarrays
3001-4000-locked-medium-python/3078-match-alphanumerical-pattern-in-matrix-i
3001-4000-easy-python/3079-find-the-sum-of-encrypted-integers
3001-4000-medium-python/3080-mark-elements-on-array-by-performing-queries
3001-4000-medium-python/3081-replace-question-marks-in-string-to-minimize-its-value
3001-4000-hard-python/3082-find-the-sum-of-the-power-of-all-subsequences
3001-4000-easy-python/3083-existence-of-a-substring-in-a-string-and-its-reverse
3001-4000-medium-python/3084-count-substrings-starting-and-ending-with-given-character
3001-4000-medium-python/3085-minimum-deletions-to-make-string-k-special
3001-4000-hard-python/3086-minimum-moves-to-pick-k-ones
3001-4000-locked-medium-sql/3087-find-trending-hashtags
3001-4000-locked-hard-python/3088-make-string-anti-palindrome
3001-4000-locked-medium-sql/3089-find-bursty-behavior
3001-4000-easy-python/3090-maximum-length-substring-with-two-occurrences
3001-4000-medium-python/3091-apply-operations-to-make-sum-of-array-greater-than-or-equal-to-k
3001-4000-medium-python/3092-most-frequent-ids
3001-4000-hard-python/3093-longest-common-suffix-queries
3001-4000-locked-medium-python/3094-guess-the-number-using-bitwise-questions-ii
3001-4000-easy-python/3095-shortest-subarray-with-or-at-least-k-i
3001-4000-medium-python/3096-minimum-levels-to-gain-more-points
3001-4000-medium-python/3097-shortest-subarray-with-or-at-least-k-ii
3001-4000-hard-python/3098-find-the-sum-of-subsequence-powers
3001-4000-easy-python/3099-harshad-number
3001-4000-medium-python/3100-water-bottles-ii
3001-4000-medium-python/3101-count-alternating-subarrays
3001-4000-hard-python/3102-minimize-manhattan-distances
3001-4000-locked-hard-sql/3103-find-trending-hashtags-ii
3001-4000-locked-hard-python/3104-find-longest-self-contained-substring
3001-4000-easy-python/3105-longest-strictly-increasing-or-strictly-decreasing-subarray
3001-4000-medium-python/3106-lexicographically-smallest-string-after-operations-with-constraint
3001-4000-medium-python/3107-minimum-operations-to-make-median-of-array-equal-to-k
3001-4000-hard-python/3108-minimum-cost-walk-in-weighted-graph
3001-4000-locked-medium-python/3109-find-the-index-of-permutation
3001-4000-easy-python/3110-score-of-a-string
3001-4000-medium-python/3111-minimum-rectangles-to-cover-points
3001-4000-medium-python/3112-minimum-time-to-visit-disappearing-nodes
3001-4000-hard-python/3113-find-the-number-of-subarrays-where-boundary-elements-are-maximum
3001-4000-easy-python/3114-latest-time-you-can-obtain-after-replacing-characters
3001-4000-medium-python/3115-maximum-prime-difference
3001-4000-hard-python/3116-kth-smallest-amount-with-single-denomination-combination
3001-4000-hard-python/3117-minimum-sum-of-values-by-dividing-array
3001-4000-locked-medium-sql/3118-friday-purchase-iii
3001-4000-locked-medium-python/3119-maximum-number-of-potholes-that-can-be-fixed
3001-4000-easy-python/3120-count-the-number-of-special-characters-i
3001-4000-medium-python/3121-count-the-number-of-special-characters-ii
3001-4000-medium-python/3122-minimum-number-of-operations-to-satisfy-conditions
3001-4000-hard-python/3123-find-edges-in-shortest-paths
3001-4000-locked-medium-sql/3124-find-longest-calls
3001-4000-locked-medium-python/3125-maximum-number-that-makes-result-of-bitwise-and-zero
3001-4000-locked-medium-sql/3126-server-utilization-time
3001-4000-easy-python/3127-make-a-square-with-the-same-color
3001-4000-medium-python/3128-right-triangles
3001-4000-medium-python/3129-find-all-possible-stable-binary-arrays-i
3001-4000-hard-python/3130-find-all-possible-stable-binary-arrays-ii
3001-4000-easy-python/3131-find-the-integer-added-to-array-i
3001-4000-medium-python/3132-find-the-integer-added-to-array-ii
3001-4000-medium-python/3133-minimum-array-end
3001-4000-hard-python/3134-find-the-median-of-the-uniqueness-array
3001-4000-locked-medium-python/3135-equalize-strings-by-adding-or-removing-characters-at-ends
3001-4000-easy-python/3136-valid-word
3001-4000-medium-python/3137-minimum-number-of-operations-to-make-word-k-periodic
3001-4000-medium-python/3138-minimum-length-of-anagram-concatenation
3001-4000-hard-python/3139-minimum-cost-to-equalize-array
3001-4000-locked-medium-sql/3140-consecutive-available-seats-ii
3001-4000-locked-hard-python/3141-maximum-hamming-distances
3001-4000-easy-python/3142-check-if-grid-satisfies-conditions
3001-4000-medium-python/3143-maximum-points-inside-the-square
3001-4000-medium-python/3144-minimum-substring-partition-of-equal-character-frequency
3001-4000-hard-python/3145-find-products-of-elements-of-big-array
3001-4000-easy-python/3146-permutation-difference-between-two-strings
3001-4000-medium-python/3147-taking-maximum-energy-from-the-mystic-dungeon
3001-4000-medium-python/3148-maximum-difference-score-in-a-grid
3001-4000-hard-python/3149-find-the-minimum-cost-array-permutation
3001-4000-locked-easy-sql/3150-invalid-tweets-ii
3001-4000-easy-python/3151-special-array-i
3001-4000-medium-python/3152-special-array-ii
3001-4000-medium-python/3153-sum-of-digit-differences-of-all-pairs
3001-4000-hard-python/3154-find-number-of-ways-to-reach-the-k-th-stair
3001-4000-locked-medium-python/3155-maximum-number-of-upgradable-servers
3001-4000-locked-hard-sql/3156-employee-task-duration-and-concurrent-tasks
3001-4000-locked-medium-python/3157-find-the-level-of-tree-with-minimum-sum
3001-4000-easy-python/3158-find-the-xor-of-numbers-which-appear-twice
3001-4000-medium-python/3159-find-occurrences-of-an-element-in-an-array
3001-4000-medium-python/3160-find-the-number-of-distinct-colors-among-the-balls
3001-4000-hard-python/3161-block-placement-queries
3001-4000-easy-python/3162-find-the-number-of-good-pairs-i
3001-4000-medium-python/3163-string-compression-iii
3001-4000-medium-python/3164-find-the-number-of-good-pairs-ii
3001-4000-hard-python/3165-maximum-sum-of-subsequence-with-non-adjacent-elements
3001-4000-locked-medium-sql/3166-calculate-parking-fees-and-duration
3001-4000-locked-medium-python/3167-better-compression-of-string
3001-4000-easy-python/3168-minimum-number-of-chairs-in-a-waiting-room
3001-4000-medium-python/3169-count-days-without-meetings
3001-4000-medium-python/3170-lexicographically-minimum-string-after-removing-stars
3001-4000-hard-python/3171-find-subarray-with-bitwise-or-closest-to-k
3001-4000-locked-easy-sql/3172-second-day-verification
3001-4000-locked-easy-python/3173-bitwise-or-of-adjacent-elements
3001-4000-easy-python/3174-clear-digits
3001-4000-medium-python/3175-find-the-first-player-to-win-k-games-in-a-row
3001-4000-medium-python/3176-find-the-maximum-length-of-a-good-subsequence-i
3001-4000-hard-python/3177-find-the-maximum-length-of-a-good-subsequence-ii
3001-4000-easy-python/3178-find-the-child-who-has-the-ball-after-k-seconds
3001-4000-medium-python/3179-find-the-n-th-value-after-k-seconds
3001-4000-medium-python/3180-maximum-total-reward-using-operations-i
3001-4000-hard-python/3181-maximum-total-reward-using-operations-ii
3001-4000-locked-medium-sql/3182-find-top-scoring-students
3001-4000-locked-medium-python/3183-the-number-of-ways-to-make-the-sum
3001-4000-easy-python/3184-count-pairs-that-form-a-complete-day-i
3001-4000-medium-python/3185-count-pairs-that-form-a-complete-day-ii
3001-4000-medium-python/3186-maximum-total-damage-with-spell-casting
3001-4000-hard-python/3187-peaks-in-array
3001-4000-locked-hard-sql/3188-find-top-scoring-students-ii
3001-4000-locked-medium-python/3189-minimum-moves-to-get-a-peaceful-board
3001-4000-easy-python/3190-find-minimum-operations-to-make-all-elements-divisible-by-three
3001-4000-medium-python/3191-minimum-operations-to-make-binary-array-elements-equal-to-one-i
3001-4000-medium-python/3192-minimum-operations-to-make-binary-array-elements-equal-to-one-ii
3001-4000-hard-python/3193-count-the-number-of-inversions
3001-4000-easy-python/3194-minimum-average-of-smallest-and-largest-elements
3001-4000-medium-python/3195-find-the-minimum-area-to-cover-all-ones-i
3001-4000-medium-python/3196-maximize-total-cost-of-alternating-subarrays
3001-4000-hard-python/3197-find-the-minimum-area-to-cover-all-ones-ii
3001-4000-locked-easy-sql/3198-find-cities-in-each-state
3001-4000-locked-easy-python/3199-count-triplets-with-even-xor-set-bits-i
3001-4000-easy-python/3200-maximum-height-of-a-triangle
3001-4000-medium-python/3201-find-the-maximum-length-of-valid-subsequence-i
3001-4000-medium-python/3202-find-the-maximum-length-of-valid-subsequence-ii
3001-4000-hard-python/3203-find-minimum-diameter-after-merging-two-trees
3001-4000-locked-medium-sql/3204-bitwise-user-permissions-analysis
3001-4000-locked-medium-python/3205-maximum-array-hopping-score-i
3001-4000-easy-python/3206-alternating-groups-i
3001-4000-medium-python/3207-maximum-points-after-enemy-battles
3001-4000-medium-python/3208-alternating-groups-ii
3001-4000-hard-python/3209-number-of-subarrays-with-and-value-of-k
3001-4000-easy-python/3210-find-the-encrypted-string
3001-4000-medium-python/3211-generate-binary-strings-without-adjacent-zeros
3001-4000-medium-python/3212-count-submatrices-with-equal-frequency-of-x-and-y
3001-4000-hard-python/3213-construct-string-with-minimum-cost
3001-4000-locked-hard-sql/3214-year-on-year-growth-rate
3001-4000-locked-medium-python/3215-count-triplets-with-even-xor-set-bits-ii
3001-4000-easy-python/3216-lexicographically-smallest-string-after-a-swap
3001-4000-medium-python/3217-delete-nodes-from-linked-list-present-in-array
3001-4000-medium-python/3218-minimum-cost-for-cutting-cake-i
3001-4000-hard-python/3219-minimum-cost-for-cutting-cake-ii
3001-4000-medium-sql/3220-odd-and-even-transactions
3001-4000-locked-medium-python/3221-maximum-array-hopping-score-ii
3001-4000-easy-python/3222-find-the-winning-player-in-coin-game
3001-4000-medium-python/3223-minimum-length-of-string-after-operations
3001-4000-medium-python/3224-minimum-array-changes-to-make-differences-equal
3001-4000-hard-python/3225-maximum-score-from-grid-operations
3001-4000-easy-python/3226-number-of-bit-changes-to-make-two-integers-equal
3001-4000-medium-python/3227-vowels-game-in-a-string
3001-4000-medium-python/3228-maximum-number-of-operations-to-move-ones-to-the-end
3001-4000-hard-python/3229-minimum-operations-to-make-array-equal-to-target
3001-4000-locked-medium-sql/3230-customer-purchasing-behavior-analysis
3001-4000-locked-hard-python/3231-minimum-number-of-increasing-subsequence-to-be-removed
3001-4000-easy-python/3232-find-if-digit-game-can-be-won
3001-4000-medium-python/3233-find-the-count-of-numbers-which-are-not-special
3001-4000-medium-python/3234-count-the-number-of-substrings-with-dominant-ones
3001-4000-hard-python/3235-check-if-the-rectangle-corner-is-reachable
3001-4000-locked-hard-sql/3236-ceo-subordinate-hierarchy
3001-4000-locked-medium-python/3237-alt-and-tab-simulation
3001-4000-easy-python/3238-find-the-number-of-winning-players
3001-4000-medium-python/3239-minimum-number-of-flips-to-make-binary-grid-palindromic-i
3001-4000-medium-python/3240-minimum-number-of-flips-to-make-binary-grid-palindromic-ii
3001-4000-hard-python/3241-time-taken-to-mark-all-nodes
3001-4000-easy-python/3242-design-neighbor-sum-service
3001-4000-medium-python/3243-shortest-distance-after-road-addition-queries-i
3001-4000-hard-python/3244-shortest-distance-after-road-addition-queries-ii
3001-4000-hard-python/3245-alternating-groups-iii
3001-4000-locked-easy-sql/3246-premier-league-table-ranking
3001-4000-locked-medium-python/3247-number-of-subsequences-with-odd-sum
3001-4000-easy-python/3248-snake-in-matrix
3001-4000-medium-python/3249-count-the-number-of-good-nodes
3001-4000-hard-python/3250-find-the-count-of-monotonic-pairs-i
3001-4000-hard-python/3251-find-the-count-of-monotonic-pairs-ii
3001-4000-locked-medium-sql/3252-premier-league-table-ranking-ii
3001-4000-locked-medium-python/3253-construct-string-with-minimum-cost-easy
3001-4000-medium-python/3254-find-the-power-of-k-size-subarrays-i
3001-4000-medium-python/3255-find-the-power-of-k-size-subarrays-ii
3001-4000-hard-python/3256-maximum-value-sum-by-placing-three-rooks-i
3001-4000-hard-python/3257-maximum-value-sum-by-placing-three-rooks-ii
3001-4000-easy-python/3258-count-substrings-that-satisfy-k-constraint-i
3001-4000-medium-python/3259-maximum-energy-boost-from-two-drinks
3001-4000-hard-python/3260-find-the-largest-palindrome-divisible-by-k
3001-4000-hard-python/3261-count-substrings-that-satisfy-k-constraint-ii
3001-4000-locked-medium-sql/3262-find-overlapping-shifts
3001-4000-locked-easy-python/3263-convert-doubly-linked-list-to-array-i
3001-4000-easy-python/3264-final-array-state-after-k-multiplication-operations-i
3001-4000-medium-python/3265-count-almost-equal-pairs-i
3001-4000-hard-python/3266-final-array-state-after-k-multiplication-operations-ii
3001-4000-hard-python/3267-count-almost-equal-pairs-ii
3001-4000-locked-hard-sql/3268-find-overlapping-shifts-ii
3001-4000-locked-hard-python/3269-constructing-two-increasing-arrays
3001-4000-easy-python/3270-find-the-key-of-the-numbers
3001-4000-medium-python/3271-hash-divided-string
3001-4000-hard-python/3272-find-the-count-of-good-integers
3001-4000-hard-python/3273-minimum-amount-of-damage-dealt-to-bob
3001-4000-easy-python/3274-check-if-two-chessboard-squares-have-the-same-color
3001-4000-medium-python/3275-k-th-nearest-obstacle-queries
3001-4000-hard-python/3276-select-cells-in-grid-with-maximum-score
3001-4000-hard-python/3277-maximum-xor-score-subarray-queries
3001-4000-locked-medium-sql/3278-find-candidates-for-data-scientist-position-ii
3001-4000-locked-hard-python/3279-maximum-total-area-occupied-by-pistons
3001-4000-easy-python/3280-convert-date-to-binary
3001-4000-medium-python/3281-maximize-score-of-numbers-in-ranges
3001-4000-medium-python/3282-reach-end-of-array-with-max-score
3001-4000-hard-python/3283-maximum-number-of-moves-to-kill-all-pawns
3001-4000-locked-medium-python/3284-sum-of-consecutive-subarrays
3001-4000-easy-python/3285-find-indices-of-stable-mountains
3001-4000-medium-python/3286-find-a-safe-walk-through-a-grid
3001-4000-hard-python/3287-find-the-maximum-sequence-value-of-array
3001-4000-hard-python/3288-length-of-the-longest-increasing-path
3001-4000-easy-python/3289-the-two-sneaky-numbers-of-digitville
3001-4000-medium-python/3290-maximum-multiplication-score
3001-4000-medium-python/3291-minimum-number-of-valid-strings-to-form-target-i
3001-4000-hard-python/3292-minimum-number-of-valid-strings-to-form-target-ii
3001-4000-locked-medium-sql/3293-calculate-product-final-price
3001-4000-locked-medium-python/3294-convert-doubly-linked-list-to-array-ii
3001-4000-medium-python/3295-report-spam-message
3001-4000-medium-python/3296-minimum-number-of-seconds-to-make-mountain-height-zero
3001-4000-medium-python/3297-count-substrings-that-can-be-rearranged-to-contain-a-string-i
3001-4000-hard-python/3298-count-substrings-that-can-be-rearranged-to-contain-a-string-ii
3001-4000-locked-hard-python/3299-sum-of-consecutive-subsequences
3001-4000-easy-python/3300-minimum-element-after-replacement-with-digit-sum
3001-4000-medium-python/3301-maximize-the-total-height-of-unique-towers
3001-4000-medium-python/3302-find-the-lexicographically-smallest-valid-sequence
3001-4000-hard-python/3303-find-the-occurrence-of-first-almost-equal-substring
3001-4000-easy-python/3304-find-the-k-th-character-in-string-game-i
3001-4000-medium-python/3305-count-of-substrings-containing-every-vowel-and-k-consonants-i
3001-4000-medium-python/3306-count-of-substrings-containing-every-vowel-and-k-consonants-ii
3001-4000-hard-python/3307-find-the-k-th-character-in-string-game-ii
3001-4000-locked-medium-sql/3308-find-top-performing-driver
3001-4000-medium-python/3309-maximum-possible-number-by-binary-concatenation
3001-4000-medium-python/3310-remove-methods-from-project
3001-4000-hard-python/3311-construct-2d-grid-matching-graph-layout
3001-4000-hard-python/3312-sorted-gcd-pair-queries
3001-4000-locked-hard-python/3313-find-the-last-marked-nodes-in-tree
3001-4000-easy-python/3314-construct-the-minimum-bitwise-array-i
3001-4000-medium-python/3315-construct-the-minimum-bitwise-array-ii
3001-4000-medium-python/3316-find-maximum-removals-from-source-string
3001-4000-hard-python/3317-find-the-number-of-possible-ways-for-an-event
3001-4000-easy-python/3318-find-x-sum-of-all-k-long-subarrays-i
3001-4000-medium-python/3319-k-th-largest-perfect-subtree-size-in-binary-tree
3001-4000-hard-python/3320-count-the-number-of-winning-sequences
3001-4000-hard-python/3321-find-x-sum-of-all-k-long-subarrays-ii
3001-4000-locked-medium-sql/3322-premier-league-table-ranking-iii
3001-4000-locked-medium-python/3323-minimize-connected-groups-by-inserting-interval
3001-4000-medium-python/3324-find-the-sequence-of-strings-appeared-on-the-screen
3001-4000-medium-python/3325-count-substrings-with-k-frequency-characters-i
3001-4000-medium-python/3326-minimum-division-operations-to-make-array-non-decreasing
3001-4000-hard-python/3327-check-if-dfs-strings-are-palindromes
3001-4000-locked-medium-sql/3328-find-cities-in-each-state-ii
3001-4000-locked-hard-python/3329-count-substrings-with-k-frequency-characters-ii
3001-4000-easy-python/3330-find-the-original-typed-string-i
3001-4000-medium-python/3331-find-subtree-sizes-after-changes
3001-4000-medium-python/3332-maximum-points-tourist-can-earn
3001-4000-hard-python/3333-find-the-original-typed-string-ii
3001-4000-medium-python/3334-find-the-maximum-factor-score-of-array
3001-4000-medium-python/3335-total-characters-in-string-after-transformations-i
3001-4000-hard-python/3336-find-the-number-of-subsequences-with-equal-gcd
3001-4000-hard-python/3337-total-characters-in-string-after-transformations-ii
3001-4000-locked-medium-sql/3338-second-highest-salary-ii
3001-4000-locked-medium-python/3339-find-the-number-of-k-even-arrays
3001-4000-easy-python/3340-check-balanced-string
3001-4000-medium-python/3341-find-minimum-time-to-reach-last-room-i
3001-4000-medium-python/3342-find-minimum-time-to-reach-last-room-ii
3001-4000-hard-python/3343-count-number-of-balanced-permutations
3001-4000-locked-medium-python/3344-maximum-sized-array
3001-4000-easy-python/3345-smallest-divisible-digit-product-i
3001-4000-medium-python/3346-maximum-frequency-of-an-element-after-performing-operations-i
3001-4000-hard-python/3347-maximum-frequency-of-an-element-after-performing-operations-ii
3001-4000-hard-python/3348-smallest-divisible-digit-product-ii
3001-4000-easy-python/3349-adjacent-increasing-subarrays-detection-i
3001-4000-medium-python/3350-adjacent-increasing-subarrays-detection-ii
3001-4000-hard-python/3351-sum-of-good-subsequences
3001-4000-hard-python/3352-count-k-reducible-numbers-less-than-n
3001-4000-locked-easy-python/3353-minimum-total-operations
3001-4000-easy-python/3354-make-array-elements-equal-to-zero
3001-4000-medium-python/3355-zero-array-transformation-i
3001-4000-medium-python/3356-zero-array-transformation-ii
3001-4000-hard-python/3357-minimize-the-maximum-adjacent-element-difference
3001-4000-locked-easy-sql/3358-books-with-null-ratings
3001-4000-locked-hard-python/3359-find-sorted-submatrices-with-maximum-element-at-most-k
3001-4000-easy-python/3360-stone-removal-game
3001-4000-medium-python/3361-shift-distance-between-two-strings
3001-4000-medium-python/3362-zero-array-transformation-iii
3001-4000-hard-python/3363-find-the-maximum-number-of-fruits-collected
3001-4000-easy-python/3364-minimum-positive-sum-subarray
3001-4000-medium-python/3365-rearrange-k-substrings-to-form-target-string
3001-4000-medium-python/3366-minimum-array-sum
3001-4000-hard-python/3367-maximize-sum-of-weights-after-edge-removals
3001-4000-locked-hard-sql/3368-first-letter-capitalization
3001-4000-locked-hard-python/3369-design-an-array-statistics-tracker
3001-4000-easy-python/3370-smallest-number-with-all-set-bits
3001-4000-medium-python/3371-identify-the-largest-outlier-in-an-array
3001-4000-medium-python/3372-maximize-the-number-of-target-nodes-after-connecting-trees-i
3001-4000-hard-python/3373-maximize-the-number-of-target-nodes-after-connecting-trees-ii
3001-4000-hard-sql/3374-first-letter-capitalization-ii
3001-4000-easy-python/3375-minimum-operations-to-make-array-values-equal-to-k
3001-4000-medium-python/3376-minimum-time-to-break-locks-i
3001-4000-medium-python/3377-digit-operations-to-make-two-integers-equal
3001-4000-hard-python/3378-count-connected-components-in-lcm-graph
3001-4000-easy-python/3379-transformed-array
3001-4000-medium-python/3380-maximum-area-rectangle-with-point-constraints-i
3001-4000-medium-python/3381-maximum-subarray-sum-with-length-divisible-by-k
3001-4000-hard-python/3382-maximum-area-rectangle-with-point-constraints-ii
3001-4000-locked-hard-python/3383-minimum-runes-to-add-to-cast-spell
3001-4000-locked-hard-sql/3384-team-dominance-by-pass-success
3001-4000-locked-hard-python/3385-minimum-time-to-break-locks-ii
3001-4000-easy-python/3386-button-with-longest-push-time
3001-4000-medium-python/3387-maximize-amount-after-two-days-of-conversions
3001-4000-medium-python/3388-count-beautiful-splits-in-an-array
3001-4000-hard-python/3389-minimum-operations-to-make-character-frequencies-equal
3001-4000-locked-hard-sql/3390-longest-team-pass-streak
3001-4000-locked-medium-python/3391-design-a-3d-binary-matrix-with-efficient-layer-tracking
3001-4000-easy-python/3392-count-subarrays-of-length-three-with-a-condition
3001-4000-medium-python/3393-count-paths-with-the-given-xor-value
3001-4000-medium-python/3394-check-if-grid-can-be-cut-into-sections
3001-4000-hard-python/3395-subsequences-with-a-unique-middle-mode-i
3001-4000-easy-python/3396-minimum-number-of-operations-to-make-elements-in-array-distinct
3001-4000-medium-python/3397-maximum-number-of-distinct-elements-after-operations
3001-4000-hard-python/3398-smallest-substring-with-identical-characters-i
3001-4000-hard-python/3399-smallest-substring-with-identical-characters-ii
3001-4000-locked-medium-python/3400-maximum-number-of-matching-indices-after-right-shifts
3001-4000-locked-hard-sql/3401-find-circular-gift-exchange-chains
3001-4000-easy-python/3402-minimum-operations-to-make-columns-strictly-increasing
3001-4000-medium-python/3403-find-the-lexicographically-largest-string-from-the-box-i
3001-4000-medium-python/3404-count-special-subsequences
3001-4000-hard-python/3405-count-the-number-of-arrays-with-k-matching-adjacent-elements
3001-4000-locked-hard-python/3406-find-the-lexicographically-largest-string-from-the-box-ii
3001-4000-easy-python/3407-substring-matching-pattern
3001-4000-medium-python/3408-design-task-manager
3001-4000-medium-python/3409-longest-subsequence-with-decreasing-adjacent-difference
3001-4000-hard-python/3410-maximize-subarray-sum-after-removing-all-occurrences-of-one-element
3001-4000-easy-python/3411-maximum-subarray-with-equal-products
3001-4000-medium-python/3412-find-mirror-score-of-a-string
3001-4000-medium-python/3413-maximum-coins-from-k-consecutive-bags
3001-4000-hard-python/3414-maximum-score-of-non-overlapping-intervals
3001-4000-locked-easy-sql/3415-find-products-with-three-consecutive-digits
3001-4000-locked-hard-python/3416-subsequences-with-a-unique-middle-mode-ii
3001-4000-easy-python/3417-zigzag-grid-traversal-with-skip
3001-4000-medium-python/3418-maximum-amount-of-money-robot-can-earn
3001-4000-medium-python/3419-minimize-the-maximum-edge-weight-of-graph
3001-4000-hard-python/3420-count-non-decreasing-subarrays-after-k-operations
3001-4000-medium-sql/3421-find-students-who-improved
3001-4000-locked-medium-python/3422-minimum-operations-to-make-subarray-elements-equal
3001-4000-easy-python/3423-maximum-difference-between-adjacent-elements-in-a-circular-array
3001-4000-medium-python/3424-minimum-cost-to-make-arrays-identical
3001-4000-hard-python/3425-longest-special-path
3001-4000-hard-python/3426-manhattan-distances-of-all-arrangements-of-pieces
3001-4000-easy-python/3427-sum-of-variable-length-subarrays
3001-4000-medium-python/3428-maximum-and-minimum-sums-of-at-most-size-k-subsequences
3001-4000-medium-python/3429-paint-house-iv
3001-4000-hard-python/3430-maximum-and-minimum-sums-of-at-most-size-k-subarrays
3001-4000-locked-medium-python/3431-minimum-unlocked-indices-to-sort-nums
3001-4000-easy-python/3432-count-partitions-with-even-sum-difference
3001-4000-medium-python/3433-count-mentions-per-user
3001-4000-medium-python/3434-maximum-frequency-after-subarray-operation
3001-4000-hard-python/3435-frequencies-of-shortest-supersequences
3001-4000-easy-sql/3436-find-valid-emails
3001-4000-locked-medium-python/3437-permutations-iii
3001-4000-easy-python/3438-find-valid-pair-of-adjacent-digits-in-string
3001-4000-medium-python/3439-reschedule-meetings-for-maximum-free-time-i
3001-4000-medium-python/3440-reschedule-meetings-for-maximum-free-time-ii
3001-4000-hard-python/3441-minimum-cost-good-caption
3001-4000-easy-python/3442-maximum-difference-between-even-and-odd-frequency-i
3001-4000-medium-python/3443-maximum-manhattan-distance-after-k-changes
3001-4000-hard-python/3444-minimum-increments-for-target-multiples-in-an-array
3001-4000-hard-python/3445-maximum-difference-between-even-and-odd-frequency-ii
3001-4000-medium-python/3446-sort-matrix-by-diagonals
3001-4000-medium-python/3447-assign-elements-to-groups-with-constraints
3001-4000-hard-python/3448-count-substrings-divisible-by-last-digit
3001-4000-hard-python/3449-maximize-the-minimum-game-score
3001-4000-locked-easy-python/3450-maximum-students-on-a-single-bench
3001-4000-hard-sql/3451-find-invalid-ip-addresses
3001-4000-easy-python/3452-sum-of-good-numbers
3001-4000-medium-python/3453-separate-squares-i
3001-4000-hard-python/3454-separate-squares-ii
3001-4000-hard-python/3455-shortest-matching-substring
3001-4000-easy-python/3456-find-special-substring-of-length-k
3001-4000-medium-python/3457-eat-pizzas
3001-4000-medium-python/3458-select-k-disjoint-special-substrings
3001-4000-hard-python/3459-length-of-longest-v-shaped-diagonal-segment
3001-4000-locked-medium-python/3460-longest-common-prefix-after-at-most-one-removal
3001-4000-easy-python/3461-check-if-digits-are-equal-in-string-after-operations-i
3001-4000-medium-python/3462-maximum-sum-with-at-most-k-elements
3001-4000-hard-python/3463-check-if-digits-are-equal-in-string-after-operations-ii
3001-4000-hard-python/3464-maximize-the-distance-between-points-on-a-square
3001-4000-easy-sql/3465-find-products-with-valid-serial-numbers
3001-4000-locked-medium-python/3466-maximum-coin-collection
3001-4000-easy-python/3467-transform-array-by-parity
3001-4000-medium-python/3468-find-the-number-of-copy-arrays
3001-4000-medium-python/3469-find-minimum-cost-to-remove-array-elements
3001-4000-hard-python/3470-permutations-iv
3001-4000-easy-python/3471-find-the-largest-almost-missing-integer
3001-4000-medium-python/3472-longest-palindromic-subsequence-after-at-most-k-operations
3001-4000-medium-python/3473-sum-of-k-subarrays-with-length-at-least-m
3001-4000-hard-python/3474-lexicographically-smallest-generated-string
3001-4000-medium-sql/3475-dna-pattern-recognition
3001-4000-locked-medium-python/3476-maximize-profit-from-task-assignment
3001-4000-easy-python/3477-fruits-into-baskets-ii
3001-4000-medium-python/3478-choose-k-elements-with-maximum-sum
3001-4000-medium-python/3479-fruits-into-baskets-iii
3001-4000-hard-python/3480-maximize-subarrays-after-removing-one-conflicting-pair
3001-4000-locked-medium-python/3481-apply-substitutions
3001-4000-hard-sql/3482-analyze-organization-hierarchy
3001-4000-easy-python/3483-unique-3-digit-even-numbers
3001-4000-medium-python/3484-design-spreadsheet
3001-4000-hard-python/3485-longest-common-prefix-of-k-strings-after-removal
3001-4000-hard-python/3486-longest-special-path-ii
3001-4000-easy-python/3487-maximum-unique-subarray-sum-after-deletion
3001-4000-medium-python/3488-closest-equal-element-queries
3001-4000-medium-python/3489-zero-array-transformation-iv
3001-4000-hard-python/3490-count-beautiful-numbers
3001-4000-locked-easy-python/3491-phone-number-prefix
3001-4000-easy-python/3492-maximum-containers-on-a-ship
3001-4000-medium-python/3493-properties-graph
3001-4000-medium-python/3494-find-the-minimum-amount-of-time-to-brew-potions
3001-4000-hard-python/3495-minimum-operations-to-make-array-elements-zero
3001-4000-locked-medium-python/3496-maximize-score-after-pair-deletions
3001-4000-medium-sql/3497-analyze-subscription-conversion
3001-4000-easy-python/3498-reverse-degree-of-a-string
3001-4000-medium-python/3499-maximize-active-section-with-trade-i
3001-4000-hard-python/3500-minimum-cost-to-divide-array-into-subarrays
3001-4000-hard-python/3501-maximize-active-section-with-trade-ii
3001-4000-easy-python/3502-minimum-cost-to-reach-every-position
3001-4000-medium-python/3503-longest-palindrome-after-substring-concatenation-i
3001-4000-hard-python/3504-longest-palindrome-after-substring-concatenation-ii
3001-4000-hard-python/3505-minimum-operations-to-make-elements-within-k-subarrays-equal
3001-4000-locked-hard-python/3506-find-time-required-to-eliminate-bacterial-strains
3001-4000-easy-python/3507-minimum-pair-removal-to-sort-array-i
3001-4000-medium-python/3508-implement-router
3001-4000-hard-python/3509-maximum-product-of-subsequences-with-an-alternating-sum-equal-to-k
3001-4000-hard-python/3510-minimum-pair-removal-to-sort-array-ii
3001-4000-locked-medium-python/3511-make-a-positive-array
3001-4000-easy-python/3512-minimum-operations-to-make-array-sum-divisible-by-k
3001-4000-medium-python/3513-number-of-unique-xor-triplets-i
3001-4000-medium-python/3514-number-of-unique-xor-triplets-ii
3001-4000-hard-python/3515-shortest-path-in-a-weighted-tree
3001-4000-easy-python/3516-find-closest-person
3001-4000-medium-python/3517-smallest-palindromic-rearrangement-i
3001-4000-hard-python/3518-smallest-palindromic-rearrangement-ii
3001-4000-hard-python/3519-count-numbers-with-non-decreasing-digits
3001-4000-locked-medium-python/3520-minimum-threshold-for-inversion-pairs-count
3001-4000-medium-sql/3521-find-product-recommendation-pairs
3001-4000-medium-python/3522-calculate-score-after-performing-instructions
3001-4000-medium-python/3523-make-array-non-decreasing
3001-4000-medium-python/3524-find-x-value-of-array-i
3001-4000-hard-python/3525-find-x-value-of-array-ii
3001-4000-locked-hard-python/3526-range-xor-queries-with-subarray-reversals
3001-4000-medium-python/3527-find-the-most-common-response
3001-4000-medium-python/3528-unit-conversion-i
3001-4000-medium-python/3529-count-cells-in-overlapping-horizontal-and-vertical-substrings
3001-4000-hard-python/3530-maximum-profit-from-valid-topological-order-in-dag
3001-4000-medium-python/3531-count-covered-buildings
3001-4000-medium-python/3532-path-existence-queries-in-a-graph-i
3001-4000-hard-python/3533-concatenated-divisibility
3001-4000-hard-python/3534-path-existence-queries-in-a-graph-ii
3001-4000-locked-medium-python/3535-unit-conversion-ii
3001-4000-easy-python/3536-maximum-product-of-two-digits
3001-4000-medium-python/3537-fill-a-special-grid
3001-4000-hard-python/3538-merge-operations-for-minimum-travel-time
3001-4000-hard-python/3539-find-sum-of-array-product-of-magical-sequences
3001-4000-locked-medium-python/3540-minimum-time-to-visit-all-houses
3001-4000-easy-python/3541-find-most-frequent-vowel-and-consonant
3001-4000-medium-python/3542-minimum-operations-to-convert-all-elements-to-zero
3001-4000-medium-python/3543-maximum-weighted-k-edge-path
3001-4000-hard-python/3544-subtree-inversion-sum
3001-4000-easy-python/3545-minimum-deletions-for-at-most-k-distinct-characters
3001-4000-medium-python/3546-equal-sum-grid-partition-i
3001-4000-hard-python/3547-maximum-sum-of-edge-values-in-a-graph
3001-4000-hard-python/3548-equal-sum-grid-partition-ii
3001-4000-locked-hard-python/3549-multiply-two-polynomials
3001-4000-easy-python/3550-smallest-index-with-digit-sum-equal-to-index
3001-4000-medium-python/3551-minimum-swaps-to-sort-by-digit-sum
3001-4000-medium-python/3552-grid-teleportation-traversal
3001-4000-hard-python/3553-minimum-weighted-subgraph-with-the-required-paths-ii
3001-4000-hard-sql/3554-find-category-recommendation-pairs
3001-4000-locked-medium-python/3555-smallest-subarray-to-sort-in-every-sliding-window
3001-4000-medium-python/3556-sum-of-largest-prime-substrings
3001-4000-medium-python/3557-find-maximum-number-of-non-intersecting-substrings
3001-4000-medium-python/3558-number-of-ways-to-assign-edge-weights-i
3001-4000-hard-python/3559-number-of-ways-to-assign-edge-weights-ii
3001-4000-easy-python/3560-find-minimum-log-transportation-cost
3001-4000-medium-python/3561-resulting-string-after-adjacent-removals
3001-4000-hard-python/3562-maximum-profit-from-trading-stocks-with-discounts
3001-4000-hard-python/3563-lexicographically-smallest-string-after-adjacent-removals
3001-4000-medium-sql/3564-seasonal-sales-analysis
3001-4000-locked-medium-python/3565-sequential-grid-path-cover
3001-4000-medium-python/3566-partition-array-into-two-equal-product-subsets
3001-4000-medium-python/3567-minimum-absolute-difference-in-sliding-submatrix
3001-4000-medium-python/3568-minimum-moves-to-clean-the-classroom
3001-4000-hard-python/3569-maximize-count-of-distinct-primes-after-split
3001-4000-easy-sql/3570-find-books-with-no-available-copies
3001-4000-locked-easy-python/3571-find-the-shortest-superstring-ii
3001-4000-medium-python/3572-maximize-ysum-by-picking-a-triplet-of-distinct-xvalues
3001-4000-medium-python/3573-best-time-to-buy-and-sell-stock-v
3001-4000-hard-python/3574-maximize-subarray-gcd-score
3001-4000-hard-python/3575-maximum-good-subtree-score
3001-4000-medium-python/3576-transform-array-to-all-equal-elements
3001-4000-medium-python/3577-count-the-number-of-computer-unlocking-permutations
3001-4000-medium-python/3578-count-partitions-with-max-min-difference-at-most-k
3001-4000-hard-python/3579-minimum-steps-to-convert-string-with-operations
3001-4000-medium-sql/3580-find-consistently-improving-employees
3001-4000-locked-easy-python/3581-count-odd-letters-from-number
3001-4000-easy-python/3582-generate-tag-for-video-caption
3001-4000-medium-python/3583-count-special-triplets
3001-4000-medium-python/3584-maximum-product-of-first-and-last-elements-of-a-subsequence
3001-4000-hard-python/3585-find-weighted-median-node-in-tree
3001-4000-medium-sql/3586-find-covid-recovery-patients
3001-4000-medium-python/3587-minimum-adjacent-swaps-to-alternate-parity
3001-4000-medium-python/3588-find-maximum-area-of-a-triangle
3001-4000-medium-python/3589-count-prime-gap-balanced-subarrays
3001-4000-hard-python/3590-kth-smallest-path-xor-sum
3001-4000-easy-python/3591-check-if-any-element-has-prime-frequency
3001-4000-medium-python/3592-inverse-coin-change
3001-4000-medium-python/3593-minimum-increments-to-equalize-leaf-paths
3001-4000-hard-python/3594-minimum-time-to-transport-all-individuals
3001-4000-locked-medium-python/3595-once-twice
3001-4000-locked-medium-python/3596-minimum-cost-path-with-alternating-directions-i
3001-4000-medium-python/3597-partition-string
3001-4000-medium-python/3598-longest-common-prefix-between-adjacent-strings-after-removals
3001-4000-medium-python/3599-partition-array-to-minimize-xor
3001-4000-hard-python/3600-maximize-spanning-tree-stability-with-upgrades
